Mplus VERSION 8.11 (Mac)
MUTHEN & MUTHEN
12/14/2024   3:54 AM

INPUT INSTRUCTIONS

  DATA:
  FILE = "scale_001_inv_02.dat";

  VARIABLE:
  NAMES = id_i id_j id_s ws id_k i01 i02 i03 i05;
   MISSING=.;

  STRATIFICATION = id_s;
  CLUSTER        = id_j;
  WEIGHT         = ws;
  IDVARIABLE     = id_i;


  USEVARIABLES =
  i01
  i02
  i03
  i05
  ;

  CATEGORICAL =
  i01
  i02
  i03
  i05
  ;
  GROUPING = id_k (
  11 = CHL
  18 = ENG
  );

  ANALYSIS:

  TYPE = COMPLEX;
  ESTIMATOR = WLSMV;

  MODEL:

  u01 by i01@1;
  u02 by i02@1;
  u03 by i03@1;
  u05 by i05@1;
  eta BY u01* (l01);
  eta BY u02* (l02);
  eta BY u03* (l03);
  eta BY u05* (l05);

  MODEL CHL:
  u01 by i01@1;
  u02 by i02@1;
  u03 by i03@1;
  u05 by i05@1;
  eta BY u01* (l01);
  eta BY u02* (l02);
  eta BY u03* (l03);
  eta BY u05* (l05);
  [ i01$1*]   (t01);
  [ i01$2*]   (t02);
  [ i01$3*]   (t03);
  [ i02$1*]   (t04);
  [ i02$2*]   (t05);
  [ i02$3*]   (t06);
  [ i03$1*]   (t07);
  [ i03$2*]   (t08);
  [ i03$3*]   (t09);
  [ i05$1*]   (t10);
  [ i05$2*]   (t11);
  [ i05$3*]   (t12);
  { i01@1 };
  { i02@1 };
  { i03@1 };
  { i05@1 };
  { i01@1 };
  { i02@1 };
  { i03@1 };
  { i05@1 };
  [u01@0];
  [u02@0];
  [u03@0];
  [u05@0];
  u01@0;
  u02@0;
  u03@0;
  u05@0;
  [eta@0];
  eta@1;
  MODEL ENG:
  u01 by i01@1;
  u02 by i02@1;
  u03 by i03@1;
  u05 by i05@1;
  eta BY u01* (l01);
  eta BY u02* (l02);
  eta BY u03* (l03);
  eta BY u05* (l05);
  [ i01$1*]   (t01);
  [ i01$2*]   (t02);
  [ i01$3*]   (t03);
  [ i02$1*]   (t04);
  [ i02$2*]   (t05);
  [ i02$3*]   (t06);
  [ i03$1*]   (t07);
  [ i03$2*]   (t08);
  [ i03$3*]   (t09);
  [ i05$1*]   (t10);
  [ i05$2*]   (t11);
  [ i05$3*]   (t12);
  { i01* };
  { i02* };
  { i03* };
  { i05* };
  [u01*];
  [u02*];
  [u03*];
  [u05*];
  u01@0;
  u02@0;
  u03@0;
  u05@0;
  [eta@0];
  eta*;

  OUTPUT:

  STANDARDIZED
  SAMPSTAT
  PATTERNS
  CINTERVAL
  RESIDUAL
  SVALUES
  ;

  SAVEDATA:

  FILE = scale_001_inv_01_scores.dat;
  SAVE = FSCORES;

  PLOT:

  TYPE = PLOT2;




*** WARNING
  Data set contains cases with missing on all variables.
  These cases were not included in the analysis.
  Number of cases with missing on all variables:  248
   1 WARNING(S) FOUND IN THE INPUT INSTRUCTIONS




SUMMARY OF ANALYSIS

Number of groups                                                 2
Number of observations
   Group CHL                                                  4042
   Group ENG                                                  3190
   Total sample size                                          7232

Number of dependent variables                                    4
Number of independent variables                                  0
Number of continuous latent variables                            5

Observed dependent variables

  Binary and ordered categorical (ordinal)
   I01         I02         I03         I05

Continuous latent variables
   U01         U02         U03         U05         ETA

Variables with special functions

  Grouping variable     ID_K
  Stratification        ID_S
  Cluster variable      ID_J
  Weight variable       WS
  ID variable           ID_I

Estimator                                                    WLSMV
Maximum number of iterations                                  1000
Convergence criterion                                    0.500D-04
Maximum number of steepest descent iterations                   20
Maximum number of iterations for H1                           2000
Convergence criterion for H1                             0.100D-03
Parameterization                                             DELTA
Link                                                        PROBIT

Input data file(s)
  scale_001_inv_02.dat

Input data format  FREE


SUMMARY OF DATA

   Total number of strata                      143
   Total number of clusters                    295

   Group CHL
     Number of missing data patterns            10
     Number of strata                           75
     Number of clusters                        164

   Group ENG
     Number of missing data patterns            12
     Number of strata                           68
     Number of clusters                        131


SUMMARY OF MISSING DATA PATTERNS


     MISSING DATA PATTERNS FOR CHL (x = not missing)

           1  2  3  4  5  6  7  8  9 10
 I01       x  x  x  x  x  x  x
 I02       x  x  x              x
 I03       x  x     x  x        x  x
 I05       x     x  x     x     x  x  x


     MISSING DATA PATTERN FREQUENCIES FOR CHL

    Pattern   Frequency     Pattern   Frequency     Pattern   Frequency
          1        3980           5           1           9           2
          2           9           6           2          10           1
          3          28           7           4
          4          11           8           4


     MISSING DATA PATTERNS FOR ENG (x = not missing)

           1  2  3  4  5  6  7  8  9 10 11 12
 I01       x  x  x  x  x  x  x
 I02       x  x  x  x           x  x
 I03       x  x        x        x     x  x
 I05       x     x     x  x     x     x     x


     MISSING DATA PATTERN FREQUENCIES FOR ENG

    Pattern   Frequency     Pattern   Frequency     Pattern   Frequency
          1        3086           5          10           9           1
          2          15           6           5          10           1
          3          54           7           4          11           2
          4           3           8           7          12           2


COVARIANCE COVERAGE OF DATA

Minimum covariance coverage value   0.100


     PROPORTION OF DATA PRESENT FOR CHL


           Covariance Coverage
              I01           I02           I03           I05
              ________      ________      ________      ________
 I01            0.998
 I02            0.994         0.995
 I03            0.990         0.988         0.991
 I05            0.995         0.993         0.989         0.997


     PROPORTION OF DATA PRESENT FOR ENG


           Covariance Coverage
              I01           I02           I03           I05
              ________      ________      ________      ________
 I01            0.996
 I02            0.990         0.992
 I03            0.975         0.974         0.978
 I05            0.989         0.987         0.973         0.992


UNIVARIATE PROPORTIONS AND COUNTS FOR CATEGORICAL VARIABLES

  Group CHL
    I01
      Category 1    0.064          257.721
      Category 2    0.146          589.180
      Category 3    0.556         2244.824
      Category 4    0.234          942.782
    I02
      Category 1    0.028          111.148
      Category 2    0.118          473.899
      Category 3    0.524         2107.595
      Category 4    0.330         1327.907
    I03
      Category 1    0.037          148.337
      Category 2    0.114          457.915
      Category 3    0.436         1743.293
      Category 4    0.413         1652.762
    I05
      Category 1    0.052          210.555
      Category 2    0.123          495.497
      Category 3    0.424         1705.791
      Category 4    0.401         1613.992

  Group ENG
    I01
      Category 1    0.116          367.994
      Category 2    0.195          619.456
      Category 3    0.500         1586.428
      Category 4    0.189          600.812
    I02
      Category 1    0.044          138.285
      Category 2    0.120          378.401
      Category 3    0.418         1323.846
      Category 4    0.419         1325.550
    I03
      Category 1    0.067          209.885
      Category 2    0.148          461.712
      Category 3    0.419         1305.380
      Category 4    0.366         1142.024
    I05
      Category 1    0.067          210.709
      Category 2    0.131          413.526
      Category 3    0.451         1426.965
      Category 4    0.352         1116.150


SAMPLE STATISTICS


     ESTIMATED SAMPLE STATISTICS FOR CHL


           MEANS/INTERCEPTS/THRESHOLDS
              I01$1         I01$2         I01$3         I02$1         I02$2
              ________      ________      ________      ________      ________
               -1.523        -0.807         0.727        -1.917        -1.056


           MEANS/INTERCEPTS/THRESHOLDS
              I02$3         I03$1         I03$2         I03$3         I05$1
              ________      ________      ________      ________      ________
                0.439        -1.786        -1.030         0.220        -1.623


           MEANS/INTERCEPTS/THRESHOLDS
              I05$2         I05$3
              ________      ________
               -0.933         0.251


           CORRELATION MATRIX (WITH VARIANCES ON THE DIAGONAL)
              I01           I02           I03           I05
              ________      ________      ________      ________
 I01
 I02            0.569
 I03            0.562         0.676
 I05            0.574         0.596         0.670


     ESTIMATED SAMPLE STATISTICS FOR ENG


           MEANS/INTERCEPTS/THRESHOLDS
              I01$1         I01$2         I01$3         I02$1         I02$2
              ________      ________      ________      ________      ________
               -1.196        -0.493         0.881        -1.710        -0.981


           MEANS/INTERCEPTS/THRESHOLDS
              I02$3         I03$1         I03$2         I03$3         I05$1
              ________      ________      ________      ________      ________
                0.205        -1.496        -0.788         0.342        -1.502


           MEANS/INTERCEPTS/THRESHOLDS
              I05$2         I05$3
              ________      ________
               -0.852         0.379


           CORRELATION MATRIX (WITH VARIANCES ON THE DIAGONAL)
              I01           I02           I03           I05
              ________      ________      ________      ________
 I01
 I02            0.539
 I03            0.597         0.627
 I05            0.611         0.601         0.649


     WARNING:  THE VARIANCE CONTRIBUTION FROM A STRATUM WITH A SINGLE CLUSTER
     (PSU) IS BASED ON THE DIFFERENCE BETWEEN THE SINGLE CLUSTER VALUE AND
     THE OVERALL CLUSTER MEAN.


THE MODEL ESTIMATION TERMINATED NORMALLY
     THE MODEL COVARIANCE MATRIX IS NOT POSITIVE DEFINITE.
     FACTOR SCORES WILL NOT BE COMPUTED. CHECK YOUR MODEL.



MODEL FIT INFORMATION

Number of Free Parameters                       25

Chi-Square Test of Model Fit

          Value                             40.662*
          Degrees of Freedom                    11
          P-Value                           0.0000

Chi-Square Contribution From Each Group

          CHL                               25.983
          ENG                               14.680

*   The chi-square value for MLM, MLMV, MLR, ULSMV, WLSM and WLSMV cannot be used
    for chi-square difference testing in the regular way.  MLM, MLR and WLSM
    chi-square difference testing is described on the Mplus website.  MLMV, WLSMV,
    and ULSMV difference testing is done using the DIFFTEST option.

RMSEA (Root Mean Square Error Of Approximation)

          Estimate                           0.027
          90 Percent C.I.                    0.019  0.037
          Probability RMSEA <= .05           1.000

CFI/TLI

          CFI                                0.998
          TLI                                0.998

Chi-Square Test of Model Fit for the Baseline Model

          Value                          14948.929
          Degrees of Freedom                    12
          P-Value                           0.0000

SRMR (Standardized Root Mean Square Residual)

          Value                              0.011

Optimum Function Value for Weighted Least-Squares Estimator

          Value                     0.14553864D-02



MODEL RESULTS

                                                    Two-Tailed
                    Estimate       S.E.  Est./S.E.    P-Value

Group CHL

 U01      BY
    I01                1.000      0.000    999.000    999.000

 U02      BY
    I02                1.000      0.000    999.000    999.000

 U03      BY
    I03                1.000      0.000    999.000    999.000

 U05      BY
    I05                1.000      0.000    999.000    999.000

 ETA      BY
    U01                0.714      0.011     66.930      0.000
    U02                0.794      0.009     88.412      0.000
    U03                0.842      0.009     90.722      0.000
    U05                0.778      0.011     73.989      0.000

 Means
    ETA                0.000      0.000    999.000    999.000

 Intercepts
    U01                0.000      0.000    999.000    999.000
    U02                0.000      0.000    999.000    999.000
    U03                0.000      0.000    999.000    999.000
    U05                0.000      0.000    999.000    999.000

 Thresholds
    I01$1             -1.525      0.035    -43.401      0.000
    I01$2             -0.795      0.027    -28.931      0.000
    I01$3              0.715      0.030     24.107      0.000
    I02$1             -1.896      0.047    -40.564      0.000
    I02$2             -1.033      0.035    -29.925      0.000
    I02$3              0.420      0.029     14.421      0.000
    I03$1             -1.803      0.037    -48.877      0.000
    I03$2             -1.029      0.030    -34.339      0.000
    I03$3              0.230      0.030      7.760      0.000
    I05$1             -1.635      0.037    -44.176      0.000
    I05$2             -0.951      0.034    -28.031      0.000
    I05$3              0.278      0.033      8.352      0.000

 Variances
    ETA                1.000      0.000    999.000    999.000

 Residual Variances
    U01                0.000      0.000    999.000    999.000
    U02                0.000      0.000    999.000    999.000
    U03                0.000      0.000    999.000    999.000
    U05                0.000      0.000    999.000    999.000

 Scales
    I01                1.000      0.000    999.000    999.000
    I02                1.000      0.000    999.000    999.000
    I03                1.000      0.000    999.000    999.000
    I05                1.000      0.000    999.000    999.000

Group ENG

 U01      BY
    I01                1.000      0.000    999.000    999.000

 U02      BY
    I02                1.000      0.000    999.000    999.000

 U03      BY
    I03                1.000      0.000    999.000    999.000

 U05      BY
    I05                1.000      0.000    999.000    999.000

 ETA      BY
    U01                0.714      0.011     66.930      0.000
    U02                0.794      0.009     88.412      0.000
    U03                0.842      0.009     90.722      0.000
    U05                0.778      0.011     73.989      0.000

 Means
    ETA                0.000      0.000    999.000    999.000

 Intercepts
    U01               -0.246      0.041     -5.976      0.000
    U02                0.150      0.046      3.253      0.001
    U03               -0.139      0.044     -3.180      0.001
    U05               -0.081      0.046     -1.747      0.081

 Thresholds
    I01$1             -1.525      0.035    -43.401      0.000
    I01$2             -0.795      0.027    -28.931      0.000
    I01$3              0.715      0.030     24.107      0.000
    I02$1             -1.896      0.047    -40.564      0.000
    I02$2             -1.033      0.035    -29.925      0.000
    I02$3              0.420      0.029     14.421      0.000
    I03$1             -1.803      0.037    -48.877      0.000
    I03$2             -1.029      0.030    -34.339      0.000
    I03$3              0.230      0.030      7.760      0.000
    I05$1             -1.635      0.037    -44.176      0.000
    I05$2             -0.951      0.034    -28.031      0.000
    I05$3              0.278      0.033      8.352      0.000

 Variances
    ETA                1.205      0.073     16.508      0.000

 Residual Variances
    U01                0.000      0.000    999.000    999.000
    U02                0.000      0.000    999.000    999.000
    U03                0.000      0.000    999.000    999.000
    U05                0.000      0.000    999.000    999.000

 Scales
    I01                0.933      0.020     46.690      0.000
    I02                0.849      0.022     38.654      0.000
    I03                0.887      0.021     42.078      0.000
    I05                0.956      0.024     40.045      0.000


QUALITY OF NUMERICAL RESULTS

     Condition Number for the Information Matrix              0.507E-02
       (ratio of smallest to largest eigenvalue)


STANDARDIZED MODEL RESULTS


STDYX Standardization

                                                    Two-Tailed
                    Estimate       S.E.  Est./S.E.    P-Value

Group CHL

 U01      BY
    I01                0.714      0.011     66.930      0.000

 U02      BY
    I02                0.794      0.009     88.412      0.000

 U03      BY
    I03                0.842      0.009     90.722      0.000

 U05      BY
    I05                0.778      0.011     73.989      0.000

 ETA      BY
    U01                1.000      0.000    999.000    999.000
    U02                1.000      0.000    999.000    999.000
    U03                1.000      0.000    999.000    999.000
    U05                1.000      0.000    999.000    999.000

 Means
    ETA                0.000      0.000    999.000    999.000

 Intercepts
    U01                0.000      0.000    999.000    999.000
    U02                0.000      0.000    999.000    999.000
    U03                0.000      0.000    999.000    999.000
    U05                0.000      0.000    999.000    999.000

 Thresholds
    I01$1             -1.525      0.035    -43.401      0.000
    I01$2             -0.795      0.027    -28.931      0.000
    I01$3              0.715      0.030     24.107      0.000
    I02$1             -1.896      0.047    -40.564      0.000
    I02$2             -1.033      0.035    -29.925      0.000
    I02$3              0.420      0.029     14.421      0.000
    I03$1             -1.803      0.037    -48.877      0.000
    I03$2             -1.029      0.030    -34.339      0.000
    I03$3              0.230      0.030      7.760      0.000
    I05$1             -1.635      0.037    -44.176      0.000
    I05$2             -0.951      0.034    -28.031      0.000
    I05$3              0.278      0.033      8.352      0.000

 Variances
    ETA                1.000      0.000    999.000    999.000

 Residual Variances
    U01                0.000    999.000    999.000    999.000
    U02                0.000    999.000    999.000    999.000
    U03                0.000    999.000    999.000    999.000
    U05                0.000    999.000    999.000    999.000

 Scales
    I01                1.000      0.000      0.000      1.000
    I02                1.000      0.000      0.000      1.000
    I03                1.000      0.000      0.000      1.000
    I05                1.000      0.000      0.000      1.000

Group ENG

 U01      BY
    I01                0.731      0.011     65.969      0.000

 U02      BY
    I02                0.740      0.012     60.419      0.000

 U03      BY
    I03                0.820      0.012     66.393      0.000

 U05      BY
    I05                0.816      0.010     78.681      0.000

 ETA      BY
    U01                1.000      0.000    999.000    999.000
    U02                1.000      0.000    999.000    999.000
    U03                1.000      0.000    999.000    999.000
    U05                1.000      0.000    999.000    999.000

 Means
    ETA                0.000      0.000    999.000    999.000

 Intercepts
    U01               -0.314      0.054     -5.862      0.000
    U02                0.173      0.052      3.297      0.001
    U03               -0.151      0.048     -3.128      0.002
    U05               -0.095      0.055     -1.732      0.083

 Thresholds
    I01$1             -1.423      0.037    -38.912      0.000
    I01$2             -0.742      0.028    -26.921      0.000
    I01$3              0.667      0.026     25.954      0.000
    I02$1             -1.611      0.048    -33.525      0.000
    I02$2             -0.877      0.034    -26.174      0.000
    I02$3              0.357      0.024     14.754      0.000
    I03$1             -1.600      0.038    -41.704      0.000
    I03$2             -0.913      0.031    -29.174      0.000
    I03$3              0.204      0.026      7.878      0.000
    I05$1             -1.562      0.043    -36.413      0.000
    I05$2             -0.908      0.035    -25.839      0.000
    I05$3              0.266      0.032      8.384      0.000

 Variances
    ETA                1.000      0.000    999.000    999.000

 Residual Variances
    U01                0.000    999.000    999.000    999.000
    U02                0.000    999.000    999.000    999.000
    U03                0.000    999.000    999.000    999.000
    U05                0.000    999.000    999.000    999.000

 Scales
    I01                1.000      0.000      0.000      1.000
    I02                1.000      0.000      0.000      1.000
    I03                1.000      0.000      0.000      1.000
    I05                1.000      0.000      0.000      1.000


STDY Standardization

                                                    Two-Tailed
                    Estimate       S.E.  Est./S.E.    P-Value

Group CHL

 U01      BY
    I01                0.714      0.011     66.930      0.000

 U02      BY
    I02                0.794      0.009     88.412      0.000

 U03      BY
    I03                0.842      0.009     90.722      0.000

 U05      BY
    I05                0.778      0.011     73.989      0.000

 ETA      BY
    U01                1.000      0.000    999.000    999.000
    U02                1.000      0.000    999.000    999.000
    U03                1.000      0.000    999.000    999.000
    U05                1.000      0.000    999.000    999.000

 Means
    ETA                0.000      0.000    999.000    999.000

 Intercepts
    U01                0.000      0.000    999.000    999.000
    U02                0.000      0.000    999.000    999.000
    U03                0.000      0.000    999.000    999.000
    U05                0.000      0.000    999.000    999.000

 Thresholds
    I01$1             -1.525      0.035    -43.401      0.000
    I01$2             -0.795      0.027    -28.931      0.000
    I01$3              0.715      0.030     24.107      0.000
    I02$1             -1.896      0.047    -40.564      0.000
    I02$2             -1.033      0.035    -29.925      0.000
    I02$3              0.420      0.029     14.421      0.000
    I03$1             -1.803      0.037    -48.877      0.000
    I03$2             -1.029      0.030    -34.339      0.000
    I03$3              0.230      0.030      7.760      0.000
    I05$1             -1.635      0.037    -44.176      0.000
    I05$2             -0.951      0.034    -28.031      0.000
    I05$3              0.278      0.033      8.352      0.000

 Variances
    ETA                1.000      0.000    999.000    999.000

 Residual Variances
    U01              999.000    999.000    999.000    999.000
    U02              999.000    999.000    999.000    999.000
    U03              999.000    999.000    999.000    999.000
    U05              999.000    999.000    999.000    999.000

 Scales
    I01                1.000      0.000      0.000      1.000
    I02                1.000      0.000      0.000      1.000
    I03                1.000      0.000      0.000      1.000
    I05                1.000      0.000      0.000      1.000

Group ENG

 U01      BY
    I01                0.731      0.011     65.969      0.000

 U02      BY
    I02                0.740      0.012     60.419      0.000

 U03      BY
    I03                0.820      0.012     66.393      0.000

 U05      BY
    I05                0.816      0.010     78.681      0.000

 ETA      BY
    U01                1.000      0.000    999.000    999.000
    U02                1.000      0.000    999.000    999.000
    U03                1.000      0.000    999.000    999.000
    U05                1.000      0.000    999.000    999.000

 Means
    ETA                0.000      0.000    999.000    999.000

 Intercepts
    U01               -0.314      0.054     -5.862      0.000
    U02                0.173      0.052      3.297      0.001
    U03               -0.151      0.048     -3.128      0.002
    U05               -0.095      0.055     -1.732      0.083

 Thresholds
    I01$1             -1.423      0.037    -38.912      0.000
    I01$2             -0.742      0.028    -26.921      0.000
    I01$3              0.667      0.026     25.954      0.000
    I02$1             -1.611      0.048    -33.525      0.000
    I02$2             -0.877      0.034    -26.174      0.000
    I02$3              0.357      0.024     14.754      0.000
    I03$1             -1.600      0.038    -41.704      0.000
    I03$2             -0.913      0.031    -29.174      0.000
    I03$3              0.204      0.026      7.878      0.000
    I05$1             -1.562      0.043    -36.413      0.000
    I05$2             -0.908      0.035    -25.839      0.000
    I05$3              0.266      0.032      8.384      0.000

 Variances
    ETA                1.000      0.000    999.000    999.000

 Residual Variances
    U01              999.000    999.000    999.000    999.000
    U02              999.000    999.000    999.000    999.000
    U03              999.000    999.000    999.000    999.000
    U05              999.000    999.000    999.000    999.000

 Scales
    I01                1.000      0.000      0.000      1.000
    I02                1.000      0.000      0.000      1.000
    I03                1.000      0.000      0.000      1.000
    I05                1.000      0.000      0.000      1.000


STD Standardization

                                                    Two-Tailed
                    Estimate       S.E.  Est./S.E.    P-Value

Group CHL

 U01      BY
    I01                0.714      0.011     66.930      0.000

 U02      BY
    I02                0.794      0.009     88.412      0.000

 U03      BY
    I03                0.842      0.009     90.722      0.000

 U05      BY
    I05                0.778      0.011     73.989      0.000

 ETA      BY
    U01                1.000      0.000    999.000    999.000
    U02                1.000      0.000    999.000    999.000
    U03                1.000      0.000    999.000    999.000
    U05                1.000      0.000    999.000    999.000

 Means
    ETA                0.000      0.000    999.000    999.000

 Intercepts
    U01                0.000      0.000    999.000    999.000
    U02                0.000      0.000    999.000    999.000
    U03                0.000      0.000    999.000    999.000
    U05                0.000      0.000    999.000    999.000

 Thresholds
    I01$1             -1.525      0.035    -43.401      0.000
    I01$2             -0.795      0.027    -28.931      0.000
    I01$3              0.715      0.030     24.107      0.000
    I02$1             -1.896      0.047    -40.564      0.000
    I02$2             -1.033      0.035    -29.925      0.000
    I02$3              0.420      0.029     14.421      0.000
    I03$1             -1.803      0.037    -48.877      0.000
    I03$2             -1.029      0.030    -34.339      0.000
    I03$3              0.230      0.030      7.760      0.000
    I05$1             -1.635      0.037    -44.176      0.000
    I05$2             -0.951      0.034    -28.031      0.000
    I05$3              0.278      0.033      8.352      0.000

 Variances
    ETA                1.000      0.000    999.000    999.000

 Residual Variances
    U01              999.000    999.000    999.000    999.000
    U02              999.000    999.000    999.000    999.000
    U03              999.000    999.000    999.000    999.000
    U05              999.000    999.000    999.000    999.000

 Scales
    I01                1.000      0.000    999.000    999.000
    I02                1.000      0.000    999.000    999.000
    I03                1.000      0.000    999.000    999.000
    I05                1.000      0.000    999.000    999.000

Group ENG

 U01      BY
    I01                0.784      0.022     35.640      0.000

 U02      BY
    I02                0.871      0.026     33.736      0.000

 U03      BY
    I03                0.925      0.026     35.336      0.000

 U05      BY
    I05                0.854      0.026     33.379      0.000

 ETA      BY
    U01                1.000      0.000    999.000    999.000
    U02                1.000      0.000    999.000    999.000
    U03                1.000      0.000    999.000    999.000
    U05                1.000      0.000    999.000    999.000

 Means
    ETA                0.000      0.000    999.000    999.000

 Intercepts
    U01               -0.314      0.054     -5.862      0.000
    U02                0.173      0.052      3.297      0.001
    U03               -0.151      0.048     -3.128      0.002
    U05               -0.095      0.055     -1.732      0.083

 Thresholds
    I01$1             -1.525      0.035    -43.401      0.000
    I01$2             -0.795      0.027    -28.931      0.000
    I01$3              0.715      0.030     24.107      0.000
    I02$1             -1.896      0.047    -40.564      0.000
    I02$2             -1.033      0.035    -29.925      0.000
    I02$3              0.420      0.029     14.421      0.000
    I03$1             -1.803      0.037    -48.877      0.000
    I03$2             -1.029      0.030    -34.339      0.000
    I03$3              0.230      0.030      7.760      0.000
    I05$1             -1.635      0.037    -44.176      0.000
    I05$2             -0.951      0.034    -28.031      0.000
    I05$3              0.278      0.033      8.352      0.000

 Variances
    ETA                1.000      0.000    999.000    999.000

 Residual Variances
    U01              999.000    999.000    999.000    999.000
    U02              999.000    999.000    999.000    999.000
    U03              999.000    999.000    999.000    999.000
    U05              999.000    999.000    999.000    999.000

 Scales
    I01                0.933      0.020     46.690      0.000
    I02                0.849      0.022     38.654      0.000
    I03                0.887      0.021     42.078      0.000
    I05                0.956      0.024     40.045      0.000


R-SQUARE

Group CHL

    Observed                                        Two-Tailed   Residual
    Variable        Estimate       S.E.  Est./S.E.    P-Value    Variance

    I01                0.510      0.015     33.465      0.000      0.490
    I02                0.630      0.014     44.206      0.000      0.370
    I03                0.710      0.016     45.361      0.000      0.290
    I05                0.605      0.016     36.995      0.000      0.395

     Latent                                         Two-Tailed
    Variable        Estimate       S.E.  Est./S.E.    P-Value

    U01                1.000    999.000    999.000    999.000
    U02                1.000    999.000    999.000    999.000
    U03                1.000    999.000    999.000    999.000
    U05                1.000    999.000    999.000    999.000

Group ENG

    Observed                                        Two-Tailed   Residual
    Variable        Estimate       S.E.  Est./S.E.    P-Value    Variance

    I01                0.535      0.016     32.984      0.000      0.534
    I02                0.548      0.018     30.210      0.000      0.627
    I03                0.673      0.020     33.196      0.000      0.415
    I05                0.665      0.017     39.341      0.000      0.367

     Latent                                         Two-Tailed
    Variable        Estimate       S.E.  Est./S.E.    P-Value

    U01                1.000    999.000    999.000    999.000
    U02                1.000    999.000    999.000    999.000
    U03                1.000    999.000    999.000    999.000
    U05                1.000    999.000    999.000    999.000


CONFIDENCE INTERVALS OF MODEL RESULTS

                  Lower .5%  Lower 2.5%    Lower 5%    Estimate    Upper 5%  Upper 2.5%   Upper .5%

Group CHL

 U01      BY
    I01              1.000       1.000       1.000       1.000       1.000       1.000       1.000

 U02      BY
    I02              1.000       1.000       1.000       1.000       1.000       1.000       1.000

 U03      BY
    I03              1.000       1.000       1.000       1.000       1.000       1.000       1.000

 U05      BY
    I05              1.000       1.000       1.000       1.000       1.000       1.000       1.000

 ETA      BY
    U01              0.687       0.693       0.697       0.714       0.732       0.735       0.742
    U02              0.771       0.776       0.779       0.794       0.809       0.811       0.817
    U03              0.818       0.824       0.827       0.842       0.858       0.861       0.866
    U05              0.751       0.757       0.760       0.778       0.795       0.798       0.805

 Means
    ETA              0.000       0.000       0.000       0.000       0.000       0.000       0.000

 Intercepts
    U01              0.000       0.000       0.000       0.000       0.000       0.000       0.000
    U02              0.000       0.000       0.000       0.000       0.000       0.000       0.000
    U03              0.000       0.000       0.000       0.000       0.000       0.000       0.000
    U05              0.000       0.000       0.000       0.000       0.000       0.000       0.000

 Thresholds
    I01$1           -1.616      -1.594      -1.583      -1.525      -1.468      -1.456      -1.435
    I01$2           -0.866      -0.849      -0.840      -0.795      -0.750      -0.741      -0.724
    I01$3            0.639       0.657       0.666       0.715       0.764       0.773       0.791
    I02$1           -2.017      -1.988      -1.973      -1.896      -1.819      -1.805      -1.776
    I02$2           -1.122      -1.101      -1.090      -1.033      -0.976      -0.965      -0.944
    I02$3            0.345       0.363       0.372       0.420       0.468       0.477       0.495
    I03$1           -1.898      -1.876      -1.864      -1.803      -1.743      -1.731      -1.708
    I03$2           -1.106      -1.088      -1.078      -1.029      -0.980      -0.970      -0.952
    I03$3            0.154       0.172       0.182       0.230       0.279       0.289       0.307
    I05$1           -1.731      -1.708      -1.696      -1.635      -1.574      -1.563      -1.540
    I05$2           -1.038      -1.017      -1.006      -0.951      -0.895      -0.884      -0.863
    I05$3            0.192       0.213       0.223       0.278       0.333       0.343       0.364

 Variances
    ETA              1.000       1.000       1.000       1.000       1.000       1.000       1.000

 Residual Variances
    U01              0.000       0.000       0.000       0.000       0.000       0.000       0.000
    U02              0.000       0.000       0.000       0.000       0.000       0.000       0.000
    U03              0.000       0.000       0.000       0.000       0.000       0.000       0.000
    U05              0.000       0.000       0.000       0.000       0.000       0.000       0.000

 Scales
    I01              1.000       1.000       1.000       1.000       1.000       1.000       1.000
    I02              1.000       1.000       1.000       1.000       1.000       1.000       1.000
    I03              1.000       1.000       1.000       1.000       1.000       1.000       1.000
    I05              1.000       1.000       1.000       1.000       1.000       1.000       1.000

Group ENG

 U01      BY
    I01              1.000       1.000       1.000       1.000       1.000       1.000       1.000

 U02      BY
    I02              1.000       1.000       1.000       1.000       1.000       1.000       1.000

 U03      BY
    I03              1.000       1.000       1.000       1.000       1.000       1.000       1.000

 U05      BY
    I05              1.000       1.000       1.000       1.000       1.000       1.000       1.000

 ETA      BY
    U01              0.687       0.693       0.697       0.714       0.732       0.735       0.742
    U02              0.771       0.776       0.779       0.794       0.809       0.811       0.817
    U03              0.818       0.824       0.827       0.842       0.858       0.861       0.866
    U05              0.751       0.757       0.760       0.778       0.795       0.798       0.805

 Means
    ETA              0.000       0.000       0.000       0.000       0.000       0.000       0.000

 Intercepts
    U01             -0.352      -0.327      -0.314      -0.246      -0.178      -0.165      -0.140
    U02              0.031       0.060       0.074       0.150       0.226       0.241       0.269
    U03             -0.252      -0.225      -0.211      -0.139      -0.067      -0.053      -0.026
    U05             -0.201      -0.172      -0.158      -0.081      -0.005       0.010       0.039

 Thresholds
    I01$1           -1.616      -1.594      -1.583      -1.525      -1.468      -1.456      -1.435
    I01$2           -0.866      -0.849      -0.840      -0.795      -0.750      -0.741      -0.724
    I01$3            0.639       0.657       0.666       0.715       0.764       0.773       0.791
    I02$1           -2.017      -1.988      -1.973      -1.896      -1.819      -1.805      -1.776
    I02$2           -1.122      -1.101      -1.090      -1.033      -0.976      -0.965      -0.944
    I02$3            0.345       0.363       0.372       0.420       0.468       0.477       0.495
    I03$1           -1.898      -1.876      -1.864      -1.803      -1.743      -1.731      -1.708
    I03$2           -1.106      -1.088      -1.078      -1.029      -0.980      -0.970      -0.952
    I03$3            0.154       0.172       0.182       0.230       0.279       0.289       0.307
    I05$1           -1.731      -1.708      -1.696      -1.635      -1.574      -1.563      -1.540
    I05$2           -1.038      -1.017      -1.006      -0.951      -0.895      -0.884      -0.863
    I05$3            0.192       0.213       0.223       0.278       0.333       0.343       0.364

 Variances
    ETA              1.017       1.062       1.085       1.205       1.325       1.348       1.393

 Residual Variances
    U01              0.000       0.000       0.000       0.000       0.000       0.000       0.000
    U02              0.000       0.000       0.000       0.000       0.000       0.000       0.000
    U03              0.000       0.000       0.000       0.000       0.000       0.000       0.000
    U05              0.000       0.000       0.000       0.000       0.000       0.000       0.000

 Scales
    I01              0.881       0.894       0.900       0.933       0.966       0.972       0.984
    I02              0.793       0.806       0.813       0.849       0.885       0.892       0.906
    I03              0.833       0.846       0.853       0.887       0.922       0.929       0.942
    I05              0.894       0.909       0.916       0.956       0.995       1.002       1.017


CONFIDENCE INTERVALS OF STANDARDIZED MODEL RESULTS


STDYX Standardization

                  Lower .5%  Lower 2.5%    Lower 5%    Estimate    Upper 5%  Upper 2.5%   Upper .5%

Group CHL

 U01      BY
    I01              0.687       0.693       0.697       0.714       0.732       0.735       0.742

 U02      BY
    I02              0.771       0.776       0.779       0.794       0.809       0.811       0.817

 U03      BY
    I03              0.818       0.824       0.827       0.842       0.858       0.861       0.866

 U05      BY
    I05              0.751       0.757       0.760       0.778       0.795       0.798       0.805

 ETA      BY
    U01              1.000       1.000       1.000       1.000       1.000       1.000       1.000
    U02              1.000       1.000       1.000       1.000       1.000       1.000       1.000
    U03              1.000       1.000       1.000       1.000       1.000       1.000       1.000
    U05              1.000       1.000       1.000       1.000       1.000       1.000       1.000

 Means
    ETA              0.000       0.000       0.000       0.000       0.000       0.000       0.000

 Intercepts
    U01              0.000       0.000       0.000       0.000       0.000       0.000       0.000
    U02              0.000       0.000       0.000       0.000       0.000       0.000       0.000
    U03              0.000       0.000       0.000       0.000       0.000       0.000       0.000
    U05              0.000       0.000       0.000       0.000       0.000       0.000       0.000

 Thresholds
    I01$1           -1.616      -1.594      -1.583      -1.525      -1.468      -1.456      -1.435
    I01$2           -0.866      -0.849      -0.840      -0.795      -0.750      -0.741      -0.724
    I01$3            0.639       0.657       0.666       0.715       0.764       0.773       0.791
    I02$1           -2.017      -1.988      -1.973      -1.896      -1.819      -1.805      -1.776
    I02$2           -1.122      -1.101      -1.090      -1.033      -0.976      -0.965      -0.944
    I02$3            0.345       0.363       0.372       0.420       0.468       0.477       0.495
    I03$1           -1.898      -1.876      -1.864      -1.803      -1.743      -1.731      -1.708
    I03$2           -1.106      -1.088      -1.078      -1.029      -0.980      -0.970      -0.952
    I03$3            0.154       0.172       0.182       0.230       0.279       0.289       0.307
    I05$1           -1.731      -1.708      -1.696      -1.635      -1.574      -1.563      -1.540
    I05$2           -1.038      -1.017      -1.006      -0.951      -0.895      -0.884      -0.863
    I05$3            0.192       0.213       0.223       0.278       0.333       0.343       0.364

 Variances
    ETA              1.000       1.000       1.000       1.000       1.000       1.000       1.000

 Residual Variances
    U01            999.000     999.000     999.000       0.000     999.000     999.000     999.000
    U02            999.000     999.000     999.000       0.000     999.000     999.000     999.000
    U03            999.000     999.000     999.000       0.000     999.000     999.000     999.000
    U05            999.000     999.000     999.000       0.000     999.000     999.000     999.000

 Scales
    I01              1.000       1.000       1.000       1.000       1.000       1.000       1.000
    I02              1.000       1.000       1.000       1.000       1.000       1.000       1.000
    I03              1.000       1.000       1.000       1.000       1.000       1.000       1.000
    I05              1.000       1.000       1.000       1.000       1.000       1.000       1.000

Group ENG

 U01      BY
    I01              0.703       0.710       0.713       0.731       0.750       0.753       0.760

 U02      BY
    I02              0.709       0.716       0.720       0.740       0.760       0.764       0.772

 U03      BY
    I03              0.789       0.796       0.800       0.820       0.841       0.845       0.852

 U05      BY
    I05              0.789       0.795       0.799       0.816       0.833       0.836       0.842

 ETA      BY
    U01              1.000       1.000       1.000       1.000       1.000       1.000       1.000
    U02              1.000       1.000       1.000       1.000       1.000       1.000       1.000
    U03              1.000       1.000       1.000       1.000       1.000       1.000       1.000
    U05              1.000       1.000       1.000       1.000       1.000       1.000       1.000

 Means
    ETA              0.000       0.000       0.000       0.000       0.000       0.000       0.000

 Intercepts
    U01             -0.452      -0.419      -0.402      -0.314      -0.226      -0.209      -0.176
    U02              0.038       0.070       0.086       0.173       0.259       0.275       0.307
    U03             -0.275      -0.245      -0.230      -0.151      -0.071      -0.056      -0.027
    U05             -0.237      -0.203      -0.186      -0.095      -0.005       0.013       0.046

 Thresholds
    I01$1           -1.517      -1.495      -1.483      -1.423      -1.363      -1.351      -1.329
    I01$2           -0.813      -0.796      -0.787      -0.742      -0.696      -0.688      -0.671
    I01$3            0.601       0.617       0.625       0.667       0.709       0.717       0.733
    I02$1           -1.734      -1.705      -1.690      -1.611      -1.532      -1.516      -1.487
    I02$2           -0.964      -0.943      -0.933      -0.877      -0.822      -0.812      -0.791
    I02$3            0.294       0.309       0.317       0.357       0.396       0.404       0.419
    I03$1           -1.699      -1.675      -1.663      -1.600      -1.537      -1.525      -1.501
    I03$2           -0.994      -0.974      -0.964      -0.913      -0.861      -0.852      -0.832
    I03$3            0.138       0.154       0.162       0.204       0.247       0.255       0.271
    I05$1           -1.673      -1.647      -1.633      -1.562      -1.492      -1.478      -1.452
    I05$2           -0.999      -0.977      -0.966      -0.908      -0.850      -0.839      -0.818
    I05$3            0.184       0.204       0.214       0.266       0.318       0.328       0.347

 Variances
    ETA              1.000       1.000       1.000       1.000       1.000       1.000       1.000

 Residual Variances
    U01            999.000     999.000     999.000       0.000     999.000     999.000     999.000
    U02            999.000     999.000     999.000       0.000     999.000     999.000     999.000
    U03            999.000     999.000     999.000       0.000     999.000     999.000     999.000
    U05            999.000     999.000     999.000       0.000     999.000     999.000     999.000

 Scales
    I01              1.000       1.000       1.000       1.000       1.000       1.000       1.000
    I02              1.000       1.000       1.000       1.000       1.000       1.000       1.000
    I03              1.000       1.000       1.000       1.000       1.000       1.000       1.000
    I05              1.000       1.000       1.000       1.000       1.000       1.000       1.000


STDY Standardization

                  Lower .5%  Lower 2.5%    Lower 5%    Estimate    Upper 5%  Upper 2.5%   Upper .5%

Group CHL

 U01      BY
    I01              0.687       0.693       0.697       0.714       0.732       0.735       0.742

 U02      BY
    I02              0.771       0.776       0.779       0.794       0.809       0.811       0.817

 U03      BY
    I03              0.818       0.824       0.827       0.842       0.858       0.861       0.866

 U05      BY
    I05              0.751       0.757       0.760       0.778       0.795       0.798       0.805

 ETA      BY
    U01              1.000       1.000       1.000       1.000       1.000       1.000       1.000
    U02              1.000       1.000       1.000       1.000       1.000       1.000       1.000
    U03              1.000       1.000       1.000       1.000       1.000       1.000       1.000
    U05              1.000       1.000       1.000       1.000       1.000       1.000       1.000

 Means
    ETA              0.000       0.000       0.000       0.000       0.000       0.000       0.000

 Intercepts
    U01              0.000       0.000       0.000       0.000       0.000       0.000       0.000
    U02              0.000       0.000       0.000       0.000       0.000       0.000       0.000
    U03              0.000       0.000       0.000       0.000       0.000       0.000       0.000
    U05              0.000       0.000       0.000       0.000       0.000       0.000       0.000

 Thresholds
    I01$1           -1.616      -1.594      -1.583      -1.525      -1.468      -1.456      -1.435
    I01$2           -0.866      -0.849      -0.840      -0.795      -0.750      -0.741      -0.724
    I01$3            0.639       0.657       0.666       0.715       0.764       0.773       0.791
    I02$1           -2.017      -1.988      -1.973      -1.896      -1.819      -1.805      -1.776
    I02$2           -1.122      -1.101      -1.090      -1.033      -0.976      -0.965      -0.944
    I02$3            0.345       0.363       0.372       0.420       0.468       0.477       0.495
    I03$1           -1.898      -1.876      -1.864      -1.803      -1.743      -1.731      -1.708
    I03$2           -1.106      -1.088      -1.078      -1.029      -0.980      -0.970      -0.952
    I03$3            0.154       0.172       0.182       0.230       0.279       0.289       0.307
    I05$1           -1.731      -1.708      -1.696      -1.635      -1.574      -1.563      -1.540
    I05$2           -1.038      -1.017      -1.006      -0.951      -0.895      -0.884      -0.863
    I05$3            0.192       0.213       0.223       0.278       0.333       0.343       0.364

 Variances
    ETA              1.000       1.000       1.000       1.000       1.000       1.000       1.000

 Residual Variances
    U01            999.000     999.000     999.000     999.000     999.000     999.000     999.000
    U02            999.000     999.000     999.000     999.000     999.000     999.000     999.000
    U03            999.000     999.000     999.000     999.000     999.000     999.000     999.000
    U05            999.000     999.000     999.000     999.000     999.000     999.000     999.000

 Scales
    I01              1.000       1.000       1.000       1.000       1.000       1.000       1.000
    I02              1.000       1.000       1.000       1.000       1.000       1.000       1.000
    I03              1.000       1.000       1.000       1.000       1.000       1.000       1.000
    I05              1.000       1.000       1.000       1.000       1.000       1.000       1.000

Group ENG

 U01      BY
    I01              0.703       0.710       0.713       0.731       0.750       0.753       0.760

 U02      BY
    I02              0.709       0.716       0.720       0.740       0.760       0.764       0.772

 U03      BY
    I03              0.789       0.796       0.800       0.820       0.841       0.845       0.852

 U05      BY
    I05              0.789       0.795       0.799       0.816       0.833       0.836       0.842

 ETA      BY
    U01              1.000       1.000       1.000       1.000       1.000       1.000       1.000
    U02              1.000       1.000       1.000       1.000       1.000       1.000       1.000
    U03              1.000       1.000       1.000       1.000       1.000       1.000       1.000
    U05              1.000       1.000       1.000       1.000       1.000       1.000       1.000

 Means
    ETA              0.000       0.000       0.000       0.000       0.000       0.000       0.000

 Intercepts
    U01             -0.452      -0.419      -0.402      -0.314      -0.226      -0.209      -0.176
    U02              0.038       0.070       0.086       0.173       0.259       0.275       0.307
    U03             -0.275      -0.245      -0.230      -0.151      -0.071      -0.056      -0.027
    U05             -0.237      -0.203      -0.186      -0.095      -0.005       0.013       0.046

 Thresholds
    I01$1           -1.517      -1.495      -1.483      -1.423      -1.363      -1.351      -1.329
    I01$2           -0.813      -0.796      -0.787      -0.742      -0.696      -0.688      -0.671
    I01$3            0.601       0.617       0.625       0.667       0.709       0.717       0.733
    I02$1           -1.734      -1.705      -1.690      -1.611      -1.532      -1.516      -1.487
    I02$2           -0.964      -0.943      -0.933      -0.877      -0.822      -0.812      -0.791
    I02$3            0.294       0.309       0.317       0.357       0.396       0.404       0.419
    I03$1           -1.699      -1.675      -1.663      -1.600      -1.537      -1.525      -1.501
    I03$2           -0.994      -0.974      -0.964      -0.913      -0.861      -0.852      -0.832
    I03$3            0.138       0.154       0.162       0.204       0.247       0.255       0.271
    I05$1           -1.673      -1.647      -1.633      -1.562      -1.492      -1.478      -1.452
    I05$2           -0.999      -0.977      -0.966      -0.908      -0.850      -0.839      -0.818
    I05$3            0.184       0.204       0.214       0.266       0.318       0.328       0.347

 Variances
    ETA              1.000       1.000       1.000       1.000       1.000       1.000       1.000

 Residual Variances
    U01            999.000     999.000     999.000     999.000     999.000     999.000     999.000
    U02            999.000     999.000     999.000     999.000     999.000     999.000     999.000
    U03            999.000     999.000     999.000     999.000     999.000     999.000     999.000
    U05            999.000     999.000     999.000     999.000     999.000     999.000     999.000

 Scales
    I01              1.000       1.000       1.000       1.000       1.000       1.000       1.000
    I02              1.000       1.000       1.000       1.000       1.000       1.000       1.000
    I03              1.000       1.000       1.000       1.000       1.000       1.000       1.000
    I05              1.000       1.000       1.000       1.000       1.000       1.000       1.000


STD Standardization

                  Lower .5%  Lower 2.5%    Lower 5%    Estimate    Upper 5%  Upper 2.5%   Upper .5%

Group CHL

 U01      BY
    I01              0.687       0.693       0.697       0.714       0.732       0.735       0.742

 U02      BY
    I02              0.771       0.776       0.779       0.794       0.809       0.811       0.817

 U03      BY
    I03              0.818       0.824       0.827       0.842       0.858       0.861       0.866

 U05      BY
    I05              0.751       0.757       0.760       0.778       0.795       0.798       0.805

 ETA      BY
    U01              1.000       1.000       1.000       1.000       1.000       1.000       1.000
    U02              1.000       1.000       1.000       1.000       1.000       1.000       1.000
    U03              1.000       1.000       1.000       1.000       1.000       1.000       1.000
    U05              1.000       1.000       1.000       1.000       1.000       1.000       1.000

 Means
    ETA              0.000       0.000       0.000       0.000       0.000       0.000       0.000

 Intercepts
    U01              0.000       0.000       0.000       0.000       0.000       0.000       0.000
    U02              0.000       0.000       0.000       0.000       0.000       0.000       0.000
    U03              0.000       0.000       0.000       0.000       0.000       0.000       0.000
    U05              0.000       0.000       0.000       0.000       0.000       0.000       0.000

 Thresholds
    I01$1           -1.616      -1.594      -1.583      -1.525      -1.468      -1.456      -1.435
    I01$2           -0.866      -0.849      -0.840      -0.795      -0.750      -0.741      -0.724
    I01$3            0.639       0.657       0.666       0.715       0.764       0.773       0.791
    I02$1           -2.017      -1.988      -1.973      -1.896      -1.819      -1.805      -1.776
    I02$2           -1.122      -1.101      -1.090      -1.033      -0.976      -0.965      -0.944
    I02$3            0.345       0.363       0.372       0.420       0.468       0.477       0.495
    I03$1           -1.898      -1.876      -1.864      -1.803      -1.743      -1.731      -1.708
    I03$2           -1.106      -1.088      -1.078      -1.029      -0.980      -0.970      -0.952
    I03$3            0.154       0.172       0.182       0.230       0.279       0.289       0.307
    I05$1           -1.731      -1.708      -1.696      -1.635      -1.574      -1.563      -1.540
    I05$2           -1.038      -1.017      -1.006      -0.951      -0.895      -0.884      -0.863
    I05$3            0.192       0.213       0.223       0.278       0.333       0.343       0.364

 Variances
    ETA              1.000       1.000       1.000       1.000       1.000       1.000       1.000

 Residual Variances
    U01            999.000     999.000     999.000     999.000     999.000     999.000     999.000
    U02            999.000     999.000     999.000     999.000     999.000     999.000     999.000
    U03            999.000     999.000     999.000     999.000     999.000     999.000     999.000
    U05            999.000     999.000     999.000     999.000     999.000     999.000     999.000

 Scales
    I01              1.000       1.000       1.000       1.000       1.000       1.000       1.000
    I02              1.000       1.000       1.000       1.000       1.000       1.000       1.000
    I03              1.000       1.000       1.000       1.000       1.000       1.000       1.000
    I05              1.000       1.000       1.000       1.000       1.000       1.000       1.000

Group ENG

 U01      BY
    I01              0.727       0.741       0.748       0.784       0.820       0.827       0.841

 U02      BY
    I02              0.805       0.821       0.829       0.871       0.914       0.922       0.938

 U03      BY
    I03              0.857       0.873       0.882       0.925       0.968       0.976       0.992

 U05      BY
    I05              0.788       0.804       0.812       0.854       0.896       0.904       0.920

 ETA      BY
    U01              1.000       1.000       1.000       1.000       1.000       1.000       1.000
    U02              1.000       1.000       1.000       1.000       1.000       1.000       1.000
    U03              1.000       1.000       1.000       1.000       1.000       1.000       1.000
    U05              1.000       1.000       1.000       1.000       1.000       1.000       1.000

 Means
    ETA              0.000       0.000       0.000       0.000       0.000       0.000       0.000

 Intercepts
    U01             -0.452      -0.419      -0.402      -0.314      -0.226      -0.209      -0.176
    U02              0.038       0.070       0.086       0.173       0.259       0.275       0.307
    U03             -0.275      -0.245      -0.230      -0.151      -0.071      -0.056      -0.027
    U05             -0.237      -0.203      -0.186      -0.095      -0.005       0.013       0.046

 Thresholds
    I01$1           -1.616      -1.594      -1.583      -1.525      -1.468      -1.456      -1.435
    I01$2           -0.866      -0.849      -0.840      -0.795      -0.750      -0.741      -0.724
    I01$3            0.639       0.657       0.666       0.715       0.764       0.773       0.791
    I02$1           -2.017      -1.988      -1.973      -1.896      -1.819      -1.805      -1.776
    I02$2           -1.122      -1.101      -1.090      -1.033      -0.976      -0.965      -0.944
    I02$3            0.345       0.363       0.372       0.420       0.468       0.477       0.495
    I03$1           -1.898      -1.876      -1.864      -1.803      -1.743      -1.731      -1.708
    I03$2           -1.106      -1.088      -1.078      -1.029      -0.980      -0.970      -0.952
    I03$3            0.154       0.172       0.182       0.230       0.279       0.289       0.307
    I05$1           -1.731      -1.708      -1.696      -1.635      -1.574      -1.563      -1.540
    I05$2           -1.038      -1.017      -1.006      -0.951      -0.895      -0.884      -0.863
    I05$3            0.192       0.213       0.223       0.278       0.333       0.343       0.364

 Variances
    ETA              1.000       1.000       1.000       1.000       1.000       1.000       1.000

 Residual Variances
    U01            999.000     999.000     999.000     999.000     999.000     999.000     999.000
    U02            999.000     999.000     999.000     999.000     999.000     999.000     999.000
    U03            999.000     999.000     999.000     999.000     999.000     999.000     999.000
    U05            999.000     999.000     999.000     999.000     999.000     999.000     999.000

 Scales
    I01              0.881       0.894       0.900       0.933       0.966       0.972       0.984
    I02              0.793       0.806       0.813       0.849       0.885       0.892       0.906
    I03              0.833       0.846       0.853       0.887       0.922       0.929       0.942
    I05              0.894       0.909       0.916       0.956       0.995       1.002       1.017


MODEL COMMAND WITH FINAL ESTIMATES USED AS STARTING VALUES

     u01 BY i01;
     u02 BY i02;
     u03 BY i03;
     u05 BY i05;
     eta BY u01;
     eta BY u02;
     eta BY u03;
     eta BY u05;

  MODEL CHL:

     u01 BY i01@1;
     u02 BY i02@1;
     u03 BY i03@1;
     u05 BY i05@1;

     eta BY u01*0.71434 (l01);
     eta BY u02*0.79384 (l02);
     eta BY u03*0.84238 (l03);
     eta BY u05*0.77776 (l05);

     [ u01@0 ];
     [ u02@0 ];
     [ u03@0 ];
     [ u05@0 ];
     [ eta@0 ];

     [ i01$1*-1.52532 ] (t01);
     [ i01$2*-0.79487 ] (t02);
     [ i01$3*0.71493 ] (t03);
     [ i02$1*-1.89635 ] (t04);
     [ i02$2*-1.03301 ] (t05);
     [ i02$3*0.41984 ] (t06);
     [ i03$1*-1.80342 ] (t07);
     [ i03$2*-1.02893 ] (t08);
     [ i03$3*0.23041 ] (t09);
     [ i05$1*-1.63524 ] (t10);
     [ i05$2*-0.95058 ] (t11);
     [ i05$3*0.27803 ] (t12);

     u01@0;
     u02@0;
     u03@0;
     u05@0;
     eta@1;

     { i01@1 };
     { i02@1 };
     { i03@1 };
     { i05@1 };

  MODEL ENG:

     u01 BY i01@1;
     u02 BY i02@1;
     u03 BY i03@1;
     u05 BY i05@1;

     eta BY u01*0.71434 (l01);
     eta BY u02*0.79384 (l02);
     eta BY u03*0.84238 (l03);
     eta BY u05*0.77776 (l05);

     [ u01*-0.24614 ];
     [ u02*0.15034 ];
     [ u03*-0.13925 ];
     [ u05*-0.08123 ];
     [ eta@0 ];

     [ i01$1*-1.52532 ] (t01);
     [ i01$2*-0.79487 ] (t02);
     [ i01$3*0.71493 ] (t03);
     [ i02$1*-1.89635 ] (t04);
     [ i02$2*-1.03301 ] (t05);
     [ i02$3*0.41984 ] (t06);
     [ i03$1*-1.80342 ] (t07);
     [ i03$2*-1.02893 ] (t08);
     [ i03$3*0.23041 ] (t09);
     [ i05$1*-1.63524 ] (t10);
     [ i05$2*-0.95058 ] (t11);
     [ i05$3*0.27803 ] (t12);

     u01@0;
     u02@0;
     u03@0;
     u05@0;
     eta*1.20471;

     { i01*0.93292 };
     { i02@0.84935 };
     { i03@0.88729 };
     { i05@0.95551 };



RESIDUAL OUTPUT


     ESTIMATED MODEL AND RESIDUALS (OBSERVED - ESTIMATED) FOR CHL


           Model Estimated Means/Intercepts/Thresholds
              I01$1         I01$2         I01$3         I02$1         I02$2
              ________      ________      ________      ________      ________
               -1.525        -0.795         0.715        -1.896        -1.033


           Model Estimated Means/Intercepts/Thresholds
              I02$3         I03$1         I03$2         I03$3         I05$1
              ________      ________      ________      ________      ________
                0.420        -1.803        -1.029         0.230        -1.635


           Model Estimated Means/Intercepts/Thresholds
              I05$2         I05$3
              ________      ________
               -0.951         0.278


           Residuals for Means/Intercepts/Thresholds
              I01$1         I01$2         I01$3         I02$1         I02$2
              ________      ________      ________      ________      ________
                0.002        -0.012         0.012        -0.020        -0.023


           Residuals for Means/Intercepts/Thresholds
              I02$3         I03$1         I03$2         I03$3         I05$1
              ________      ________      ________      ________      ________
                0.019         0.018        -0.001        -0.010         0.012


           Residuals for Means/Intercepts/Thresholds
              I05$2         I05$3
              ________      ________
                0.017        -0.027


           Model Estimated Covariances/Correlations/Residual Correlations
              I01           I02           I03           I05
              ________      ________      ________      ________
 I01
 I02            0.567
 I03            0.602         0.669
 I05            0.556         0.617         0.655


           Residuals for Covariances/Correlations/Residual Correlations
              I01           I02           I03           I05
              ________      ________      ________      ________
 I01
 I02            0.002
 I03           -0.039         0.008
 I05            0.018        -0.022         0.015


     ESTIMATED MODEL AND RESIDUALS (OBSERVED - ESTIMATED) FOR ENG


           Model Estimated Means/Intercepts/Thresholds
              I01$1         I01$2         I01$3         I02$1         I02$2
              ________      ________      ________      ________      ________
               -1.193        -0.512         0.897        -1.738        -1.005


           Model Estimated Means/Intercepts/Thresholds
              I02$3         I03$1         I03$2         I03$3         I05$1
              ________      ________      ________      ________      ________
                0.229        -1.477        -0.789         0.328        -1.485


           Model Estimated Means/Intercepts/Thresholds
              I05$2         I05$3
              ________      ________
               -0.831         0.343


           Residuals for Means/Intercepts/Thresholds
              I01$1         I01$2         I01$3         I02$1         I02$2
              ________      ________      ________      ________      ________
               -0.002         0.019        -0.016         0.029         0.024


           Residuals for Means/Intercepts/Thresholds
              I02$3         I03$1         I03$2         I03$3         I05$1
              ________      ________      ________      ________      ________
               -0.024        -0.020         0.001         0.014        -0.017


           Residuals for Means/Intercepts/Thresholds
              I05$2         I05$3
              ________      ________
               -0.021         0.036


           Model Estimated Covariances/Correlations/Residual Correlations
              I01           I02           I03           I05
              ________      ________      ________      ________
 I01
 I02            0.541
 I03            0.600         0.607
 I05            0.597         0.604         0.669


           Residuals for Covariances/Correlations/Residual Correlations
              I01           I02           I03           I05
              ________      ________      ________      ________
 I01
 I02           -0.002
 I03           -0.003         0.020
 I05            0.014        -0.002        -0.020


SAVEDATA INFORMATION

     Factor scores were not computed.
     No data were saved.


PLOT INFORMATION

The following plots are available:

  Sample proportions and estimated probabilities
  Item characteristic curves
  Information curves
  Measurement parameter plots

     Beginning Time:  03:54:41
        Ending Time:  03:54:41
       Elapsed Time:  00:00:00



MUTHEN & MUTHEN
3463 Stoner Ave.
Los Angeles, CA  90066

Tel: (310) 391-9971
Fax: (310) 391-8971
Web: www.StatModel.com
Support: Support@StatModel.com

Copyright (c) 1998-2024 Muthen & Muthen
