Mplus VERSION 8.11 (Mac)
MUTHEN & MUTHEN
12/14/2024   3:50 AM

INPUT INSTRUCTIONS

  DATA:
  FILE = "scale_001_align.dat";

  VARIABLE:
  NAMES = id_k id_i id_j id_s ws i01 i02 i03 i05;
   MISSING=.;

  STRATIFICATION = id_s;
  CLUSTER        = id_j;
  WEIGHT         = ws;
  IDVARIABLE     = id_i;


  USEVARIABLES =
  i01
  i02
  i03
  i05
  ;

  CATEGORICAL =
  i01
  i02
  i03
  i05
  ;

  GROUPING = id_k (

  11 = 1 !CHL
  18 = 2 !ENG

  );

  ANALYSIS:

  TYPE = COMPLEX;
  ESTIMATOR = WLSMV;
  ALIGNMENT = FIXED(*);
  PROCESSORS = 4;

  MODEL:
   eta by i01;
  eta by i02;
  eta by i03;
  eta by i05;

  OUTPUT:

  STANDARDIZED
  CINTERVAL
  TECH8
  ALIGN
  SVALUES
  ;

  SAVEDATA:

  RANKINGS = scale_001_align_ranking.dat;
  H5RESULTS = scale_001_align_results.H5;




*** WARNING in OUTPUT command
  TECH8 option is available only with analysis types MIXTURE, RANDOM, or
  TWOLEVEL with estimators ML, MLF, or MLR or ALGORITHM=INTEGRATION.
  Request for TECH8 is ignored.
*** WARNING
  Data set contains cases with missing on all variables.
  These cases were not included in the analysis.
  Number of cases with missing on all variables:  248
   2 WARNING(S) FOUND IN THE INPUT INSTRUCTIONS




SUMMARY OF ANALYSIS

Number of groups                                                 2
Number of observations
   Group 1                                                    4042
   Group 2                                                    3190
   Total sample size                                          7232

Number of dependent variables                                    4
Number of independent variables                                  0
Number of continuous latent variables                            1

Observed dependent variables

  Binary and ordered categorical (ordinal)
   I01         I02         I03         I05

Continuous latent variables
   ETA

Variables with special functions

  Grouping variable     ID_K
  Stratification        ID_S
  Cluster variable      ID_J
  Weight variable       WS
  ID variable           ID_I

Estimator                                                    WLSMV
Maximum number of iterations                                  1000
Convergence criterion                                    0.500D-04
Maximum number of steepest descent iterations                   20
Maximum number of iterations for H1                           2000
Convergence criterion for H1                             0.100D-03
Parameterization                                             DELTA
Link                                                        PROBIT
Specifications for Alignment Analysis
  Factor mean for reference group                            FIXED
  Simplicity function                                         SQRT
  Factor variance metric                           Reference group
  Reference group                                                *
  Tolerance value                                        0.100D-01
  Number of random starts                                       30
  Maximum number of iterations                                5000
  Convergence criteration                                0.100D-02

Input data file(s)
  scale_001_align.dat

Input data format  FREE


SUMMARY OF DATA

   Total number of strata                      143
   Total number of clusters                    295

   Group 1
     Number of missing data patterns            10
     Number of strata                           75
     Number of clusters                        164

   Group 2
     Number of missing data patterns            12
     Number of strata                           68
     Number of clusters                        131


COVARIANCE COVERAGE OF DATA

Minimum covariance coverage value   0.100


     PROPORTION OF DATA PRESENT FOR 1


           Covariance Coverage
              I01           I02           I03           I05
              ________      ________      ________      ________
 I01            0.998
 I02            0.994         0.995
 I03            0.990         0.988         0.991
 I05            0.995         0.993         0.989         0.997


     PROPORTION OF DATA PRESENT FOR 2


           Covariance Coverage
              I01           I02           I03           I05
              ________      ________      ________      ________
 I01            0.996
 I02            0.990         0.992
 I03            0.975         0.974         0.978
 I05            0.989         0.987         0.973         0.992


UNIVARIATE PROPORTIONS AND COUNTS FOR CATEGORICAL VARIABLES

  Group 1
    I01
      Category 1    0.064          257.721
      Category 2    0.146          589.180
      Category 3    0.556         2244.824
      Category 4    0.234          942.782
    I02
      Category 1    0.028          111.148
      Category 2    0.118          473.899
      Category 3    0.524         2107.595
      Category 4    0.330         1327.907
    I03
      Category 1    0.037          148.337
      Category 2    0.114          457.915
      Category 3    0.436         1743.293
      Category 4    0.413         1652.762
    I05
      Category 1    0.052          210.555
      Category 2    0.123          495.497
      Category 3    0.424         1705.791
      Category 4    0.401         1613.992

  Group 2
    I01
      Category 1    0.116          367.994
      Category 2    0.195          619.456
      Category 3    0.500         1586.428
      Category 4    0.189          600.812
    I02
      Category 1    0.044          138.285
      Category 2    0.120          378.401
      Category 3    0.418         1323.846
      Category 4    0.419         1325.550
    I03
      Category 1    0.067          209.885
      Category 2    0.148          461.712
      Category 3    0.419         1305.380
      Category 4    0.366         1142.024
    I05
      Category 1    0.067          210.709
      Category 2    0.131          413.526
      Category 3    0.451         1426.965
      Category 4    0.352         1116.150



     WARNING:  THE VARIANCE CONTRIBUTION FROM A STRATUM WITH A SINGLE CLUSTER
     (PSU) IS BASED ON THE DIFFERENCE BETWEEN THE SINGLE CLUSTER VALUE AND
     THE OVERALL CLUSTER MEAN.


THE MODEL ESTIMATION TERMINATED NORMALLY



MODEL FIT INFORMATION

Number of Free Parameters                       32

Chi-Square Test of Model Fit

          Value                             31.785*
          Degrees of Freedom                     4
          P-Value                           0.0000

Chi-Square Contribution From Each Group

          1                                 24.362
          2                                  7.423

*   The chi-square value for MLM, MLMV, MLR, ULSMV, WLSM and WLSMV cannot be used
    for chi-square difference testing in the regular way.  MLM, MLR and WLSM
    chi-square difference testing is described on the Mplus website.  MLMV, WLSMV,
    and ULSMV difference testing is done using the DIFFTEST option.

RMSEA (Root Mean Square Error Of Approximation)

          Estimate                           0.044
          90 Percent C.I.                    0.030  0.059
          Probability RMSEA <= .05           0.737

CFI/TLI

          CFI                                0.998
          TLI                                0.994

Chi-Square Test of Model Fit for the Baseline Model

          Value                          14948.929
          Degrees of Freedom                    12
          P-Value                           0.0000

SRMR (Standardized Root Mean Square Residual)

          Value                              0.009

Optimum Function Value for Weighted Least-Squares Estimator

          Value                     0.92489709D-03



MODEL RESULTS

                                                    Two-Tailed
                    Estimate       S.E.  Est./S.E.    P-Value

Group 1

 ETA      BY
    I01                0.711      0.012     60.992      0.000
    I02                0.787      0.010     77.299      0.000
    I03                0.846      0.011     77.784      0.000
    I05                0.784      0.011     69.505      0.000

 Means
    ETA                0.000      0.000    999.000    999.000

 Thresholds
    I01$1             -1.523      0.040    -38.316      0.000
    I01$2             -0.807      0.029    -28.125      0.000
    I01$3              0.727      0.030     24.207      0.000
    I02$1             -1.917      0.053    -36.006      0.000
    I02$2             -1.056      0.041    -25.699      0.000
    I02$3              0.439      0.031     14.279      0.000
    I03$1             -1.786      0.040    -44.346      0.000
    I03$2             -1.030      0.032    -32.044      0.000
    I03$3              0.220      0.033      6.728      0.000
    I05$1             -1.623      0.037    -43.503      0.000
    I05$2             -0.933      0.036    -26.231      0.000
    I05$3              0.251      0.035      7.265      0.000

 Variances
    ETA                1.000      0.000    999.000    999.000

Group 2

 ETA      BY
    I01                0.740      0.011     67.806      0.000
    I02                0.753      0.013     59.190      0.000
    I03                0.820      0.013     64.634      0.000
    I05                0.811      0.011     72.468      0.000

 Means
    ETA               -0.203      0.050     -4.021      0.000

 Thresholds
    I01$1             -1.346      0.038    -35.079      0.000
    I01$2             -0.643      0.037    -17.342      0.000
    I01$3              0.731      0.032     22.639      0.000
    I02$1             -1.862      0.056    -33.147      0.000
    I02$2             -1.134      0.036    -31.076      0.000
    I02$3              0.053      0.036      1.445      0.148
    I03$1             -1.663      0.042    -39.718      0.000
    I03$2             -0.954      0.041    -23.347      0.000
    I03$3              0.176      0.036      4.914      0.000
    I05$1             -1.667      0.041    -40.420      0.000
    I05$2             -1.017      0.038    -26.820      0.000
    I05$3              0.214      0.037      5.778      0.000

 Variances
    ETA                0.990      0.025     39.896      0.000


QUALITY OF NUMERICAL RESULTS

     Condition Number for the Information Matrix              0.143E-01
       (ratio of smallest to largest eigenvalue)


STANDARDIZED MODEL RESULTS


STDYX Standardization

                                                    Two-Tailed
                    Estimate       S.E.  Est./S.E.    P-Value

Group 1

 ETA      BY
    I01                0.711      0.012     60.992      0.000
    I02                0.787      0.010     77.299      0.000
    I03                0.846      0.011     77.784      0.000
    I05                0.784      0.011     69.505      0.000

 Means
    ETA                0.000      0.000    999.000    999.000

 Thresholds
    I01$1             -1.523      0.040    -38.316      0.000
    I01$2             -0.807      0.029    -28.125      0.000
    I01$3              0.727      0.030     24.207      0.000
    I02$1             -1.917      0.053    -36.006      0.000
    I02$2             -1.056      0.041    -25.699      0.000
    I02$3              0.439      0.031     14.279      0.000
    I03$1             -1.786      0.040    -44.346      0.000
    I03$2             -1.030      0.032    -32.044      0.000
    I03$3              0.220      0.033      6.728      0.000
    I05$1             -1.623      0.037    -43.503      0.000
    I05$2             -0.933      0.036    -26.231      0.000
    I05$3              0.251      0.035      7.265      0.000

 Variances
    ETA                1.000      0.000    999.000    999.000

Group 2

 ETA      BY
    I01                0.736      0.012     61.279      0.000
    I02                0.750      0.013     56.882      0.000
    I03                0.816      0.013     61.097      0.000
    I05                0.807      0.012     66.311      0.000

 Means
    ETA               -0.204      0.051     -4.012      0.000

 Thresholds
    I01$1             -1.346      0.038    -35.079      0.000
    I01$2             -0.643      0.037    -17.342      0.000
    I01$3              0.731      0.032     22.639      0.000
    I02$1             -1.862      0.056    -33.147      0.000
    I02$2             -1.134      0.036    -31.076      0.000
    I02$3              0.053      0.036      1.445      0.148
    I03$1             -1.663      0.042    -39.718      0.000
    I03$2             -0.954      0.041    -23.347      0.000
    I03$3              0.176      0.036      4.914      0.000
    I05$1             -1.667      0.041    -40.420      0.000
    I05$2             -1.017      0.038    -26.820      0.000
    I05$3              0.214      0.037      5.778      0.000

 Variances
    ETA                1.000      0.000    999.000    999.000


STDY Standardization

                                                    Two-Tailed
                    Estimate       S.E.  Est./S.E.    P-Value

Group 1

 ETA      BY
    I01                0.711      0.012     60.992      0.000
    I02                0.787      0.010     77.299      0.000
    I03                0.846      0.011     77.784      0.000
    I05                0.784      0.011     69.505      0.000

 Means
    ETA                0.000      0.000    999.000    999.000

 Thresholds
    I01$1             -1.523      0.040    -38.316      0.000
    I01$2             -0.807      0.029    -28.125      0.000
    I01$3              0.727      0.030     24.207      0.000
    I02$1             -1.917      0.053    -36.006      0.000
    I02$2             -1.056      0.041    -25.699      0.000
    I02$3              0.439      0.031     14.279      0.000
    I03$1             -1.786      0.040    -44.346      0.000
    I03$2             -1.030      0.032    -32.044      0.000
    I03$3              0.220      0.033      6.728      0.000
    I05$1             -1.623      0.037    -43.503      0.000
    I05$2             -0.933      0.036    -26.231      0.000
    I05$3              0.251      0.035      7.265      0.000

 Variances
    ETA                1.000      0.000    999.000    999.000

Group 2

 ETA      BY
    I01                0.736      0.012     61.279      0.000
    I02                0.750      0.013     56.882      0.000
    I03                0.816      0.013     61.097      0.000
    I05                0.807      0.012     66.311      0.000

 Means
    ETA               -0.204      0.051     -4.012      0.000

 Thresholds
    I01$1             -1.346      0.038    -35.079      0.000
    I01$2             -0.643      0.037    -17.342      0.000
    I01$3              0.731      0.032     22.639      0.000
    I02$1             -1.862      0.056    -33.147      0.000
    I02$2             -1.134      0.036    -31.076      0.000
    I02$3              0.053      0.036      1.445      0.148
    I03$1             -1.663      0.042    -39.718      0.000
    I03$2             -0.954      0.041    -23.347      0.000
    I03$3              0.176      0.036      4.914      0.000
    I05$1             -1.667      0.041    -40.420      0.000
    I05$2             -1.017      0.038    -26.820      0.000
    I05$3              0.214      0.037      5.778      0.000

 Variances
    ETA                1.000      0.000    999.000    999.000


STD Standardization

                                                    Two-Tailed
                    Estimate       S.E.  Est./S.E.    P-Value

Group 1

 ETA      BY
    I01                0.711      0.012     60.992      0.000
    I02                0.787      0.010     77.299      0.000
    I03                0.846      0.011     77.784      0.000
    I05                0.784      0.011     69.505      0.000

 Means
    ETA                0.000      0.000    999.000    999.000

 Thresholds
    I01$1             -1.523      0.040    -38.316      0.000
    I01$2             -0.807      0.029    -28.125      0.000
    I01$3              0.727      0.030     24.207      0.000
    I02$1             -1.917      0.053    -36.006      0.000
    I02$2             -1.056      0.041    -25.699      0.000
    I02$3              0.439      0.031     14.279      0.000
    I03$1             -1.786      0.040    -44.346      0.000
    I03$2             -1.030      0.032    -32.044      0.000
    I03$3              0.220      0.033      6.728      0.000
    I05$1             -1.623      0.037    -43.503      0.000
    I05$2             -0.933      0.036    -26.231      0.000
    I05$3              0.251      0.035      7.265      0.000

 Variances
    ETA                1.000      0.000    999.000    999.000

Group 2

 ETA      BY
    I01                0.736      0.012     61.279      0.000
    I02                0.750      0.013     56.882      0.000
    I03                0.816      0.013     61.097      0.000
    I05                0.807      0.012     66.311      0.000

 Means
    ETA               -0.204      0.051     -4.012      0.000

 Thresholds
    I01$1             -1.346      0.038    -35.079      0.000
    I01$2             -0.643      0.037    -17.342      0.000
    I01$3              0.731      0.032     22.639      0.000
    I02$1             -1.862      0.056    -33.147      0.000
    I02$2             -1.134      0.036    -31.076      0.000
    I02$3              0.053      0.036      1.445      0.148
    I03$1             -1.663      0.042    -39.718      0.000
    I03$2             -0.954      0.041    -23.347      0.000
    I03$3              0.176      0.036      4.914      0.000
    I05$1             -1.667      0.041    -40.420      0.000
    I05$2             -1.017      0.038    -26.820      0.000
    I05$3              0.214      0.037      5.778      0.000

 Variances
    ETA                1.000      0.000    999.000    999.000


R-SQUARE

Group 1

    Observed                                        Two-Tailed   Residual
    Variable        Estimate       S.E.  Est./S.E.    P-Value    Variance

    I01                0.505      0.017     30.496      0.000      0.495
    I02                0.619      0.016     38.649      0.000      0.381
    I03                0.717      0.018     38.892      0.000      0.283
    I05                0.614      0.018     34.752      0.000      0.386

Group 2

    Observed                                        Two-Tailed   Residual
    Variable        Estimate       S.E.  Est./S.E.    P-Value    Variance

    I01                0.542      0.018     30.640      0.000      0.458
    I02                0.562      0.020     28.441      0.000      0.438
    I03                0.665      0.022     30.549      0.000      0.335
    I05                0.651      0.020     33.155      0.000      0.349



APPROXIMATE MEASUREMENT INVARIANCE (NONINVARIANCE) FOR GROUPS

 Intercepts/Thresholds
   I01$1       (11) (18)
   I01$2       (11) (18)
   I01$3       11 18
   I02$1       11 18
   I02$2       11 18
   I02$3       (11) (18)
   I03$1       11 18
   I03$2       11 18
   I03$3       11 18
   I05$1       11 18
   I05$2       11 18
   I05$3       11 18

 Loadings for ETA
   I01         11 18
   I02         11 18
   I03         11 18
   I05         11 18


FACTOR INTERCEPT COMPARISON AT THE 5% SIGNIFICANCE LEVEL IN DESCENDING ORDER

 Results for Factor ETA

                     Group      Factor
 Ranking    Group    Value     Intercept  Groups With Significantly Smaller Factor Mean
     1         1        11       0.000    18
     2         2        18      -0.203




CONFIDENCE INTERVALS OF MODEL RESULTS

                  Lower .5%  Lower 2.5%    Lower 5%    Estimate    Upper 5%  Upper 2.5%   Upper .5%

Group 1

 ETA      BY
    I01              0.681       0.688       0.692       0.711       0.730       0.734       0.741
    I02              0.761       0.767       0.770       0.787       0.804       0.807       0.813
    I03              0.818       0.825       0.829       0.846       0.864       0.868       0.875
    I05              0.755       0.762       0.765       0.784       0.802       0.806       0.813

 Means
    ETA              0.000       0.000       0.000       0.000       0.000       0.000       0.000

 Thresholds
    I01$1           -1.625      -1.601      -1.588      -1.523      -1.458      -1.445      -1.421
    I01$2           -0.881      -0.863      -0.854      -0.807      -0.760      -0.750      -0.733
    I01$3            0.649       0.668       0.677       0.727       0.776       0.786       0.804
    I02$1           -2.054      -2.021      -2.004      -1.917      -1.829      -1.812      -1.779
    I02$2           -1.162      -1.136      -1.123      -1.056      -0.988      -0.975      -0.950
    I02$3            0.360       0.379       0.389       0.439       0.490       0.499       0.518
    I03$1           -1.890      -1.865      -1.852      -1.786      -1.720      -1.707      -1.682
    I03$2           -1.113      -1.093      -1.083      -1.030      -0.977      -0.967      -0.947
    I03$3            0.136       0.156       0.166       0.220       0.274       0.284       0.304
    I05$1           -1.719      -1.696      -1.684      -1.623      -1.562      -1.550      -1.527
    I05$2           -1.025      -1.003      -0.992      -0.933      -0.875      -0.863      -0.841
    I05$3            0.162       0.183       0.194       0.251       0.308       0.319       0.340

 Variances
    ETA              1.000       1.000       1.000       1.000       1.000       1.000       1.000

Group 2

 ETA      BY
    I01              0.712       0.719       0.722       0.740       0.758       0.761       0.768
    I02              0.721       0.728       0.732       0.753       0.774       0.778       0.786
    I03              0.787       0.795       0.799       0.820       0.841       0.845       0.853
    I05              0.782       0.789       0.793       0.811       0.830       0.833       0.840

 Means
    ETA             -0.333      -0.302      -0.286      -0.203      -0.120      -0.104      -0.073

 Thresholds
    I01$1           -1.445      -1.421      -1.409      -1.346      -1.283      -1.271      -1.247
    I01$2           -0.738      -0.716      -0.704      -0.643      -0.582      -0.570      -0.547
    I01$3            0.647       0.667       0.678       0.731       0.784       0.794       0.814
    I02$1           -2.007      -1.972      -1.955      -1.862      -1.770      -1.752      -1.718
    I02$2           -1.228      -1.206      -1.194      -1.134      -1.074      -1.063      -1.040
    I02$3           -0.041      -0.019      -0.007       0.053       0.112       0.124       0.146
    I03$1           -1.770      -1.745      -1.731      -1.663      -1.594      -1.580      -1.555
    I03$2           -1.060      -1.034      -1.022      -0.954      -0.887      -0.874      -0.849
    I03$3            0.084       0.106       0.117       0.176       0.235       0.246       0.268
    I05$1           -1.773      -1.748      -1.735      -1.667      -1.599      -1.586      -1.560
    I05$2           -1.114      -1.091      -1.079      -1.017      -0.954      -0.942      -0.919
    I05$3            0.119       0.142       0.153       0.214       0.275       0.287       0.310

 Variances
    ETA              0.926       0.941       0.949       0.990       1.031       1.038       1.054


CONFIDENCE INTERVALS OF STANDARDIZED MODEL RESULTS


STDYX Standardization

                  Lower .5%  Lower 2.5%    Lower 5%    Estimate    Upper 5%  Upper 2.5%   Upper .5%

Group 1

 ETA      BY
    I01              0.681       0.688       0.692       0.711       0.730       0.734       0.741
    I02              0.761       0.767       0.770       0.787       0.804       0.807       0.813
    I03              0.818       0.825       0.829       0.846       0.864       0.868       0.875
    I05              0.755       0.762       0.765       0.784       0.802       0.806       0.813

 Means
    ETA              0.000       0.000       0.000       0.000       0.000       0.000       0.000

 Thresholds
    I01$1           -1.625      -1.601      -1.588      -1.523      -1.458      -1.445      -1.421
    I01$2           -0.881      -0.863      -0.854      -0.807      -0.760      -0.750      -0.733
    I01$3            0.649       0.668       0.677       0.727       0.776       0.786       0.804
    I02$1           -2.054      -2.021      -2.004      -1.917      -1.829      -1.812      -1.779
    I02$2           -1.162      -1.136      -1.123      -1.056      -0.988      -0.975      -0.950
    I02$3            0.360       0.379       0.389       0.439       0.490       0.499       0.518
    I03$1           -1.890      -1.865      -1.852      -1.786      -1.720      -1.707      -1.682
    I03$2           -1.113      -1.093      -1.083      -1.030      -0.977      -0.967      -0.947
    I03$3            0.136       0.156       0.166       0.220       0.274       0.284       0.304
    I05$1           -1.719      -1.696      -1.684      -1.623      -1.562      -1.550      -1.527
    I05$2           -1.025      -1.003      -0.992      -0.933      -0.875      -0.863      -0.841
    I05$3            0.162       0.183       0.194       0.251       0.308       0.319       0.340

 Variances
    ETA              1.000       1.000       1.000       1.000       1.000       1.000       1.000

Group 2

 ETA      BY
    I01              0.705       0.713       0.716       0.736       0.756       0.760       0.767
    I02              0.716       0.724       0.728       0.750       0.771       0.775       0.783
    I03              0.781       0.790       0.794       0.816       0.838       0.842       0.850
    I05              0.776       0.783       0.787       0.807       0.827       0.831       0.838

 Means
    ETA             -0.335      -0.303      -0.287      -0.204      -0.120      -0.104      -0.073

 Thresholds
    I01$1           -1.445      -1.421      -1.409      -1.346      -1.283      -1.271      -1.247
    I01$2           -0.738      -0.716      -0.704      -0.643      -0.582      -0.570      -0.547
    I01$3            0.647       0.667       0.678       0.731       0.784       0.794       0.814
    I02$1           -2.007      -1.972      -1.955      -1.862      -1.770      -1.752      -1.718
    I02$2           -1.228      -1.206      -1.194      -1.134      -1.074      -1.063      -1.040
    I02$3           -0.041      -0.019      -0.007       0.053       0.112       0.124       0.146
    I03$1           -1.770      -1.745      -1.731      -1.663      -1.594      -1.580      -1.555
    I03$2           -1.060      -1.034      -1.022      -0.954      -0.887      -0.874      -0.849
    I03$3            0.084       0.106       0.117       0.176       0.235       0.246       0.268
    I05$1           -1.773      -1.748      -1.735      -1.667      -1.599      -1.586      -1.560
    I05$2           -1.114      -1.091      -1.079      -1.017      -0.954      -0.942      -0.919
    I05$3            0.119       0.142       0.153       0.214       0.275       0.287       0.310

 Variances
    ETA              1.000       1.000       1.000       1.000       1.000       1.000       1.000


STDY Standardization

                  Lower .5%  Lower 2.5%    Lower 5%    Estimate    Upper 5%  Upper 2.5%   Upper .5%

Group 1

 ETA      BY
    I01              0.681       0.688       0.692       0.711       0.730       0.734       0.741
    I02              0.761       0.767       0.770       0.787       0.804       0.807       0.813
    I03              0.818       0.825       0.829       0.846       0.864       0.868       0.875
    I05              0.755       0.762       0.765       0.784       0.802       0.806       0.813

 Means
    ETA              0.000       0.000       0.000       0.000       0.000       0.000       0.000

 Thresholds
    I01$1           -1.625      -1.601      -1.588      -1.523      -1.458      -1.445      -1.421
    I01$2           -0.881      -0.863      -0.854      -0.807      -0.760      -0.750      -0.733
    I01$3            0.649       0.668       0.677       0.727       0.776       0.786       0.804
    I02$1           -2.054      -2.021      -2.004      -1.917      -1.829      -1.812      -1.779
    I02$2           -1.162      -1.136      -1.123      -1.056      -0.988      -0.975      -0.950
    I02$3            0.360       0.379       0.389       0.439       0.490       0.499       0.518
    I03$1           -1.890      -1.865      -1.852      -1.786      -1.720      -1.707      -1.682
    I03$2           -1.113      -1.093      -1.083      -1.030      -0.977      -0.967      -0.947
    I03$3            0.136       0.156       0.166       0.220       0.274       0.284       0.304
    I05$1           -1.719      -1.696      -1.684      -1.623      -1.562      -1.550      -1.527
    I05$2           -1.025      -1.003      -0.992      -0.933      -0.875      -0.863      -0.841
    I05$3            0.162       0.183       0.194       0.251       0.308       0.319       0.340

 Variances
    ETA              1.000       1.000       1.000       1.000       1.000       1.000       1.000

Group 2

 ETA      BY
    I01              0.705       0.713       0.716       0.736       0.756       0.760       0.767
    I02              0.716       0.724       0.728       0.750       0.771       0.775       0.783
    I03              0.781       0.790       0.794       0.816       0.838       0.842       0.850
    I05              0.776       0.783       0.787       0.807       0.827       0.831       0.838

 Means
    ETA             -0.335      -0.303      -0.287      -0.204      -0.120      -0.104      -0.073

 Thresholds
    I01$1           -1.445      -1.421      -1.409      -1.346      -1.283      -1.271      -1.247
    I01$2           -0.738      -0.716      -0.704      -0.643      -0.582      -0.570      -0.547
    I01$3            0.647       0.667       0.678       0.731       0.784       0.794       0.814
    I02$1           -2.007      -1.972      -1.955      -1.862      -1.770      -1.752      -1.718
    I02$2           -1.228      -1.206      -1.194      -1.134      -1.074      -1.063      -1.040
    I02$3           -0.041      -0.019      -0.007       0.053       0.112       0.124       0.146
    I03$1           -1.770      -1.745      -1.731      -1.663      -1.594      -1.580      -1.555
    I03$2           -1.060      -1.034      -1.022      -0.954      -0.887      -0.874      -0.849
    I03$3            0.084       0.106       0.117       0.176       0.235       0.246       0.268
    I05$1           -1.773      -1.748      -1.735      -1.667      -1.599      -1.586      -1.560
    I05$2           -1.114      -1.091      -1.079      -1.017      -0.954      -0.942      -0.919
    I05$3            0.119       0.142       0.153       0.214       0.275       0.287       0.310

 Variances
    ETA              1.000       1.000       1.000       1.000       1.000       1.000       1.000


STD Standardization

                  Lower .5%  Lower 2.5%    Lower 5%    Estimate    Upper 5%  Upper 2.5%   Upper .5%

Group 1

 ETA      BY
    I01              0.681       0.688       0.692       0.711       0.730       0.734       0.741
    I02              0.761       0.767       0.770       0.787       0.804       0.807       0.813
    I03              0.818       0.825       0.829       0.846       0.864       0.868       0.875
    I05              0.755       0.762       0.765       0.784       0.802       0.806       0.813

 Means
    ETA              0.000       0.000       0.000       0.000       0.000       0.000       0.000

 Thresholds
    I01$1           -1.625      -1.601      -1.588      -1.523      -1.458      -1.445      -1.421
    I01$2           -0.881      -0.863      -0.854      -0.807      -0.760      -0.750      -0.733
    I01$3            0.649       0.668       0.677       0.727       0.776       0.786       0.804
    I02$1           -2.054      -2.021      -2.004      -1.917      -1.829      -1.812      -1.779
    I02$2           -1.162      -1.136      -1.123      -1.056      -0.988      -0.975      -0.950
    I02$3            0.360       0.379       0.389       0.439       0.490       0.499       0.518
    I03$1           -1.890      -1.865      -1.852      -1.786      -1.720      -1.707      -1.682
    I03$2           -1.113      -1.093      -1.083      -1.030      -0.977      -0.967      -0.947
    I03$3            0.136       0.156       0.166       0.220       0.274       0.284       0.304
    I05$1           -1.719      -1.696      -1.684      -1.623      -1.562      -1.550      -1.527
    I05$2           -1.025      -1.003      -0.992      -0.933      -0.875      -0.863      -0.841
    I05$3            0.162       0.183       0.194       0.251       0.308       0.319       0.340

 Variances
    ETA              1.000       1.000       1.000       1.000       1.000       1.000       1.000

Group 2

 ETA      BY
    I01              0.705       0.713       0.716       0.736       0.756       0.760       0.767
    I02              0.716       0.724       0.728       0.750       0.771       0.775       0.783
    I03              0.781       0.790       0.794       0.816       0.838       0.842       0.850
    I05              0.776       0.783       0.787       0.807       0.827       0.831       0.838

 Means
    ETA             -0.335      -0.303      -0.287      -0.204      -0.120      -0.104      -0.073

 Thresholds
    I01$1           -1.445      -1.421      -1.409      -1.346      -1.283      -1.271      -1.247
    I01$2           -0.738      -0.716      -0.704      -0.643      -0.582      -0.570      -0.547
    I01$3            0.647       0.667       0.678       0.731       0.784       0.794       0.814
    I02$1           -2.007      -1.972      -1.955      -1.862      -1.770      -1.752      -1.718
    I02$2           -1.228      -1.206      -1.194      -1.134      -1.074      -1.063      -1.040
    I02$3           -0.041      -0.019      -0.007       0.053       0.112       0.124       0.146
    I03$1           -1.770      -1.745      -1.731      -1.663      -1.594      -1.580      -1.555
    I03$2           -1.060      -1.034      -1.022      -0.954      -0.887      -0.874      -0.849
    I03$3            0.084       0.106       0.117       0.176       0.235       0.246       0.268
    I05$1           -1.773      -1.748      -1.735      -1.667      -1.599      -1.586      -1.560
    I05$2           -1.114      -1.091      -1.079      -1.017      -0.954      -0.942      -0.919
    I05$3            0.119       0.142       0.153       0.214       0.275       0.287       0.310

 Variances
    ETA              1.000       1.000       1.000       1.000       1.000       1.000       1.000


MODEL COMMAND WITH FINAL ESTIMATES USED AS STARTING VALUES

     eta BY i01;
     eta BY i02;
     eta BY i03;
     eta BY i05;

  MODEL 1:

     eta BY i01*0.71070;
     eta BY i02*0.78700;
     eta BY i03*0.84649;
     eta BY i05*0.78369;

     [ eta*0 ];

     [ i01$1*-1.52300 ];
     [ i01$2*-0.80672 ];
     [ i01$3*0.72678 ];
     [ i02$1*-1.91659 ];
     [ i02$2*-1.05587 ];
     [ i02$3*0.43914 ];
     [ i03$1*-1.78584 ];
     [ i03$2*-1.03013 ];
     [ i03$3*0.21996 ];
     [ i05$1*-1.62294 ];
     [ i05$2*-0.93312 ];
     [ i05$3*0.25100 ];

     eta*1;

  MODEL 2:

     eta BY i01*0.74001;
     eta BY i02*0.75341;
     eta BY i03*0.81998;
     eta BY i05*0.81127;

     [ eta*-0.20277 ];

     [ i01$1*-1.34571 ];
     [ i01$2*-0.64296 ];
     [ i01$3*0.73061 ];
     [ i02$1*-1.86229 ];
     [ i02$2*-1.13419 ];
     [ i02$3*0.05252 ];
     [ i03$1*-1.66253 ];
     [ i03$2*-0.95435 ];
     [ i03$3*0.17580 ];
     [ i05$1*-1.66668 ];
     [ i05$2*-1.01658 ];
     [ i05$3*0.21437 ];

     eta*0.98978;



ALIGNMENT OUTPUT

INVARIANCE ANALYSIS

 Intercepts/Thresholds
 Threshold I01$1
 Group     Group      Value      Value     Difference  SE       P-value
     18        11     -1.346     -1.523      0.177      0.052      0.001
 Approximate Invariance Was Not Found For This Parameter.

 Threshold I01$2
 Group     Group      Value      Value     Difference  SE       P-value
     18        11     -0.643     -0.807      0.164      0.041      0.000
 Approximate Invariance Was Not Found For This Parameter.

 Threshold I01$3
 Group     Group      Value      Value     Difference  SE       P-value
     18        11      0.731      0.727      0.004      0.030      0.898
 Approximate Measurement Invariance Holds For Groups:
 11 18
 Weighted Average Value Across Invariant Groups:       0.728
 R-square/Explained variance/Invariance index:       0.998

 Invariant Group Values, Difference to Average and Significance
 Group      Value Difference         SE    P-value
     11      0.727     -0.002      0.013      0.898
     18      0.731      0.002      0.017      0.898

 Threshold I02$1
 Group     Group      Value      Value     Difference  SE       P-value
     18        11     -1.862     -1.917      0.054      0.064      0.393
 Approximate Measurement Invariance Holds For Groups:
 11 18
 Weighted Average Value Across Invariant Groups:      -1.893
 R-square/Explained variance/Invariance index:       0.940

 Invariant Group Values, Difference to Average and Significance
 Group      Value Difference         SE    P-value
     11     -1.917     -0.024      0.028      0.393
     18     -1.862      0.030      0.036      0.393

 Threshold I02$2
 Group     Group      Value      Value     Difference  SE       P-value
     18        11     -1.134     -1.056     -0.078      0.037      0.037
 Approximate Measurement Invariance Holds For Groups:
 11 18
 Weighted Average Value Across Invariant Groups:      -1.090
 R-square/Explained variance/Invariance index:       0.000

 Invariant Group Values, Difference to Average and Significance
 Group      Value Difference         SE    P-value
     11     -1.056      0.035      0.017      0.037
     18     -1.134     -0.044      0.021      0.037

 Threshold I02$3
 Group     Group      Value      Value     Difference  SE       P-value
     18        11      0.053      0.439     -0.387      0.042      0.000
 Approximate Invariance Was Not Found For This Parameter.

 Threshold I03$1
 Group     Group      Value      Value     Difference  SE       P-value
     18        11     -1.663     -1.786      0.123      0.050      0.014
 Approximate Measurement Invariance Holds For Groups:
 11 18
 Weighted Average Value Across Invariant Groups:      -1.731
 R-square/Explained variance/Invariance index:       0.826

 Invariant Group Values, Difference to Average and Significance
 Group      Value Difference         SE    P-value
     11     -1.786     -0.054      0.022      0.014
     18     -1.663      0.069      0.028      0.014

 Threshold I03$2
 Group     Group      Value      Value     Difference  SE       P-value
     18        11     -0.954     -1.030      0.076      0.040      0.060
 Approximate Measurement Invariance Holds For Groups:
 11 18
 Weighted Average Value Across Invariant Groups:      -0.997
 R-square/Explained variance/Invariance index:       0.909

 Invariant Group Values, Difference to Average and Significance
 Group      Value Difference         SE    P-value
     11     -1.030     -0.033      0.018      0.060
     18     -0.954      0.042      0.022      0.060

 Threshold I03$3
 Group     Group      Value      Value     Difference  SE       P-value
     18        11      0.176      0.220     -0.044      0.030      0.137
 Approximate Measurement Invariance Holds For Groups:
 11 18
 Weighted Average Value Across Invariant Groups:       0.200
 R-square/Explained variance/Invariance index:       0.853

 Invariant Group Values, Difference to Average and Significance
 Group      Value Difference         SE    P-value
     11      0.220      0.019      0.013      0.137
     18      0.176     -0.025      0.017      0.137

 Threshold I05$1
 Group     Group      Value      Value     Difference  SE       P-value
     18        11     -1.667     -1.623     -0.044      0.041      0.283
 Approximate Measurement Invariance Holds For Groups:
 11 18
 Weighted Average Value Across Invariant Groups:      -1.642
 R-square/Explained variance/Invariance index:       0.885

 Invariant Group Values, Difference to Average and Significance
 Group      Value Difference         SE    P-value
     11     -1.623      0.019      0.018      0.283
     18     -1.667     -0.024      0.023      0.283

 Threshold I05$2
 Group     Group      Value      Value     Difference  SE       P-value
     18        11     -1.017     -0.933     -0.083      0.038      0.028
 Approximate Measurement Invariance Holds For Groups:
 11 18
 Weighted Average Value Across Invariant Groups:      -0.970
 R-square/Explained variance/Invariance index:       0.009

 Invariant Group Values, Difference to Average and Significance
 Group      Value Difference         SE    P-value
     11     -0.933      0.037      0.017      0.028
     18     -1.017     -0.047      0.021      0.028

 Threshold I05$3
 Group     Group      Value      Value     Difference  SE       P-value
     18        11      0.214      0.251     -0.037      0.031      0.237
 Approximate Measurement Invariance Holds For Groups:
 11 18
 Weighted Average Value Across Invariant Groups:       0.235
 R-square/Explained variance/Invariance index:       0.930

 Invariant Group Values, Difference to Average and Significance
 Group      Value Difference         SE    P-value
     11      0.251      0.016      0.014      0.237
     18      0.214     -0.020      0.017      0.237



 Loadings for ETA
 Loadings for I01
 Group     Group      Value      Value     Difference  SE       P-value
     18        11      0.740      0.711      0.029      0.013      0.022
 Approximate Measurement Invariance Holds For Groups:
 11 18
 Weighted Average Value Across Invariant Groups:       0.724
 R-square/Explained variance/Invariance index:       0.000

 Invariant Group Values, Difference to Average and Significance
 Group      Value Difference         SE    P-value
     11      0.711     -0.013      0.006      0.022
     18      0.740      0.016      0.007      0.022

 Loadings for I02
 Group     Group      Value      Value     Difference  SE       P-value
     18        11      0.753      0.787     -0.034      0.014      0.020
 Approximate Measurement Invariance Holds For Groups:
 11 18
 Weighted Average Value Across Invariant Groups:       0.772
 R-square/Explained variance/Invariance index:       0.200

 Invariant Group Values, Difference to Average and Significance
 Group      Value Difference         SE    P-value
     11      0.787      0.015      0.006      0.020
     18      0.753     -0.019      0.008      0.020

 Loadings for I03
 Group     Group      Value      Value     Difference  SE       P-value
     18        11      0.820      0.846     -0.027      0.015      0.071
 Approximate Measurement Invariance Holds For Groups:
 11 18
 Weighted Average Value Across Invariant Groups:       0.835
 R-square/Explained variance/Invariance index:       0.259

 Invariant Group Values, Difference to Average and Significance
 Group      Value Difference         SE    P-value
     11      0.846      0.012      0.006      0.071
     18      0.820     -0.015      0.008      0.071

 Loadings for I05
 Group     Group      Value      Value     Difference  SE       P-value
     18        11      0.811      0.784      0.028      0.013      0.033
 Approximate Measurement Invariance Holds For Groups:
 11 18
 Weighted Average Value Across Invariant Groups:       0.796
 R-square/Explained variance/Invariance index:       0.000

 Invariant Group Values, Difference to Average and Significance
 Group      Value Difference         SE    P-value
     11      0.784     -0.012      0.006      0.033
     18      0.811      0.015      0.007      0.033

 Average Invariance index:       0.524


SAVEDATA INFORMATION


  Factor Mean Ranking Tables

  Save file
    scale_001_align_ranking.dat
  Save format      Comma-delimited

  Results in H5 Format

  Save file
    scale_001_align_results.H5

  List of results saved

    Summary of Analysis
    Model Fit Information
    Model Results
    Standardized Model Results
    R-Square
    Confidence Intervals of Model Results
    Confidence Intervals of Standardized Model Results

     Beginning Time:  03:50:27
        Ending Time:  03:50:27
       Elapsed Time:  00:00:00



MUTHEN & MUTHEN
3463 Stoner Ave.
Los Angeles, CA  90066

Tel: (310) 391-9971
Fax: (310) 391-8971
Web: www.StatModel.com
Support: Support@StatModel.com

Copyright (c) 1998-2024 Muthen & Muthen
