Mplus VERSION 8.11 (Mac)
MUTHEN & MUTHEN
12/14/2024   4:28 AM

INPUT INSTRUCTIONS

  DATA:
  FILE = "scale_001.dat";

  VARIABLE:
  NAMES = id_i id_j id_s ws i01 i02 i03 i05;
   MISSING=.;

  STRATIFICATION = id_s;
  CLUSTER        = id_j;
  WEIGHT         = ws;
  IDVARIABLE     = id_i;


  USEVARIABLES =
  i01
  i02
  i03
  i05
  ;

  CATEGORICAL =
  i01
  i02
  i03
  i05
  ;

  ANALYSIS:

  TYPE = COMPLEX;
  ESTIMATOR = WLSMV;

  MODEL:

  [eta@0];
  eta@1;

  eta by i01*;
  eta by i02*;
  eta by i03*;
  eta by i05*;

  OUTPUT:

  STANDARDIZED
  SAMPSTAT
  PATTERNS
  CINTERVAL
  RESIDUAL
  SVALUES
  ;

  SAVEDATA:

  FILE = scale_001_scores.dat;
  SAVE = FSCORES;
  H5RESULTS = scale_001_results.H5;

  PLOT:

  TYPE = PLOT2;




*** WARNING
  Data set contains cases with missing on all variables.
  These cases were not included in the analysis.
  Number of cases with missing on all variables:  248
   1 WARNING(S) FOUND IN THE INPUT INSTRUCTIONS




SUMMARY OF ANALYSIS

Number of groups                                                 1
Number of observations                                        7232

Number of dependent variables                                    4
Number of independent variables                                  0
Number of continuous latent variables                            1

Observed dependent variables

  Binary and ordered categorical (ordinal)
   I01         I02         I03         I05

Continuous latent variables
   ETA

Variables with special functions

  Stratification        ID_S
  Cluster variable      ID_J
  Weight variable       WS
  ID variable           ID_I

Estimator                                                    WLSMV
Maximum number of iterations                                  1000
Convergence criterion                                    0.500D-04
Maximum number of steepest descent iterations                   20
Maximum number of iterations for H1                           2000
Convergence criterion for H1                             0.100D-03
Parameterization                                             DELTA
Link                                                        PROBIT

Input data file(s)
  scale_001.dat

Input data format  FREE


SUMMARY OF DATA

     Number of missing data patterns            13
     Number of strata                          143
     Number of clusters                        295


SUMMARY OF MISSING DATA PATTERNS


     MISSING DATA PATTERNS (x = not missing)

           1  2  3  4  5  6  7  8  9 10 11 12 13
 I01       x  x  x  x  x  x  x  x
 I02       x  x  x  x              x  x
 I03       x  x        x  x        x     x  x
 I05       x     x     x     x     x     x     x


     MISSING DATA PATTERN FREQUENCIES

    Pattern   Frequency     Pattern   Frequency     Pattern   Frequency
          1        7066           6           1          11           3
          2          24           7           7          12           2
          3          82           8           8          13           3
          4           3           9          11
          5          21          10           1


COVARIANCE COVERAGE OF DATA

Minimum covariance coverage value   0.100


     PROPORTION OF DATA PRESENT


           Covariance Coverage
              I01           I02           I03           I05
              ________      ________      ________      ________
 I01            0.997
 I02            0.992         0.994
 I03            0.983         0.982         0.986
 I05            0.992         0.990         0.982         0.995


UNIVARIATE PROPORTIONS AND COUNTS FOR CATEGORICAL VARIABLES

    I01
      Category 1    0.089          643.034
      Category 2    0.170         1224.888
      Category 3    0.529         3811.765
      Category 4    0.212         1528.523
    I02
      Category 1    0.035          254.753
      Category 2    0.119          852.762
      Category 3    0.473         3395.722
      Category 4    0.373         2682.660
    I03
      Category 1    0.052          367.987
      Category 2    0.131          930.182
      Category 3    0.427         3041.261
      Category 4    0.390         2777.703
    I05
      Category 1    0.059          425.950
      Category 2    0.127          911.388
      Category 3    0.437         3141.249
      Category 4    0.377         2713.557


SAMPLE STATISTICS


     ESTIMATED SAMPLE STATISTICS


           MEANS/INTERCEPTS/THRESHOLDS
              I01$1         I01$2         I01$3         I02$1         I02$2
              ________      ________      ________      ________      ________
               -1.346        -0.646         0.799        -1.806        -1.019


           MEANS/INTERCEPTS/THRESHOLDS
              I02$3         I03$1         I03$2         I03$3         I05$1
              ________      ________      ________      ________      ________
                0.323        -1.629        -0.906         0.279        -1.561


           MEANS/INTERCEPTS/THRESHOLDS
              I05$2         I05$3
              ________      ________
               -0.893         0.313


           CORRELATION MATRIX (WITH VARIANCES ON THE DIAGONAL)
              I01           I02           I03           I05
              ________      ________      ________      ________
 I01
 I02            0.542
 I03            0.585         0.642
 I05            0.594         0.593         0.660


     WARNING:  THE VARIANCE CONTRIBUTION FROM A STRATUM WITH A SINGLE CLUSTER
     (PSU) IS BASED ON THE DIFFERENCE BETWEEN THE SINGLE CLUSTER VALUE AND
     THE OVERALL CLUSTER MEAN.


THE MODEL ESTIMATION TERMINATED NORMALLY



MODEL FIT INFORMATION

Number of Free Parameters                       16

Chi-Square Test of Model Fit

          Value                             18.613*
          Degrees of Freedom                     2
          P-Value                           0.0001

*   The chi-square value for MLM, MLMV, MLR, ULSMV, WLSM and WLSMV cannot be used
    for chi-square difference testing in the regular way.  MLM, MLR and WLSM
    chi-square difference testing is described on the Mplus website.  MLMV, WLSMV,
    and ULSMV difference testing is done using the DIFFTEST option.

RMSEA (Root Mean Square Error Of Approximation)

          Estimate                           0.034
          90 Percent C.I.                    0.021  0.049
          Probability RMSEA <= .05           0.964

CFI/TLI

          CFI                                0.999
          TLI                                0.996

Chi-Square Test of Model Fit for the Baseline Model

          Value                          13822.267
          Degrees of Freedom                     6
          P-Value                           0.0000

SRMR (Standardized Root Mean Square Residual)

          Value                              0.006

Optimum Function Value for Weighted Least-Squares Estimator

          Value                     0.49514966D-03



MODEL RESULTS

                                                    Two-Tailed
                    Estimate       S.E.  Est./S.E.    P-Value

 ETA      BY
    I01                0.722      0.008     85.538      0.000
    I02                0.757      0.009     86.269      0.000
    I03                0.830      0.009     94.637      0.000
    I05                0.798      0.009     93.702      0.000

 Means
    ETA                0.000      0.000    999.000    999.000

 Thresholds
    I01$1             -1.346      0.027    -50.480      0.000
    I01$2             -0.646      0.022    -29.155      0.000
    I01$3              0.799      0.022     35.672      0.000
    I02$1             -1.806      0.041    -43.591      0.000
    I02$2             -1.019      0.028    -35.898      0.000
    I02$3              0.323      0.023     14.094      0.000
    I03$1             -1.629      0.028    -57.393      0.000
    I03$2             -0.906      0.024    -38.345      0.000
    I03$3              0.279      0.025     11.327      0.000
    I05$1             -1.561      0.029    -53.839      0.000
    I05$2             -0.893      0.026    -34.175      0.000
    I05$3              0.313      0.026     11.919      0.000

 Variances
    ETA                1.000      0.000    999.000    999.000


QUALITY OF NUMERICAL RESULTS

     Condition Number for the Information Matrix              0.181E-01
       (ratio of smallest to largest eigenvalue)


STANDARDIZED MODEL RESULTS


STDYX Standardization

                                                    Two-Tailed
                    Estimate       S.E.  Est./S.E.    P-Value

 ETA      BY
    I01                0.722      0.008     85.538      0.000
    I02                0.757      0.009     86.269      0.000
    I03                0.830      0.009     94.637      0.000
    I05                0.798      0.009     93.702      0.000

 Means
    ETA                0.000      0.000    999.000    999.000

 Thresholds
    I01$1             -1.346      0.027    -50.480      0.000
    I01$2             -0.646      0.022    -29.155      0.000
    I01$3              0.799      0.022     35.672      0.000
    I02$1             -1.806      0.041    -43.591      0.000
    I02$2             -1.019      0.028    -35.898      0.000
    I02$3              0.323      0.023     14.094      0.000
    I03$1             -1.629      0.028    -57.393      0.000
    I03$2             -0.906      0.024    -38.345      0.000
    I03$3              0.279      0.025     11.327      0.000
    I05$1             -1.561      0.029    -53.839      0.000
    I05$2             -0.893      0.026    -34.175      0.000
    I05$3              0.313      0.026     11.919      0.000

 Variances
    ETA                1.000      0.000    999.000    999.000


STDY Standardization

                                                    Two-Tailed
                    Estimate       S.E.  Est./S.E.    P-Value

 ETA      BY
    I01                0.722      0.008     85.538      0.000
    I02                0.757      0.009     86.269      0.000
    I03                0.830      0.009     94.637      0.000
    I05                0.798      0.009     93.702      0.000

 Means
    ETA                0.000      0.000    999.000    999.000

 Thresholds
    I01$1             -1.346      0.027    -50.480      0.000
    I01$2             -0.646      0.022    -29.155      0.000
    I01$3              0.799      0.022     35.672      0.000
    I02$1             -1.806      0.041    -43.591      0.000
    I02$2             -1.019      0.028    -35.898      0.000
    I02$3              0.323      0.023     14.094      0.000
    I03$1             -1.629      0.028    -57.393      0.000
    I03$2             -0.906      0.024    -38.345      0.000
    I03$3              0.279      0.025     11.327      0.000
    I05$1             -1.561      0.029    -53.839      0.000
    I05$2             -0.893      0.026    -34.175      0.000
    I05$3              0.313      0.026     11.919      0.000

 Variances
    ETA                1.000      0.000    999.000    999.000


STD Standardization

                                                    Two-Tailed
                    Estimate       S.E.  Est./S.E.    P-Value

 ETA      BY
    I01                0.722      0.008     85.538      0.000
    I02                0.757      0.009     86.269      0.000
    I03                0.830      0.009     94.637      0.000
    I05                0.798      0.009     93.702      0.000

 Means
    ETA                0.000      0.000    999.000    999.000

 Thresholds
    I01$1             -1.346      0.027    -50.480      0.000
    I01$2             -0.646      0.022    -29.155      0.000
    I01$3              0.799      0.022     35.672      0.000
    I02$1             -1.806      0.041    -43.591      0.000
    I02$2             -1.019      0.028    -35.898      0.000
    I02$3              0.323      0.023     14.094      0.000
    I03$1             -1.629      0.028    -57.393      0.000
    I03$2             -0.906      0.024    -38.345      0.000
    I03$3              0.279      0.025     11.327      0.000
    I05$1             -1.561      0.029    -53.839      0.000
    I05$2             -0.893      0.026    -34.175      0.000
    I05$3              0.313      0.026     11.919      0.000

 Variances
    ETA                1.000      0.000    999.000    999.000


R-SQUARE

    Observed                                        Two-Tailed   Residual
    Variable        Estimate       S.E.  Est./S.E.    P-Value    Variance

    I01                0.521      0.012     42.769      0.000      0.479
    I02                0.573      0.013     43.134      0.000      0.427
    I03                0.689      0.015     47.318      0.000      0.311
    I05                0.637      0.014     46.851      0.000      0.363


CONFIDENCE INTERVALS OF MODEL RESULTS

                  Lower .5%  Lower 2.5%    Lower 5%    Estimate    Upper 5%  Upper 2.5%   Upper .5%

 ETA      BY
    I01              0.700       0.705       0.708       0.722       0.735       0.738       0.743
    I02              0.734       0.739       0.742       0.757       0.771       0.774       0.779
    I03              0.808       0.813       0.816       0.830       0.845       0.847       0.853
    I05              0.776       0.782       0.784       0.798       0.812       0.815       0.820

 Means
    ETA              0.000       0.000       0.000       0.000       0.000       0.000       0.000

 Thresholds
    I01$1           -1.414      -1.398      -1.389      -1.346      -1.302      -1.293      -1.277
    I01$2           -0.703      -0.689      -0.682      -0.646      -0.610      -0.603      -0.589
    I01$3            0.742       0.755       0.762       0.799       0.836       0.843       0.857
    I02$1           -1.913      -1.887      -1.874      -1.806      -1.738      -1.725      -1.699
    I02$2           -1.092      -1.075      -1.066      -1.019      -0.972      -0.963      -0.946
    I02$3            0.264       0.278       0.285       0.323       0.361       0.368       0.382
    I03$1           -1.702      -1.684      -1.675      -1.629      -1.582      -1.573      -1.555
    I03$2           -0.967      -0.953      -0.945      -0.906      -0.867      -0.860      -0.845
    I03$3            0.215       0.230       0.238       0.279       0.319       0.327       0.342
    I05$1           -1.636      -1.618      -1.609      -1.561      -1.514      -1.504      -1.487
    I05$2           -0.960      -0.944      -0.936      -0.893      -0.850      -0.842      -0.826
    I05$3            0.245       0.261       0.269       0.313       0.356       0.364       0.380

 Variances
    ETA              1.000       1.000       1.000       1.000       1.000       1.000       1.000


CONFIDENCE INTERVALS OF STANDARDIZED MODEL RESULTS


STDYX Standardization

                  Lower .5%  Lower 2.5%    Lower 5%    Estimate    Upper 5%  Upper 2.5%   Upper .5%

 ETA      BY
    I01              0.700       0.705       0.708       0.722       0.735       0.738       0.743
    I02              0.734       0.739       0.742       0.757       0.771       0.774       0.779
    I03              0.808       0.813       0.816       0.830       0.845       0.847       0.853
    I05              0.776       0.782       0.784       0.798       0.812       0.815       0.820

 Means
    ETA              0.000       0.000       0.000       0.000       0.000       0.000       0.000

 Thresholds
    I01$1           -1.414      -1.398      -1.389      -1.346      -1.302      -1.293      -1.277
    I01$2           -0.703      -0.689      -0.682      -0.646      -0.610      -0.603      -0.589
    I01$3            0.742       0.755       0.762       0.799       0.836       0.843       0.857
    I02$1           -1.913      -1.887      -1.874      -1.806      -1.738      -1.725      -1.699
    I02$2           -1.092      -1.075      -1.066      -1.019      -0.972      -0.963      -0.946
    I02$3            0.264       0.278       0.285       0.323       0.361       0.368       0.382
    I03$1           -1.702      -1.684      -1.675      -1.629      -1.582      -1.573      -1.555
    I03$2           -0.967      -0.953      -0.945      -0.906      -0.867      -0.860      -0.845
    I03$3            0.215       0.230       0.238       0.279       0.319       0.327       0.342
    I05$1           -1.636      -1.618      -1.609      -1.561      -1.514      -1.504      -1.487
    I05$2           -0.960      -0.944      -0.936      -0.893      -0.850      -0.842      -0.826
    I05$3            0.245       0.261       0.269       0.313       0.356       0.364       0.380

 Variances
    ETA              1.000       1.000       1.000       1.000       1.000       1.000       1.000


STDY Standardization

                  Lower .5%  Lower 2.5%    Lower 5%    Estimate    Upper 5%  Upper 2.5%   Upper .5%

 ETA      BY
    I01              0.700       0.705       0.708       0.722       0.735       0.738       0.743
    I02              0.734       0.739       0.742       0.757       0.771       0.774       0.779
    I03              0.808       0.813       0.816       0.830       0.845       0.847       0.853
    I05              0.776       0.782       0.784       0.798       0.812       0.815       0.820

 Means
    ETA              0.000       0.000       0.000       0.000       0.000       0.000       0.000

 Thresholds
    I01$1           -1.414      -1.398      -1.389      -1.346      -1.302      -1.293      -1.277
    I01$2           -0.703      -0.689      -0.682      -0.646      -0.610      -0.603      -0.589
    I01$3            0.742       0.755       0.762       0.799       0.836       0.843       0.857
    I02$1           -1.913      -1.887      -1.874      -1.806      -1.738      -1.725      -1.699
    I02$2           -1.092      -1.075      -1.066      -1.019      -0.972      -0.963      -0.946
    I02$3            0.264       0.278       0.285       0.323       0.361       0.368       0.382
    I03$1           -1.702      -1.684      -1.675      -1.629      -1.582      -1.573      -1.555
    I03$2           -0.967      -0.953      -0.945      -0.906      -0.867      -0.860      -0.845
    I03$3            0.215       0.230       0.238       0.279       0.319       0.327       0.342
    I05$1           -1.636      -1.618      -1.609      -1.561      -1.514      -1.504      -1.487
    I05$2           -0.960      -0.944      -0.936      -0.893      -0.850      -0.842      -0.826
    I05$3            0.245       0.261       0.269       0.313       0.356       0.364       0.380

 Variances
    ETA              1.000       1.000       1.000       1.000       1.000       1.000       1.000


STD Standardization

                  Lower .5%  Lower 2.5%    Lower 5%    Estimate    Upper 5%  Upper 2.5%   Upper .5%

 ETA      BY
    I01              0.700       0.705       0.708       0.722       0.735       0.738       0.743
    I02              0.734       0.739       0.742       0.757       0.771       0.774       0.779
    I03              0.808       0.813       0.816       0.830       0.845       0.847       0.853
    I05              0.776       0.782       0.784       0.798       0.812       0.815       0.820

 Means
    ETA              0.000       0.000       0.000       0.000       0.000       0.000       0.000

 Thresholds
    I01$1           -1.414      -1.398      -1.389      -1.346      -1.302      -1.293      -1.277
    I01$2           -0.703      -0.689      -0.682      -0.646      -0.610      -0.603      -0.589
    I01$3            0.742       0.755       0.762       0.799       0.836       0.843       0.857
    I02$1           -1.913      -1.887      -1.874      -1.806      -1.738      -1.725      -1.699
    I02$2           -1.092      -1.075      -1.066      -1.019      -0.972      -0.963      -0.946
    I02$3            0.264       0.278       0.285       0.323       0.361       0.368       0.382
    I03$1           -1.702      -1.684      -1.675      -1.629      -1.582      -1.573      -1.555
    I03$2           -0.967      -0.953      -0.945      -0.906      -0.867      -0.860      -0.845
    I03$3            0.215       0.230       0.238       0.279       0.319       0.327       0.342
    I05$1           -1.636      -1.618      -1.609      -1.561      -1.514      -1.504      -1.487
    I05$2           -0.960      -0.944      -0.936      -0.893      -0.850      -0.842      -0.826
    I05$3            0.245       0.261       0.269       0.313       0.356       0.364       0.380

 Variances
    ETA              1.000       1.000       1.000       1.000       1.000       1.000       1.000


MODEL COMMAND WITH FINAL ESTIMATES USED AS STARTING VALUES

     eta BY i01*0.72152;
     eta BY i02*0.75668;
     eta BY i03*0.83028;
     eta BY i05*0.79836;

     [ eta@0 ];

     [ i01$1*-1.34565 ];
     [ i01$2*-0.64600 ];
     [ i01$3*0.79932 ];
     [ i02$1*-1.80609 ];
     [ i02$2*-1.01891 ];
     [ i02$3*0.32307 ];
     [ i03$1*-1.62855 ];
     [ i03$2*-0.90625 ];
     [ i03$3*0.27858 ];
     [ i05$1*-1.56132 ];
     [ i05$2*-0.89294 ];
     [ i05$3*0.31259 ];

     eta@1;



RESIDUAL OUTPUT


     ESTIMATED MODEL AND RESIDUALS (OBSERVED - ESTIMATED)


           Model Estimated Means/Intercepts/Thresholds
              I01$1         I01$2         I01$3         I02$1         I02$2
              ________      ________      ________      ________      ________
               -1.346        -0.646         0.799        -1.806        -1.019


           Model Estimated Means/Intercepts/Thresholds
              I02$3         I03$1         I03$2         I03$3         I05$1
              ________      ________      ________      ________      ________
                0.323        -1.629        -0.906         0.279        -1.561


           Model Estimated Means/Intercepts/Thresholds
              I05$2         I05$3
              ________      ________
               -0.893         0.313


           Residuals for Means/Intercepts/Thresholds
              I01$1         I01$2         I01$3         I02$1         I02$2
              ________      ________      ________      ________      ________
                0.000         0.000         0.000         0.000         0.000


           Residuals for Means/Intercepts/Thresholds
              I02$3         I03$1         I03$2         I03$3         I05$1
              ________      ________      ________      ________      ________
                0.000         0.000         0.000         0.000         0.000


           Residuals for Means/Intercepts/Thresholds
              I05$2         I05$3
              ________      ________
                0.000         0.000


           Model Estimated Covariances/Correlations/Residual Correlations
              I01           I02           I03           I05
              ________      ________      ________      ________
 I01
 I02            0.546
 I03            0.599         0.628
 I05            0.576         0.604         0.663


           Residuals for Covariances/Correlations/Residual Correlations
              I01           I02           I03           I05
              ________      ________      ________      ________
 I01
 I02           -0.004
 I03           -0.014         0.013
 I05            0.018        -0.012        -0.003


SAMPLE STATISTICS FOR ESTIMATED FACTOR SCORES


     SAMPLE STATISTICS


           Means
              ETA           ETA_SE
              ________      ________
               -0.023         0.446


           Covariances
              ETA           ETA_SE
              ________      ________
 ETA            0.751
 ETA_SE         0.033         0.003


           Correlations
              ETA           ETA_SE
              ________      ________
 ETA            1.000
 ETA_SE         0.699         1.000


PLOT INFORMATION

The following plots are available:

  Sample proportions and estimated probabilities
  Item characteristic curves
  Information curves

SAVEDATA INFORMATION


  Save file
    scale_001_scores.dat

  Order and format of variables

    I01            F10.3
    I02            F10.3
    I03            F10.3
    I05            F10.3
    ETA            F10.3
    ETA_SE         F10.3
    WS             F10.3
    ID_I           I6
    ID_S           I7
    ID_J           I7

  Save file format
    7F10.3 I6 2I7

  Save file record length    10000

  Save missing symbol        *


  Results in H5 Format

  Save file
    scale_001_results.H5

  List of results saved

    Summary of Analysis
    Model Fit Information
    Model Results
    Standardized Model Results
    R-Square
    Confidence Intervals of Model Results
    Confidence Intervals of Standardized Model Results

     Beginning Time:  04:28:01
        Ending Time:  04:28:01
       Elapsed Time:  00:00:00



MUTHEN & MUTHEN
3463 Stoner Ave.
Los Angeles, CA  90066

Tel: (310) 391-9971
Fax: (310) 391-8971
Web: www.StatModel.com
Support: Support@StatModel.com

Copyright (c) 1998-2024 Muthen & Muthen
