Mplus VERSION 8.11 (Mac)
MUTHEN & MUTHEN
12/14/2024   3:54 AM

INPUT INSTRUCTIONS

  DATA:
  FILE = "scale_001_inv_03.dat";

  VARIABLE:
  NAMES = id_i id_j id_s ws id_k i01 i02 i03 i05;
   MISSING=.;

  STRATIFICATION = id_s;
  CLUSTER        = id_j;
  WEIGHT         = ws;
  IDVARIABLE     = id_i;


  USEVARIABLES =
  i01
  i02
  i03
  i05
  ;

  CATEGORICAL =
  i01
  i02
  i03
  i05
  ;
  GROUPING = id_k (
  11 = CHL
  18 = ENG
  );

  ANALYSIS:

  TYPE = COMPLEX;
  ESTIMATOR = WLSMV;

  MODEL:

  u01 by i01@1;
  u02 by i02@1;
  u03 by i03@1;
  u05 by i05@1;
  eta BY u01* (l01);
  eta BY u02* (l02);
  eta BY u03* (l03);
  eta BY u05* (l05);

  MODEL CHL:
  u01 by i01@1;
  u02 by i02@1;
  u03 by i03@1;
  u05 by i05@1;
  eta BY u01* ;
  eta BY u02* ;
  eta BY u03* ;
  eta BY u05* ;
  [ i01$1*]   (t01);
  [ i01$2*]   (t02);
  [ i01$3*]   (t03);
  [ i02$1*]   (t04);
  [ i02$2*]   (t05);
  [ i02$3*]   (t06);
  [ i03$1*]   (t07);
  [ i03$2*]   (t08);
  [ i03$3*]   (t09);
  [ i05$1*]   (t10);
  [ i05$2*]   (t11);
  [ i05$3*]   (t12);
  { i01@1 };
  { i02@1 };
  { i03@1 };
  { i05@1 };
  [u01@0];
  [u02@0];
  [u03@0];
  [u05@0];
  u01@0;
  u02@0;
  u03@0;
  u05@0;
  [eta@0];
  eta@1;
  MODEL ENG:
  u01 by i01@1;
  u02 by i02@1;
  u03 by i03@1;
  u05 by i05@1;
  eta BY u01* ;
  eta BY u02* ;
  eta BY u03* ;
  eta BY u05* ;
  [ i01$1*]   (t01);
  [ i01$2*]   (t02);
  [ i01$3*]   (t03);
  [ i02$1*]   (t04);
  [ i02$2*]   (t05);
  [ i02$3*]   (t06);
  [ i03$1*]   (t07);
  [ i03$2*]   (t08);
  [ i03$3*]   (t09);
  [ i05$1*]   (t10);
  [ i05$2*]   (t11);
  [ i05$3*]   (t12);
  { i01* };
  { i02* };
  { i03* };
  { i05* };
  [u01*];
  [u02*];
  [u03*];
  [u05*];
  u01@0;
  u02@0;
  u03@0;
  u05@0;
  [eta@0];
  eta@1;

  OUTPUT:

  STANDARDIZED
  SAMPSTAT
  PATTERNS
  CINTERVAL
  RESIDUAL
  SVALUES
  ;

  SAVEDATA:

  FILE = scale_001_inv_01_scores.dat;
  SAVE = FSCORES;

  PLOT:

  TYPE = PLOT2;




*** WARNING
  Data set contains cases with missing on all variables.
  These cases were not included in the analysis.
  Number of cases with missing on all variables:  248
   1 WARNING(S) FOUND IN THE INPUT INSTRUCTIONS




SUMMARY OF ANALYSIS

Number of groups                                                 2
Number of observations
   Group CHL                                                  4042
   Group ENG                                                  3190
   Total sample size                                          7232

Number of dependent variables                                    4
Number of independent variables                                  0
Number of continuous latent variables                            5

Observed dependent variables

  Binary and ordered categorical (ordinal)
   I01         I02         I03         I05

Continuous latent variables
   U01         U02         U03         U05         ETA

Variables with special functions

  Grouping variable     ID_K
  Stratification        ID_S
  Cluster variable      ID_J
  Weight variable       WS
  ID variable           ID_I

Estimator                                                    WLSMV
Maximum number of iterations                                  1000
Convergence criterion                                    0.500D-04
Maximum number of steepest descent iterations                   20
Maximum number of iterations for H1                           2000
Convergence criterion for H1                             0.100D-03
Parameterization                                             DELTA
Link                                                        PROBIT

Input data file(s)
  scale_001_inv_03.dat

Input data format  FREE


SUMMARY OF DATA

   Total number of strata                      143
   Total number of clusters                    295

   Group CHL
     Number of missing data patterns            10
     Number of strata                           75
     Number of clusters                        164

   Group ENG
     Number of missing data patterns            12
     Number of strata                           68
     Number of clusters                        131


SUMMARY OF MISSING DATA PATTERNS


     MISSING DATA PATTERNS FOR CHL (x = not missing)

           1  2  3  4  5  6  7  8  9 10
 I01       x  x  x  x  x  x  x
 I02       x  x  x              x
 I03       x  x     x  x        x  x
 I05       x     x  x     x     x  x  x


     MISSING DATA PATTERN FREQUENCIES FOR CHL

    Pattern   Frequency     Pattern   Frequency     Pattern   Frequency
          1        3980           5           1           9           2
          2           9           6           2          10           1
          3          28           7           4
          4          11           8           4


     MISSING DATA PATTERNS FOR ENG (x = not missing)

           1  2  3  4  5  6  7  8  9 10 11 12
 I01       x  x  x  x  x  x  x
 I02       x  x  x  x           x  x
 I03       x  x        x        x     x  x
 I05       x     x     x  x     x     x     x


     MISSING DATA PATTERN FREQUENCIES FOR ENG

    Pattern   Frequency     Pattern   Frequency     Pattern   Frequency
          1        3086           5          10           9           1
          2          15           6           5          10           1
          3          54           7           4          11           2
          4           3           8           7          12           2


COVARIANCE COVERAGE OF DATA

Minimum covariance coverage value   0.100


     PROPORTION OF DATA PRESENT FOR CHL


           Covariance Coverage
              I01           I02           I03           I05
              ________      ________      ________      ________
 I01            0.998
 I02            0.994         0.995
 I03            0.990         0.988         0.991
 I05            0.995         0.993         0.989         0.997


     PROPORTION OF DATA PRESENT FOR ENG


           Covariance Coverage
              I01           I02           I03           I05
              ________      ________      ________      ________
 I01            0.996
 I02            0.990         0.992
 I03            0.975         0.974         0.978
 I05            0.989         0.987         0.973         0.992


UNIVARIATE PROPORTIONS AND COUNTS FOR CATEGORICAL VARIABLES

  Group CHL
    I01
      Category 1    0.064          257.721
      Category 2    0.146          589.180
      Category 3    0.556         2244.824
      Category 4    0.234          942.782
    I02
      Category 1    0.028          111.148
      Category 2    0.118          473.899
      Category 3    0.524         2107.595
      Category 4    0.330         1327.907
    I03
      Category 1    0.037          148.337
      Category 2    0.114          457.915
      Category 3    0.436         1743.293
      Category 4    0.413         1652.762
    I05
      Category 1    0.052          210.555
      Category 2    0.123          495.497
      Category 3    0.424         1705.791
      Category 4    0.401         1613.992

  Group ENG
    I01
      Category 1    0.116          367.994
      Category 2    0.195          619.456
      Category 3    0.500         1586.428
      Category 4    0.189          600.812
    I02
      Category 1    0.044          138.285
      Category 2    0.120          378.401
      Category 3    0.418         1323.846
      Category 4    0.419         1325.550
    I03
      Category 1    0.067          209.885
      Category 2    0.148          461.712
      Category 3    0.419         1305.380
      Category 4    0.366         1142.024
    I05
      Category 1    0.067          210.709
      Category 2    0.131          413.526
      Category 3    0.451         1426.965
      Category 4    0.352         1116.150


SAMPLE STATISTICS


     ESTIMATED SAMPLE STATISTICS FOR CHL


           MEANS/INTERCEPTS/THRESHOLDS
              I01$1         I01$2         I01$3         I02$1         I02$2
              ________      ________      ________      ________      ________
               -1.523        -0.807         0.727        -1.917        -1.056


           MEANS/INTERCEPTS/THRESHOLDS
              I02$3         I03$1         I03$2         I03$3         I05$1
              ________      ________      ________      ________      ________
                0.439        -1.786        -1.030         0.220        -1.623


           MEANS/INTERCEPTS/THRESHOLDS
              I05$2         I05$3
              ________      ________
               -0.933         0.251


           CORRELATION MATRIX (WITH VARIANCES ON THE DIAGONAL)
              I01           I02           I03           I05
              ________      ________      ________      ________
 I01
 I02            0.569
 I03            0.562         0.676
 I05            0.574         0.596         0.670


     ESTIMATED SAMPLE STATISTICS FOR ENG


           MEANS/INTERCEPTS/THRESHOLDS
              I01$1         I01$2         I01$3         I02$1         I02$2
              ________      ________      ________      ________      ________
               -1.196        -0.493         0.881        -1.710        -0.981


           MEANS/INTERCEPTS/THRESHOLDS
              I02$3         I03$1         I03$2         I03$3         I05$1
              ________      ________      ________      ________      ________
                0.205        -1.496        -0.788         0.342        -1.502


           MEANS/INTERCEPTS/THRESHOLDS
              I05$2         I05$3
              ________      ________
               -0.852         0.379


           CORRELATION MATRIX (WITH VARIANCES ON THE DIAGONAL)
              I01           I02           I03           I05
              ________      ________      ________      ________
 I01
 I02            0.539
 I03            0.597         0.627
 I05            0.611         0.601         0.649


     WARNING:  THE VARIANCE CONTRIBUTION FROM A STRATUM WITH A SINGLE CLUSTER
     (PSU) IS BASED ON THE DIFFERENCE BETWEEN THE SINGLE CLUSTER VALUE AND
     THE OVERALL CLUSTER MEAN.


THE MODEL ESTIMATION TERMINATED NORMALLY
     THE MODEL COVARIANCE MATRIX IS NOT POSITIVE DEFINITE.
     FACTOR SCORES WILL NOT BE COMPUTED. CHECK YOUR MODEL.



MODEL FIT INFORMATION

Number of Free Parameters                       28

Chi-Square Test of Model Fit

          Value                             37.181*
          Degrees of Freedom                     8
          P-Value                           0.0000

Chi-Square Contribution From Each Group

          CHL                               27.486
          ENG                                9.694

*   The chi-square value for MLM, MLMV, MLR, ULSMV, WLSM and WLSMV cannot be used
    for chi-square difference testing in the regular way.  MLM, MLR and WLSM
    chi-square difference testing is described on the Mplus website.  MLMV, WLSMV,
    and ULSMV difference testing is done using the DIFFTEST option.

RMSEA (Root Mean Square Error Of Approximation)

          Estimate                           0.032
          90 Percent C.I.                    0.022  0.042
          Probability RMSEA <= .05           0.998

CFI/TLI

          CFI                                0.998
          TLI                                0.997

Chi-Square Test of Model Fit for the Baseline Model

          Value                          14948.929
          Degrees of Freedom                    12
          P-Value                           0.0000

SRMR (Standardized Root Mean Square Residual)

          Value                              0.009

Optimum Function Value for Weighted Least-Squares Estimator

          Value                     0.10040245D-02



MODEL RESULTS

                                                    Two-Tailed
                    Estimate       S.E.  Est./S.E.    P-Value

Group CHL

 U01      BY
    I01                1.000      0.000    999.000    999.000

 U02      BY
    I02                1.000      0.000    999.000    999.000

 U03      BY
    I03                1.000      0.000    999.000    999.000

 U05      BY
    I05                1.000      0.000    999.000    999.000

 ETA      BY
    U01                0.711      0.012     60.992      0.000
    U02                0.787      0.010     77.300      0.000
    U03                0.846      0.011     77.784      0.000
    U05                0.784      0.011     69.506      0.000

 Means
    ETA                0.000      0.000    999.000    999.000

 Intercepts
    U01                0.000      0.000    999.000    999.000
    U02                0.000      0.000    999.000    999.000
    U03                0.000      0.000    999.000    999.000
    U05                0.000      0.000    999.000    999.000

 Thresholds
    I01$1             -1.535      0.038    -40.718      0.000
    I01$2             -0.798      0.028    -28.565      0.000
    I01$3              0.724      0.030     24.312      0.000
    I02$1             -1.925      0.052    -37.107      0.000
    I02$2             -1.048      0.038    -27.597      0.000
    I02$3              0.438      0.030     14.361      0.000
    I03$1             -1.790      0.039    -46.464      0.000
    I03$2             -1.026      0.030    -34.194      0.000
    I03$3              0.218      0.032      6.735      0.000
    I05$1             -1.614      0.036    -44.382      0.000
    I05$2             -0.945      0.033    -28.271      0.000
    I05$3              0.255      0.035      7.376      0.000

 Variances
    ETA                1.000      0.000    999.000    999.000

 Residual Variances
    U01                0.000      0.000    999.000    999.000
    U02                0.000      0.000    999.000    999.000
    U03                0.000      0.000    999.000    999.000
    U05                0.000      0.000    999.000    999.000

 Scales
    I01                1.000      0.000    999.000    999.000
    I02                1.000      0.000    999.000    999.000
    I03                1.000      0.000    999.000    999.000
    I05                1.000      0.000    999.000    999.000

Group ENG

 U01      BY
    I01                1.000      0.000    999.000    999.000

 U02      BY
    I02                1.000      0.000    999.000    999.000

 U03      BY
    I03                1.000      0.000    999.000    999.000

 U05      BY
    I05                1.000      0.000    999.000    999.000

 ETA      BY
    U01                0.804      0.027     29.584      0.000
    U02                0.930      0.040     23.190      0.000
    U03                0.892      0.033     27.109      0.000
    U05                0.800      0.032     24.701      0.000

 Means
    ETA                0.000      0.000    999.000    999.000

 Intercepts
    U01               -0.243      0.041     -5.871      0.000
    U02                0.180      0.047      3.865      0.000
    U03               -0.158      0.045     -3.515      0.000
    U05               -0.115      0.047     -2.426      0.015

 Thresholds
    I01$1             -1.535      0.038    -40.718      0.000
    I01$2             -0.798      0.028    -28.565      0.000
    I01$3              0.724      0.030     24.312      0.000
    I02$1             -1.925      0.052    -37.107      0.000
    I02$2             -1.048      0.038    -27.597      0.000
    I02$3              0.438      0.030     14.361      0.000
    I03$1             -1.790      0.039    -46.464      0.000
    I03$2             -1.026      0.030    -34.194      0.000
    I03$3              0.218      0.032      6.735      0.000
    I05$1             -1.614      0.036    -44.382      0.000
    I05$2             -0.945      0.033    -28.271      0.000
    I05$3              0.255      0.035      7.376      0.000

 Variances
    ETA                1.000      0.000    999.000    999.000

 Residual Variances
    U01                0.000      0.000    999.000    999.000
    U02                0.000      0.000    999.000    999.000
    U03                0.000      0.000    999.000    999.000
    U05                0.000      0.000    999.000    999.000

 Scales
    I01                0.916      0.023     40.321      0.000
    I02                0.806      0.029     27.800      0.000
    I03                0.915      0.027     34.131      0.000
    I05                1.009      0.031     32.656      0.000


QUALITY OF NUMERICAL RESULTS

     Condition Number for the Information Matrix              0.993E-02
       (ratio of smallest to largest eigenvalue)


STANDARDIZED MODEL RESULTS


STDYX Standardization

                                                    Two-Tailed
                    Estimate       S.E.  Est./S.E.    P-Value

Group CHL

 U01      BY
    I01                0.711      0.012     60.992      0.000

 U02      BY
    I02                0.787      0.010     77.300      0.000

 U03      BY
    I03                0.846      0.011     77.784      0.000

 U05      BY
    I05                0.784      0.011     69.506      0.000

 ETA      BY
    U01                1.000      0.000    999.000    999.000
    U02                1.000      0.000    999.000    999.000
    U03                1.000      0.000    999.000    999.000
    U05                1.000      0.000    999.000    999.000

 Means
    ETA                0.000      0.000    999.000    999.000

 Intercepts
    U01                0.000      0.000    999.000    999.000
    U02                0.000      0.000    999.000    999.000
    U03                0.000      0.000    999.000    999.000
    U05                0.000      0.000    999.000    999.000

 Thresholds
    I01$1             -1.535      0.038    -40.718      0.000
    I01$2             -0.798      0.028    -28.565      0.000
    I01$3              0.724      0.030     24.312      0.000
    I02$1             -1.925      0.052    -37.107      0.000
    I02$2             -1.048      0.038    -27.597      0.000
    I02$3              0.438      0.030     14.361      0.000
    I03$1             -1.790      0.039    -46.464      0.000
    I03$2             -1.026      0.030    -34.194      0.000
    I03$3              0.218      0.032      6.735      0.000
    I05$1             -1.614      0.036    -44.382      0.000
    I05$2             -0.945      0.033    -28.271      0.000
    I05$3              0.255      0.035      7.376      0.000

 Variances
    ETA                1.000      0.000    999.000    999.000

 Residual Variances
    U01                0.000    999.000    999.000    999.000
    U02                0.000    999.000    999.000    999.000
    U03                0.000    999.000    999.000    999.000
    U05                0.000    999.000    999.000    999.000

 Scales
    I01                1.000      0.000      0.000      1.000
    I02                1.000      0.000      0.000      1.000
    I03                1.000      0.000      0.000      1.000
    I05                1.000      0.000      0.000      1.000

Group ENG

 U01      BY
    I01                0.736      0.012     61.280      0.000

 U02      BY
    I02                0.750      0.013     56.883      0.000

 U03      BY
    I03                0.816      0.013     61.097      0.000

 U05      BY
    I05                0.807      0.012     66.307      0.000

 ETA      BY
    U01                1.000      0.000    999.000    999.000
    U02                1.000      0.000    999.000    999.000
    U03                1.000      0.000    999.000    999.000
    U05                1.000      0.000    999.000    999.000

 Means
    ETA                0.000      0.000    999.000    999.000

 Intercepts
    U01               -0.302      0.052     -5.784      0.000
    U02                0.194      0.049      3.936      0.000
    U03               -0.177      0.053     -3.363      0.001
    U05               -0.144      0.061     -2.347      0.019

 Thresholds
    I01$1             -1.406      0.035    -40.218      0.000
    I01$2             -0.730      0.027    -27.401      0.000
    I01$3              0.663      0.026     25.730      0.000
    I02$1             -1.551      0.050    -31.324      0.000
    I02$2             -0.844      0.031    -27.318      0.000
    I02$3              0.353      0.023     15.224      0.000
    I03$1             -1.637      0.042    -38.586      0.000
    I03$2             -0.938      0.035    -26.915      0.000
    I03$3              0.200      0.028      7.203      0.000
    I05$1             -1.630      0.053    -30.947      0.000
    I05$2             -0.954      0.043    -22.411      0.000
    I05$3              0.258      0.034      7.653      0.000

 Variances
    ETA                1.000      0.000    999.000    999.000

 Residual Variances
    U01                0.000    999.000    999.000    999.000
    U02                0.000    999.000    999.000    999.000
    U03                0.000    999.000    999.000    999.000
    U05                0.000    999.000    999.000    999.000

 Scales
    I01                1.000      0.000      0.000      1.000
    I02                1.000      0.000      0.000      1.000
    I03                1.000      0.000      0.000      1.000
    I05                1.000      0.000      0.000      1.000


STDY Standardization

                                                    Two-Tailed
                    Estimate       S.E.  Est./S.E.    P-Value

Group CHL

 U01      BY
    I01                0.711      0.012     60.992      0.000

 U02      BY
    I02                0.787      0.010     77.300      0.000

 U03      BY
    I03                0.846      0.011     77.784      0.000

 U05      BY
    I05                0.784      0.011     69.506      0.000

 ETA      BY
    U01                1.000      0.000    999.000    999.000
    U02                1.000      0.000    999.000    999.000
    U03                1.000      0.000    999.000    999.000
    U05                1.000      0.000    999.000    999.000

 Means
    ETA                0.000      0.000    999.000    999.000

 Intercepts
    U01                0.000      0.000    999.000    999.000
    U02                0.000      0.000    999.000    999.000
    U03                0.000      0.000    999.000    999.000
    U05                0.000      0.000    999.000    999.000

 Thresholds
    I01$1             -1.535      0.038    -40.718      0.000
    I01$2             -0.798      0.028    -28.565      0.000
    I01$3              0.724      0.030     24.312      0.000
    I02$1             -1.925      0.052    -37.107      0.000
    I02$2             -1.048      0.038    -27.597      0.000
    I02$3              0.438      0.030     14.361      0.000
    I03$1             -1.790      0.039    -46.464      0.000
    I03$2             -1.026      0.030    -34.194      0.000
    I03$3              0.218      0.032      6.735      0.000
    I05$1             -1.614      0.036    -44.382      0.000
    I05$2             -0.945      0.033    -28.271      0.000
    I05$3              0.255      0.035      7.376      0.000

 Variances
    ETA                1.000      0.000    999.000    999.000

 Residual Variances
    U01              999.000    999.000    999.000    999.000
    U02              999.000    999.000    999.000    999.000
    U03              999.000    999.000    999.000    999.000
    U05              999.000    999.000    999.000    999.000

 Scales
    I01                1.000      0.000      0.000      1.000
    I02                1.000      0.000      0.000      1.000
    I03                1.000      0.000      0.000      1.000
    I05                1.000      0.000      0.000      1.000

Group ENG

 U01      BY
    I01                0.736      0.012     61.280      0.000

 U02      BY
    I02                0.750      0.013     56.883      0.000

 U03      BY
    I03                0.816      0.013     61.097      0.000

 U05      BY
    I05                0.807      0.012     66.307      0.000

 ETA      BY
    U01                1.000      0.000    999.000    999.000
    U02                1.000      0.000    999.000    999.000
    U03                1.000      0.000    999.000    999.000
    U05                1.000      0.000    999.000    999.000

 Means
    ETA                0.000      0.000    999.000    999.000

 Intercepts
    U01               -0.302      0.052     -5.784      0.000
    U02                0.194      0.049      3.936      0.000
    U03               -0.177      0.053     -3.363      0.001
    U05               -0.144      0.061     -2.347      0.019

 Thresholds
    I01$1             -1.406      0.035    -40.218      0.000
    I01$2             -0.730      0.027    -27.401      0.000
    I01$3              0.663      0.026     25.730      0.000
    I02$1             -1.551      0.050    -31.324      0.000
    I02$2             -0.844      0.031    -27.318      0.000
    I02$3              0.353      0.023     15.224      0.000
    I03$1             -1.637      0.042    -38.586      0.000
    I03$2             -0.938      0.035    -26.915      0.000
    I03$3              0.200      0.028      7.203      0.000
    I05$1             -1.630      0.053    -30.947      0.000
    I05$2             -0.954      0.043    -22.411      0.000
    I05$3              0.258      0.034      7.653      0.000

 Variances
    ETA                1.000      0.000    999.000    999.000

 Residual Variances
    U01              999.000    999.000    999.000    999.000
    U02              999.000    999.000    999.000    999.000
    U03              999.000    999.000    999.000    999.000
    U05              999.000    999.000    999.000    999.000

 Scales
    I01                1.000      0.000      0.000      1.000
    I02                1.000      0.000      0.000      1.000
    I03                1.000      0.000      0.000      1.000
    I05                1.000      0.000      0.000      1.000


STD Standardization

                                                    Two-Tailed
                    Estimate       S.E.  Est./S.E.    P-Value

Group CHL

 U01      BY
    I01                0.711      0.012     60.992      0.000

 U02      BY
    I02                0.787      0.010     77.300      0.000

 U03      BY
    I03                0.846      0.011     77.784      0.000

 U05      BY
    I05                0.784      0.011     69.506      0.000

 ETA      BY
    U01                1.000      0.000    999.000    999.000
    U02                1.000      0.000    999.000    999.000
    U03                1.000      0.000    999.000    999.000
    U05                1.000      0.000    999.000    999.000

 Means
    ETA                0.000      0.000    999.000    999.000

 Intercepts
    U01                0.000      0.000    999.000    999.000
    U02                0.000      0.000    999.000    999.000
    U03                0.000      0.000    999.000    999.000
    U05                0.000      0.000    999.000    999.000

 Thresholds
    I01$1             -1.535      0.038    -40.718      0.000
    I01$2             -0.798      0.028    -28.565      0.000
    I01$3              0.724      0.030     24.312      0.000
    I02$1             -1.925      0.052    -37.107      0.000
    I02$2             -1.048      0.038    -27.597      0.000
    I02$3              0.438      0.030     14.361      0.000
    I03$1             -1.790      0.039    -46.464      0.000
    I03$2             -1.026      0.030    -34.194      0.000
    I03$3              0.218      0.032      6.735      0.000
    I05$1             -1.614      0.036    -44.382      0.000
    I05$2             -0.945      0.033    -28.271      0.000
    I05$3              0.255      0.035      7.376      0.000

 Variances
    ETA                1.000      0.000    999.000    999.000

 Residual Variances
    U01              999.000    999.000    999.000    999.000
    U02              999.000    999.000    999.000    999.000
    U03              999.000    999.000    999.000    999.000
    U05              999.000    999.000    999.000    999.000

 Scales
    I01                1.000      0.000    999.000    999.000
    I02                1.000      0.000    999.000    999.000
    I03                1.000      0.000    999.000    999.000
    I05                1.000      0.000    999.000    999.000

Group ENG

 U01      BY
    I01                0.804      0.027     29.584      0.000

 U02      BY
    I02                0.930      0.040     23.190      0.000

 U03      BY
    I03                0.892      0.033     27.109      0.000

 U05      BY
    I05                0.800      0.032     24.701      0.000

 ETA      BY
    U01                1.000      0.000    999.000    999.000
    U02                1.000      0.000    999.000    999.000
    U03                1.000      0.000    999.000    999.000
    U05                1.000      0.000    999.000    999.000

 Means
    ETA                0.000      0.000    999.000    999.000

 Intercepts
    U01               -0.302      0.052     -5.784      0.000
    U02                0.194      0.049      3.936      0.000
    U03               -0.177      0.053     -3.363      0.001
    U05               -0.144      0.061     -2.347      0.019

 Thresholds
    I01$1             -1.535      0.038    -40.718      0.000
    I01$2             -0.798      0.028    -28.565      0.000
    I01$3              0.724      0.030     24.312      0.000
    I02$1             -1.925      0.052    -37.107      0.000
    I02$2             -1.048      0.038    -27.597      0.000
    I02$3              0.438      0.030     14.361      0.000
    I03$1             -1.790      0.039    -46.464      0.000
    I03$2             -1.026      0.030    -34.194      0.000
    I03$3              0.218      0.032      6.735      0.000
    I05$1             -1.614      0.036    -44.382      0.000
    I05$2             -0.945      0.033    -28.271      0.000
    I05$3              0.255      0.035      7.376      0.000

 Variances
    ETA                1.000      0.000    999.000    999.000

 Residual Variances
    U01              999.000    999.000    999.000    999.000
    U02              999.000    999.000    999.000    999.000
    U03              999.000    999.000    999.000    999.000
    U05              999.000    999.000    999.000    999.000

 Scales
    I01                0.916      0.023     40.321      0.000
    I02                0.806      0.029     27.800      0.000
    I03                0.915      0.027     34.131      0.000
    I05                1.009      0.031     32.656      0.000


R-SQUARE

Group CHL

    Observed                                        Two-Tailed   Residual
    Variable        Estimate       S.E.  Est./S.E.    P-Value    Variance

    I01                0.505      0.017     30.496      0.000      0.495
    I02                0.619      0.016     38.650      0.000      0.381
    I03                0.717      0.018     38.892      0.000      0.283
    I05                0.614      0.018     34.753      0.000      0.386

     Latent                                         Two-Tailed
    Variable        Estimate       S.E.  Est./S.E.    P-Value

    U01                1.000    999.000    999.000    999.000
    U02                1.000    999.000    999.000    999.000
    U03                1.000    999.000    999.000    999.000
    U05                1.000    999.000    999.000    999.000

Group ENG

    Observed                                        Two-Tailed   Residual
    Variable        Estimate       S.E.  Est./S.E.    P-Value    Variance

    I01                0.542      0.018     30.640      0.000      0.546
    I02                0.562      0.020     28.442      0.000      0.675
    I03                0.665      0.022     30.548      0.000      0.400
    I05                0.651      0.020     33.154      0.000      0.342

     Latent                                         Two-Tailed
    Variable        Estimate       S.E.  Est./S.E.    P-Value

    U01                1.000    999.000    999.000    999.000
    U02                1.000    999.000    999.000    999.000
    U03                1.000    999.000    999.000    999.000
    U05                1.000    999.000    999.000    999.000


CONFIDENCE INTERVALS OF MODEL RESULTS

                  Lower .5%  Lower 2.5%    Lower 5%    Estimate    Upper 5%  Upper 2.5%   Upper .5%

Group CHL

 U01      BY
    I01              1.000       1.000       1.000       1.000       1.000       1.000       1.000

 U02      BY
    I02              1.000       1.000       1.000       1.000       1.000       1.000       1.000

 U03      BY
    I03              1.000       1.000       1.000       1.000       1.000       1.000       1.000

 U05      BY
    I05              1.000       1.000       1.000       1.000       1.000       1.000       1.000

 ETA      BY
    U01              0.681       0.688       0.692       0.711       0.730       0.734       0.741
    U02              0.761       0.767       0.770       0.787       0.804       0.807       0.813
    U03              0.818       0.825       0.829       0.846       0.864       0.868       0.875
    U05              0.755       0.762       0.765       0.784       0.802       0.806       0.813

 Means
    ETA              0.000       0.000       0.000       0.000       0.000       0.000       0.000

 Intercepts
    U01              0.000       0.000       0.000       0.000       0.000       0.000       0.000
    U02              0.000       0.000       0.000       0.000       0.000       0.000       0.000
    U03              0.000       0.000       0.000       0.000       0.000       0.000       0.000
    U05              0.000       0.000       0.000       0.000       0.000       0.000       0.000

 Thresholds
    I01$1           -1.632      -1.609      -1.597      -1.535      -1.473      -1.461      -1.438
    I01$2           -0.869      -0.852      -0.844      -0.798      -0.752      -0.743      -0.726
    I01$3            0.647       0.665       0.675       0.724       0.773       0.782       0.800
    I02$1           -2.059      -2.027      -2.010      -1.925      -1.840      -1.823      -1.792
    I02$2           -1.146      -1.122      -1.110      -1.048      -0.985      -0.973      -0.950
    I02$3            0.359       0.378       0.388       0.438       0.488       0.497       0.516
    I03$1           -1.889      -1.865      -1.853      -1.790      -1.726      -1.714      -1.690
    I03$2           -1.103      -1.085      -1.075      -1.026      -0.976      -0.967      -0.949
    I03$3            0.135       0.155       0.165       0.218       0.272       0.282       0.302
    I05$1           -1.708      -1.686      -1.674      -1.614      -1.555      -1.543      -1.521
    I05$2           -1.031      -1.011      -1.000      -0.945      -0.890      -0.880      -0.859
    I05$3            0.166       0.187       0.198       0.255       0.312       0.323       0.344

 Variances
    ETA              1.000       1.000       1.000       1.000       1.000       1.000       1.000

 Residual Variances
    U01              0.000       0.000       0.000       0.000       0.000       0.000       0.000
    U02              0.000       0.000       0.000       0.000       0.000       0.000       0.000
    U03              0.000       0.000       0.000       0.000       0.000       0.000       0.000
    U05              0.000       0.000       0.000       0.000       0.000       0.000       0.000

 Scales
    I01              1.000       1.000       1.000       1.000       1.000       1.000       1.000
    I02              1.000       1.000       1.000       1.000       1.000       1.000       1.000
    I03              1.000       1.000       1.000       1.000       1.000       1.000       1.000
    I05              1.000       1.000       1.000       1.000       1.000       1.000       1.000

Group ENG

 U01      BY
    I01              1.000       1.000       1.000       1.000       1.000       1.000       1.000

 U02      BY
    I02              1.000       1.000       1.000       1.000       1.000       1.000       1.000

 U03      BY
    I03              1.000       1.000       1.000       1.000       1.000       1.000       1.000

 U05      BY
    I05              1.000       1.000       1.000       1.000       1.000       1.000       1.000

 ETA      BY
    U01              0.734       0.751       0.759       0.804       0.849       0.857       0.874
    U02              0.827       0.852       0.864       0.930       0.996       1.009       1.033
    U03              0.807       0.828       0.838       0.892       0.946       0.957       0.977
    U05              0.716       0.736       0.746       0.800       0.853       0.863       0.883

 Means
    ETA              0.000       0.000       0.000       0.000       0.000       0.000       0.000

 Intercepts
    U01             -0.350      -0.324      -0.311      -0.243      -0.175      -0.162      -0.136
    U02              0.060       0.089       0.104       0.180       0.257       0.272       0.301
    U03             -0.274      -0.247      -0.232      -0.158      -0.084      -0.070      -0.042
    U05             -0.237      -0.208      -0.193      -0.115      -0.037      -0.022       0.007

 Thresholds
    I01$1           -1.632      -1.609      -1.597      -1.535      -1.473      -1.461      -1.438
    I01$2           -0.869      -0.852      -0.844      -0.798      -0.752      -0.743      -0.726
    I01$3            0.647       0.665       0.675       0.724       0.773       0.782       0.800
    I02$1           -2.059      -2.027      -2.010      -1.925      -1.840      -1.823      -1.792
    I02$2           -1.146      -1.122      -1.110      -1.048      -0.985      -0.973      -0.950
    I02$3            0.359       0.378       0.388       0.438       0.488       0.497       0.516
    I03$1           -1.889      -1.865      -1.853      -1.790      -1.726      -1.714      -1.690
    I03$2           -1.103      -1.085      -1.075      -1.026      -0.976      -0.967      -0.949
    I03$3            0.135       0.155       0.165       0.218       0.272       0.282       0.302
    I05$1           -1.708      -1.686      -1.674      -1.614      -1.555      -1.543      -1.521
    I05$2           -1.031      -1.011      -1.000      -0.945      -0.890      -0.880      -0.859
    I05$3            0.166       0.187       0.198       0.255       0.312       0.323       0.344

 Variances
    ETA              1.000       1.000       1.000       1.000       1.000       1.000       1.000

 Residual Variances
    U01              0.000       0.000       0.000       0.000       0.000       0.000       0.000
    U02              0.000       0.000       0.000       0.000       0.000       0.000       0.000
    U03              0.000       0.000       0.000       0.000       0.000       0.000       0.000
    U05              0.000       0.000       0.000       0.000       0.000       0.000       0.000

 Scales
    I01              0.857       0.871       0.879       0.916       0.953       0.960       0.974
    I02              0.731       0.749       0.758       0.806       0.854       0.863       0.881
    I03              0.845       0.862       0.870       0.915       0.959       0.967       0.984
    I05              0.930       0.949       0.958       1.009       1.060       1.070       1.089


CONFIDENCE INTERVALS OF STANDARDIZED MODEL RESULTS


STDYX Standardization

                  Lower .5%  Lower 2.5%    Lower 5%    Estimate    Upper 5%  Upper 2.5%   Upper .5%

Group CHL

 U01      BY
    I01              0.681       0.688       0.692       0.711       0.730       0.734       0.741

 U02      BY
    I02              0.761       0.767       0.770       0.787       0.804       0.807       0.813

 U03      BY
    I03              0.818       0.825       0.829       0.846       0.864       0.868       0.875

 U05      BY
    I05              0.755       0.762       0.765       0.784       0.802       0.806       0.813

 ETA      BY
    U01              1.000       1.000       1.000       1.000       1.000       1.000       1.000
    U02              1.000       1.000       1.000       1.000       1.000       1.000       1.000
    U03              1.000       1.000       1.000       1.000       1.000       1.000       1.000
    U05              1.000       1.000       1.000       1.000       1.000       1.000       1.000

 Means
    ETA              0.000       0.000       0.000       0.000       0.000       0.000       0.000

 Intercepts
    U01              0.000       0.000       0.000       0.000       0.000       0.000       0.000
    U02              0.000       0.000       0.000       0.000       0.000       0.000       0.000
    U03              0.000       0.000       0.000       0.000       0.000       0.000       0.000
    U05              0.000       0.000       0.000       0.000       0.000       0.000       0.000

 Thresholds
    I01$1           -1.632      -1.609      -1.597      -1.535      -1.473      -1.461      -1.438
    I01$2           -0.869      -0.852      -0.844      -0.798      -0.752      -0.743      -0.726
    I01$3            0.647       0.665       0.675       0.724       0.773       0.782       0.800
    I02$1           -2.059      -2.027      -2.010      -1.925      -1.840      -1.823      -1.792
    I02$2           -1.146      -1.122      -1.110      -1.048      -0.985      -0.973      -0.950
    I02$3            0.359       0.378       0.388       0.438       0.488       0.497       0.516
    I03$1           -1.889      -1.865      -1.853      -1.790      -1.726      -1.714      -1.690
    I03$2           -1.103      -1.085      -1.075      -1.026      -0.976      -0.967      -0.949
    I03$3            0.135       0.155       0.165       0.218       0.272       0.282       0.302
    I05$1           -1.708      -1.686      -1.674      -1.614      -1.555      -1.543      -1.521
    I05$2           -1.031      -1.011      -1.000      -0.945      -0.890      -0.880      -0.859
    I05$3            0.166       0.187       0.198       0.255       0.312       0.323       0.344

 Variances
    ETA              1.000       1.000       1.000       1.000       1.000       1.000       1.000

 Residual Variances
    U01            999.000     999.000     999.000       0.000     999.000     999.000     999.000
    U02            999.000     999.000     999.000       0.000     999.000     999.000     999.000
    U03            999.000     999.000     999.000       0.000     999.000     999.000     999.000
    U05            999.000     999.000     999.000       0.000     999.000     999.000     999.000

 Scales
    I01              1.000       1.000       1.000       1.000       1.000       1.000       1.000
    I02              1.000       1.000       1.000       1.000       1.000       1.000       1.000
    I03              1.000       1.000       1.000       1.000       1.000       1.000       1.000
    I05              1.000       1.000       1.000       1.000       1.000       1.000       1.000

Group ENG

 U01      BY
    I01              0.705       0.713       0.716       0.736       0.756       0.760       0.767

 U02      BY
    I02              0.716       0.724       0.728       0.750       0.771       0.775       0.784

 U03      BY
    I03              0.781       0.790       0.794       0.816       0.838       0.842       0.850

 U05      BY
    I05              0.776       0.783       0.787       0.807       0.827       0.831       0.838

 ETA      BY
    U01              1.000       1.000       1.000       1.000       1.000       1.000       1.000
    U02              1.000       1.000       1.000       1.000       1.000       1.000       1.000
    U03              1.000       1.000       1.000       1.000       1.000       1.000       1.000
    U05              1.000       1.000       1.000       1.000       1.000       1.000       1.000

 Means
    ETA              0.000       0.000       0.000       0.000       0.000       0.000       0.000

 Intercepts
    U01             -0.437      -0.405      -0.388      -0.302      -0.216      -0.200      -0.168
    U02              0.067       0.097       0.113       0.194       0.275       0.291       0.321
    U03             -0.313      -0.281      -0.264      -0.177      -0.091      -0.074      -0.042
    U05             -0.301      -0.264      -0.244      -0.144      -0.043      -0.024       0.014

 Thresholds
    I01$1           -1.496      -1.474      -1.463      -1.406      -1.348      -1.337      -1.316
    I01$2           -0.799      -0.783      -0.774      -0.730      -0.687      -0.678      -0.662
    I01$3            0.596       0.612       0.620       0.663       0.705       0.713       0.729
    I02$1           -1.679      -1.648      -1.633      -1.551      -1.470      -1.454      -1.424
    I02$2           -0.924      -0.905      -0.895      -0.844      -0.794      -0.784      -0.765
    I02$3            0.293       0.307       0.315       0.353       0.391       0.398       0.412
    I03$1           -1.746      -1.720      -1.706      -1.637      -1.567      -1.554      -1.527
    I03$2           -1.028      -1.006      -0.995      -0.938      -0.881      -0.870      -0.848
    I03$3            0.128       0.145       0.154       0.200       0.245       0.254       0.271
    I05$1           -1.765      -1.733      -1.716      -1.630      -1.543      -1.526      -1.494
    I05$2           -1.064      -1.037      -1.024      -0.954      -0.884      -0.871      -0.844
    I05$3            0.171       0.192       0.202       0.258       0.313       0.324       0.344

 Variances
    ETA              1.000       1.000       1.000       1.000       1.000       1.000       1.000

 Residual Variances
    U01            999.000     999.000     999.000       0.000     999.000     999.000     999.000
    U02            999.000     999.000     999.000       0.000     999.000     999.000     999.000
    U03            999.000     999.000     999.000       0.000     999.000     999.000     999.000
    U05            999.000     999.000     999.000       0.000     999.000     999.000     999.000

 Scales
    I01              1.000       1.000       1.000       1.000       1.000       1.000       1.000
    I02              1.000       1.000       1.000       1.000       1.000       1.000       1.000
    I03              1.000       1.000       1.000       1.000       1.000       1.000       1.000
    I05              1.000       1.000       1.000       1.000       1.000       1.000       1.000


STDY Standardization

                  Lower .5%  Lower 2.5%    Lower 5%    Estimate    Upper 5%  Upper 2.5%   Upper .5%

Group CHL

 U01      BY
    I01              0.681       0.688       0.692       0.711       0.730       0.734       0.741

 U02      BY
    I02              0.761       0.767       0.770       0.787       0.804       0.807       0.813

 U03      BY
    I03              0.818       0.825       0.829       0.846       0.864       0.868       0.875

 U05      BY
    I05              0.755       0.762       0.765       0.784       0.802       0.806       0.813

 ETA      BY
    U01              1.000       1.000       1.000       1.000       1.000       1.000       1.000
    U02              1.000       1.000       1.000       1.000       1.000       1.000       1.000
    U03              1.000       1.000       1.000       1.000       1.000       1.000       1.000
    U05              1.000       1.000       1.000       1.000       1.000       1.000       1.000

 Means
    ETA              0.000       0.000       0.000       0.000       0.000       0.000       0.000

 Intercepts
    U01              0.000       0.000       0.000       0.000       0.000       0.000       0.000
    U02              0.000       0.000       0.000       0.000       0.000       0.000       0.000
    U03              0.000       0.000       0.000       0.000       0.000       0.000       0.000
    U05              0.000       0.000       0.000       0.000       0.000       0.000       0.000

 Thresholds
    I01$1           -1.632      -1.609      -1.597      -1.535      -1.473      -1.461      -1.438
    I01$2           -0.869      -0.852      -0.844      -0.798      -0.752      -0.743      -0.726
    I01$3            0.647       0.665       0.675       0.724       0.773       0.782       0.800
    I02$1           -2.059      -2.027      -2.010      -1.925      -1.840      -1.823      -1.792
    I02$2           -1.146      -1.122      -1.110      -1.048      -0.985      -0.973      -0.950
    I02$3            0.359       0.378       0.388       0.438       0.488       0.497       0.516
    I03$1           -1.889      -1.865      -1.853      -1.790      -1.726      -1.714      -1.690
    I03$2           -1.103      -1.085      -1.075      -1.026      -0.976      -0.967      -0.949
    I03$3            0.135       0.155       0.165       0.218       0.272       0.282       0.302
    I05$1           -1.708      -1.686      -1.674      -1.614      -1.555      -1.543      -1.521
    I05$2           -1.031      -1.011      -1.000      -0.945      -0.890      -0.880      -0.859
    I05$3            0.166       0.187       0.198       0.255       0.312       0.323       0.344

 Variances
    ETA              1.000       1.000       1.000       1.000       1.000       1.000       1.000

 Residual Variances
    U01            999.000     999.000     999.000     999.000     999.000     999.000     999.000
    U02            999.000     999.000     999.000     999.000     999.000     999.000     999.000
    U03            999.000     999.000     999.000     999.000     999.000     999.000     999.000
    U05            999.000     999.000     999.000     999.000     999.000     999.000     999.000

 Scales
    I01              1.000       1.000       1.000       1.000       1.000       1.000       1.000
    I02              1.000       1.000       1.000       1.000       1.000       1.000       1.000
    I03              1.000       1.000       1.000       1.000       1.000       1.000       1.000
    I05              1.000       1.000       1.000       1.000       1.000       1.000       1.000

Group ENG

 U01      BY
    I01              0.705       0.713       0.716       0.736       0.756       0.760       0.767

 U02      BY
    I02              0.716       0.724       0.728       0.750       0.771       0.775       0.784

 U03      BY
    I03              0.781       0.790       0.794       0.816       0.838       0.842       0.850

 U05      BY
    I05              0.776       0.783       0.787       0.807       0.827       0.831       0.838

 ETA      BY
    U01              1.000       1.000       1.000       1.000       1.000       1.000       1.000
    U02              1.000       1.000       1.000       1.000       1.000       1.000       1.000
    U03              1.000       1.000       1.000       1.000       1.000       1.000       1.000
    U05              1.000       1.000       1.000       1.000       1.000       1.000       1.000

 Means
    ETA              0.000       0.000       0.000       0.000       0.000       0.000       0.000

 Intercepts
    U01             -0.437      -0.405      -0.388      -0.302      -0.216      -0.200      -0.168
    U02              0.067       0.097       0.113       0.194       0.275       0.291       0.321
    U03             -0.313      -0.281      -0.264      -0.177      -0.091      -0.074      -0.042
    U05             -0.301      -0.264      -0.244      -0.144      -0.043      -0.024       0.014

 Thresholds
    I01$1           -1.496      -1.474      -1.463      -1.406      -1.348      -1.337      -1.316
    I01$2           -0.799      -0.783      -0.774      -0.730      -0.687      -0.678      -0.662
    I01$3            0.596       0.612       0.620       0.663       0.705       0.713       0.729
    I02$1           -1.679      -1.648      -1.633      -1.551      -1.470      -1.454      -1.424
    I02$2           -0.924      -0.905      -0.895      -0.844      -0.794      -0.784      -0.765
    I02$3            0.293       0.307       0.315       0.353       0.391       0.398       0.412
    I03$1           -1.746      -1.720      -1.706      -1.637      -1.567      -1.554      -1.527
    I03$2           -1.028      -1.006      -0.995      -0.938      -0.881      -0.870      -0.848
    I03$3            0.128       0.145       0.154       0.200       0.245       0.254       0.271
    I05$1           -1.765      -1.733      -1.716      -1.630      -1.543      -1.526      -1.494
    I05$2           -1.064      -1.037      -1.024      -0.954      -0.884      -0.871      -0.844
    I05$3            0.171       0.192       0.202       0.258       0.313       0.324       0.344

 Variances
    ETA              1.000       1.000       1.000       1.000       1.000       1.000       1.000

 Residual Variances
    U01            999.000     999.000     999.000     999.000     999.000     999.000     999.000
    U02            999.000     999.000     999.000     999.000     999.000     999.000     999.000
    U03            999.000     999.000     999.000     999.000     999.000     999.000     999.000
    U05            999.000     999.000     999.000     999.000     999.000     999.000     999.000

 Scales
    I01              1.000       1.000       1.000       1.000       1.000       1.000       1.000
    I02              1.000       1.000       1.000       1.000       1.000       1.000       1.000
    I03              1.000       1.000       1.000       1.000       1.000       1.000       1.000
    I05              1.000       1.000       1.000       1.000       1.000       1.000       1.000


STD Standardization

                  Lower .5%  Lower 2.5%    Lower 5%    Estimate    Upper 5%  Upper 2.5%   Upper .5%

Group CHL

 U01      BY
    I01              0.681       0.688       0.692       0.711       0.730       0.734       0.741

 U02      BY
    I02              0.761       0.767       0.770       0.787       0.804       0.807       0.813

 U03      BY
    I03              0.818       0.825       0.829       0.846       0.864       0.868       0.875

 U05      BY
    I05              0.755       0.762       0.765       0.784       0.802       0.806       0.813

 ETA      BY
    U01              1.000       1.000       1.000       1.000       1.000       1.000       1.000
    U02              1.000       1.000       1.000       1.000       1.000       1.000       1.000
    U03              1.000       1.000       1.000       1.000       1.000       1.000       1.000
    U05              1.000       1.000       1.000       1.000       1.000       1.000       1.000

 Means
    ETA              0.000       0.000       0.000       0.000       0.000       0.000       0.000

 Intercepts
    U01              0.000       0.000       0.000       0.000       0.000       0.000       0.000
    U02              0.000       0.000       0.000       0.000       0.000       0.000       0.000
    U03              0.000       0.000       0.000       0.000       0.000       0.000       0.000
    U05              0.000       0.000       0.000       0.000       0.000       0.000       0.000

 Thresholds
    I01$1           -1.632      -1.609      -1.597      -1.535      -1.473      -1.461      -1.438
    I01$2           -0.869      -0.852      -0.844      -0.798      -0.752      -0.743      -0.726
    I01$3            0.647       0.665       0.675       0.724       0.773       0.782       0.800
    I02$1           -2.059      -2.027      -2.010      -1.925      -1.840      -1.823      -1.792
    I02$2           -1.146      -1.122      -1.110      -1.048      -0.985      -0.973      -0.950
    I02$3            0.359       0.378       0.388       0.438       0.488       0.497       0.516
    I03$1           -1.889      -1.865      -1.853      -1.790      -1.726      -1.714      -1.690
    I03$2           -1.103      -1.085      -1.075      -1.026      -0.976      -0.967      -0.949
    I03$3            0.135       0.155       0.165       0.218       0.272       0.282       0.302
    I05$1           -1.708      -1.686      -1.674      -1.614      -1.555      -1.543      -1.521
    I05$2           -1.031      -1.011      -1.000      -0.945      -0.890      -0.880      -0.859
    I05$3            0.166       0.187       0.198       0.255       0.312       0.323       0.344

 Variances
    ETA              1.000       1.000       1.000       1.000       1.000       1.000       1.000

 Residual Variances
    U01            999.000     999.000     999.000     999.000     999.000     999.000     999.000
    U02            999.000     999.000     999.000     999.000     999.000     999.000     999.000
    U03            999.000     999.000     999.000     999.000     999.000     999.000     999.000
    U05            999.000     999.000     999.000     999.000     999.000     999.000     999.000

 Scales
    I01              1.000       1.000       1.000       1.000       1.000       1.000       1.000
    I02              1.000       1.000       1.000       1.000       1.000       1.000       1.000
    I03              1.000       1.000       1.000       1.000       1.000       1.000       1.000
    I05              1.000       1.000       1.000       1.000       1.000       1.000       1.000

Group ENG

 U01      BY
    I01              0.734       0.751       0.759       0.804       0.849       0.857       0.874

 U02      BY
    I02              0.827       0.852       0.864       0.930       0.996       1.009       1.033

 U03      BY
    I03              0.807       0.828       0.838       0.892       0.946       0.957       0.977

 U05      BY
    I05              0.716       0.736       0.746       0.800       0.853       0.863       0.883

 ETA      BY
    U01              1.000       1.000       1.000       1.000       1.000       1.000       1.000
    U02              1.000       1.000       1.000       1.000       1.000       1.000       1.000
    U03              1.000       1.000       1.000       1.000       1.000       1.000       1.000
    U05              1.000       1.000       1.000       1.000       1.000       1.000       1.000

 Means
    ETA              0.000       0.000       0.000       0.000       0.000       0.000       0.000

 Intercepts
    U01             -0.437      -0.405      -0.388      -0.302      -0.216      -0.200      -0.168
    U02              0.067       0.097       0.113       0.194       0.275       0.291       0.321
    U03             -0.313      -0.281      -0.264      -0.177      -0.091      -0.074      -0.042
    U05             -0.301      -0.264      -0.244      -0.144      -0.043      -0.024       0.014

 Thresholds
    I01$1           -1.632      -1.609      -1.597      -1.535      -1.473      -1.461      -1.438
    I01$2           -0.869      -0.852      -0.844      -0.798      -0.752      -0.743      -0.726
    I01$3            0.647       0.665       0.675       0.724       0.773       0.782       0.800
    I02$1           -2.059      -2.027      -2.010      -1.925      -1.840      -1.823      -1.792
    I02$2           -1.146      -1.122      -1.110      -1.048      -0.985      -0.973      -0.950
    I02$3            0.359       0.378       0.388       0.438       0.488       0.497       0.516
    I03$1           -1.889      -1.865      -1.853      -1.790      -1.726      -1.714      -1.690
    I03$2           -1.103      -1.085      -1.075      -1.026      -0.976      -0.967      -0.949
    I03$3            0.135       0.155       0.165       0.218       0.272       0.282       0.302
    I05$1           -1.708      -1.686      -1.674      -1.614      -1.555      -1.543      -1.521
    I05$2           -1.031      -1.011      -1.000      -0.945      -0.890      -0.880      -0.859
    I05$3            0.166       0.187       0.198       0.255       0.312       0.323       0.344

 Variances
    ETA              1.000       1.000       1.000       1.000       1.000       1.000       1.000

 Residual Variances
    U01            999.000     999.000     999.000     999.000     999.000     999.000     999.000
    U02            999.000     999.000     999.000     999.000     999.000     999.000     999.000
    U03            999.000     999.000     999.000     999.000     999.000     999.000     999.000
    U05            999.000     999.000     999.000     999.000     999.000     999.000     999.000

 Scales
    I01              0.857       0.871       0.879       0.916       0.953       0.960       0.974
    I02              0.731       0.749       0.758       0.806       0.854       0.863       0.881
    I03              0.845       0.862       0.870       0.915       0.959       0.967       0.984
    I05              0.930       0.949       0.958       1.009       1.060       1.070       1.089


MODEL COMMAND WITH FINAL ESTIMATES USED AS STARTING VALUES

     u01 BY i01;
     u02 BY i02;
     u03 BY i03;
     u05 BY i05;
     eta BY u01;
     eta BY u02;
     eta BY u03;
     eta BY u05;

  MODEL CHL:

     u01 BY i01@1;
     u02 BY i02@1;
     u03 BY i03@1;
     u05 BY i05@1;

     eta BY u01*0.71069;
     eta BY u02*0.78701;
     eta BY u03*0.84647;
     eta BY u05*0.78369;

     [ u01@0 ];
     [ u02@0 ];
     [ u03@0 ];
     [ u05@0 ];
     [ eta@0 ];

     [ i01$1*-1.53504 ] (t01);
     [ i01$2*-0.79757 ] (t02);
     [ i01$3*0.72355 ] (t03);
     [ i02$1*-1.92514 ] (t04);
     [ i02$2*-1.04791 ] (t05);
     [ i02$3*0.43768 ] (t06);
     [ i03$1*-1.78963 ] (t07);
     [ i03$2*-1.02583 ] (t08);
     [ i03$3*0.21822 ] (t09);
     [ i05$1*-1.61445 ] (t10);
     [ i05$2*-0.94516 ] (t11);
     [ i05$3*0.25530 ] (t12);

     u01@0;
     u02@0;
     u03@0;
     u05@0;
     eta@1;

     { i01@1 };
     { i02@1 };
     { i03@1 };
     { i05@1 };

  MODEL ENG:

     u01 BY i01@1;
     u02 BY i02@1;
     u03 BY i03@1;
     u05 BY i05@1;

     eta BY u01*0.80385;
     eta BY u02*0.93017;
     eta BY u03*0.89203;
     eta BY u05*0.79961;

     [ u01*-0.24302 ];
     [ u02*0.18049 ];
     [ u03*-0.15829 ];
     [ u05*-0.11487 ];
     [ eta@0 ];

     [ i01$1*-1.53504 ] (t01);
     [ i01$2*-0.79757 ] (t02);
     [ i01$3*0.72355 ] (t03);
     [ i02$1*-1.92514 ] (t04);
     [ i02$2*-1.04791 ] (t05);
     [ i02$3*0.43768 ] (t06);
     [ i03$1*-1.78963 ] (t07);
     [ i03$2*-1.02583 ] (t08);
     [ i03$3*0.21822 ] (t09);
     [ i05$1*-1.61445 ] (t10);
     [ i05$2*-0.94516 ] (t11);
     [ i05$3*0.25530 ] (t12);

     u01@0;
     u02@0;
     u03@0;
     u05@0;
     eta@1;

     { i01*0.91588 };
     { i02@0.80585 };
     { i03@0.91451 };
     { i05@1.00932 };



RESIDUAL OUTPUT


     ESTIMATED MODEL AND RESIDUALS (OBSERVED - ESTIMATED) FOR CHL


           Model Estimated Means/Intercepts/Thresholds
              I01$1         I01$2         I01$3         I02$1         I02$2
              ________      ________      ________      ________      ________
               -1.535        -0.798         0.724        -1.925        -1.048


           Model Estimated Means/Intercepts/Thresholds
              I02$3         I03$1         I03$2         I03$3         I05$1
              ________      ________      ________      ________      ________
                0.438        -1.790        -1.026         0.218        -1.614


           Model Estimated Means/Intercepts/Thresholds
              I05$2         I05$3
              ________      ________
               -0.945         0.255


           Residuals for Means/Intercepts/Thresholds
              I01$1         I01$2         I01$3         I02$1         I02$2
              ________      ________      ________      ________      ________
                0.012        -0.009         0.003         0.009        -0.008


           Residuals for Means/Intercepts/Thresholds
              I02$3         I03$1         I03$2         I03$3         I05$1
              ________      ________      ________      ________      ________
                0.001         0.004        -0.004         0.002        -0.008


           Residuals for Means/Intercepts/Thresholds
              I05$2         I05$3
              ________      ________
                0.012        -0.004


           Model Estimated Covariances/Correlations/Residual Correlations
              I01           I02           I03           I05
              ________      ________      ________      ________
 I01
 I02            0.559
 I03            0.602         0.666
 I05            0.557         0.617         0.663


           Residuals for Covariances/Correlations/Residual Correlations
              I01           I02           I03           I05
              ________      ________      ________      ________
 I01
 I02            0.009
 I03           -0.039         0.010
 I05            0.017        -0.021         0.007


     ESTIMATED MODEL AND RESIDUALS (OBSERVED - ESTIMATED) FOR ENG


           Model Estimated Means/Intercepts/Thresholds
              I01$1         I01$2         I01$3         I02$1         I02$2
              ________      ________      ________      ________      ________
               -1.183        -0.508         0.885        -1.697        -0.990


           Model Estimated Means/Intercepts/Thresholds
              I02$3         I03$1         I03$2         I03$3         I05$1
              ________      ________      ________      ________      ________
                0.207        -1.492        -0.793         0.344        -1.514


           Model Estimated Means/Intercepts/Thresholds
              I05$2         I05$3
              ________      ________
               -0.838         0.374


           Residuals for Means/Intercepts/Thresholds
              I01$1         I01$2         I01$3         I02$1         I02$2
              ________      ________      ________      ________      ________
               -0.012         0.015        -0.005        -0.013         0.008


           Residuals for Means/Intercepts/Thresholds
              I02$3         I03$1         I03$2         I03$3         I05$1
              ________      ________      ________      ________      ________
               -0.002        -0.004         0.005        -0.002         0.011


           Residuals for Means/Intercepts/Thresholds
              I05$2         I05$3
              ________      ________
               -0.014         0.005


           Model Estimated Covariances/Correlations/Residual Correlations
              I01           I02           I03           I05
              ________      ________      ________      ________
 I01
 I02            0.552
 I03            0.601         0.611
 I05            0.594         0.605         0.658


           Residuals for Covariances/Correlations/Residual Correlations
              I01           I02           I03           I05
              ________      ________      ________      ________
 I01
 I02           -0.013
 I03           -0.004         0.016
 I05            0.017        -0.004        -0.009


SAVEDATA INFORMATION

     Factor scores were not computed.
     No data were saved.


PLOT INFORMATION

The following plots are available:

  Sample proportions and estimated probabilities
  Item characteristic curves
  Information curves
  Measurement parameter plots

     Beginning Time:  03:54:42
        Ending Time:  03:54:42
       Elapsed Time:  00:00:00



MUTHEN & MUTHEN
3463 Stoner Ave.
Los Angeles, CA  90066

Tel: (310) 391-9971
Fax: (310) 391-8971
Web: www.StatModel.com
Support: Support@StatModel.com

Copyright (c) 1998-2024 Muthen & Muthen
