Mplus VERSION 8.11 (Mac)
MUTHEN & MUTHEN
12/14/2024   3:45 AM

INPUT INSTRUCTIONS

  DATA:
  FILE = "scale_001_inv_01.dat";

  VARIABLE:
  NAMES = id_i id_j id_s ws id_k i01 i02 i03 i05;
   MISSING=.;

  STRATIFICATION = id_s;
  CLUSTER        = id_j;
  WEIGHT         = ws;
  IDVARIABLE     = id_i;


  USEVARIABLES =
  i01
  i02
  i03
  i05
  ;

  CATEGORICAL =
  i01
  i02
  i03
  i05
  ;
  GROUPING = id_k (
  11 = CHL
  18 = ENG
  );

  ANALYSIS:

  TYPE = COMPLEX;
  ESTIMATOR = WLSMV;

  MODEL:

  u01 by i01@1;
  u02 by i02@1;
  u03 by i03@1;
  u05 by i05@1;
  eta BY u01* (l01);
  eta BY u02* (l02);
  eta BY u03* (l03);
  eta BY u05* (l05);

  MODEL CHL:
  u01 by i01@1;
  u02 by i02@1;
  u03 by i03@1;
  u05 by i05@1;
  eta BY u01* (l01);
  eta BY u02* (l02);
  eta BY u03* (l03);
  eta BY u05* (l05);
  [ i01$1*]   (t01);
  [ i01$2*]   (t02);
  [ i01$3*]   (t03);
  [ i02$1*]   (t04);
  [ i02$2*]   (t05);
  [ i02$3*]   (t06);
  [ i03$1*]   (t07);
  [ i03$2*]   (t08);
  [ i03$3*]   (t09);
  [ i05$1*]   (t10);
  [ i05$2*]   (t11);
  [ i05$3*]   (t12);
  { i01@1 };
  { i02@1 };
  { i03@1 };
  { i05@1 };
  [u01@0];
  [u02@0];
  [u03@0];
  [u05@0];
  u01@0;
  u02@0;
  u03@0;
  u05@0;
  [eta@0];
  eta@1;
  MODEL ENG:
  u01 by i01@1;
  u02 by i02@1;
  u03 by i03@1;
  u05 by i05@1;
  eta BY u01* (l01);
  eta BY u02* (l02);
  eta BY u03* (l03);
  eta BY u05* (l05);
  [ i01$1*]   (t01);
  [ i01$2*]   (t02);
  [ i01$3*]   (t03);
  [ i02$1*]   (t04);
  [ i02$2*]   (t05);
  [ i02$3*]   (t06);
  [ i03$1*]   (t07);
  [ i03$2*]   (t08);
  [ i03$3*]   (t09);
  [ i05$1*]   (t10);
  [ i05$2*]   (t11);
  [ i05$3*]   (t12);
  { i01@1 };
  { i02@1 };
  { i03@1 };
  { i05@1 };
  [u01*];
  [u02*];
  [u03*];
  [u05*];
  u01@0;
  u02@0;
  u03@0;
  u05@0;
  [eta@0];
  eta*;

  OUTPUT:

  STANDARDIZED
  SAMPSTAT
  PATTERNS
  CINTERVAL
  RESIDUAL
  SVALUES
  ;

  SAVEDATA:

  FILE = scale_001_inv_01_scores.dat;
  SAVE = FSCORES;

  PLOT:

  TYPE = PLOT2;




*** WARNING
  Data set contains cases with missing on all variables.
  These cases were not included in the analysis.
  Number of cases with missing on all variables:  248
   1 WARNING(S) FOUND IN THE INPUT INSTRUCTIONS




SUMMARY OF ANALYSIS

Number of groups                                                 2
Number of observations
   Group CHL                                                  4042
   Group ENG                                                  3190
   Total sample size                                          7232

Number of dependent variables                                    4
Number of independent variables                                  0
Number of continuous latent variables                            5

Observed dependent variables

  Binary and ordered categorical (ordinal)
   I01         I02         I03         I05

Continuous latent variables
   U01         U02         U03         U05         ETA

Variables with special functions

  Grouping variable     ID_K
  Stratification        ID_S
  Cluster variable      ID_J
  Weight variable       WS
  ID variable           ID_I

Estimator                                                    WLSMV
Maximum number of iterations                                  1000
Convergence criterion                                    0.500D-04
Maximum number of steepest descent iterations                   20
Maximum number of iterations for H1                           2000
Convergence criterion for H1                             0.100D-03
Parameterization                                             DELTA
Link                                                        PROBIT

Input data file(s)
  scale_001_inv_01.dat

Input data format  FREE


SUMMARY OF DATA

   Total number of strata                      143
   Total number of clusters                    295

   Group CHL
     Number of missing data patterns            10
     Number of strata                           75
     Number of clusters                        164

   Group ENG
     Number of missing data patterns            12
     Number of strata                           68
     Number of clusters                        131


SUMMARY OF MISSING DATA PATTERNS


     MISSING DATA PATTERNS FOR CHL (x = not missing)

           1  2  3  4  5  6  7  8  9 10
 I01       x  x  x  x  x  x  x
 I02       x  x  x              x
 I03       x  x     x  x        x  x
 I05       x     x  x     x     x  x  x


     MISSING DATA PATTERN FREQUENCIES FOR CHL

    Pattern   Frequency     Pattern   Frequency     Pattern   Frequency
          1        3980           5           1           9           2
          2           9           6           2          10           1
          3          28           7           4
          4          11           8           4


     MISSING DATA PATTERNS FOR ENG (x = not missing)

           1  2  3  4  5  6  7  8  9 10 11 12
 I01       x  x  x  x  x  x  x
 I02       x  x  x  x           x  x
 I03       x  x        x        x     x  x
 I05       x     x     x  x     x     x     x


     MISSING DATA PATTERN FREQUENCIES FOR ENG

    Pattern   Frequency     Pattern   Frequency     Pattern   Frequency
          1        3086           5          10           9           1
          2          15           6           5          10           1
          3          54           7           4          11           2
          4           3           8           7          12           2


COVARIANCE COVERAGE OF DATA

Minimum covariance coverage value   0.100


     PROPORTION OF DATA PRESENT FOR CHL


           Covariance Coverage
              I01           I02           I03           I05
              ________      ________      ________      ________
 I01            0.998
 I02            0.994         0.995
 I03            0.990         0.988         0.991
 I05            0.995         0.993         0.989         0.997


     PROPORTION OF DATA PRESENT FOR ENG


           Covariance Coverage
              I01           I02           I03           I05
              ________      ________      ________      ________
 I01            0.996
 I02            0.990         0.992
 I03            0.975         0.974         0.978
 I05            0.989         0.987         0.973         0.992


UNIVARIATE PROPORTIONS AND COUNTS FOR CATEGORICAL VARIABLES

  Group CHL
    I01
      Category 1    0.064          257.721
      Category 2    0.146          589.180
      Category 3    0.556         2244.824
      Category 4    0.234          942.782
    I02
      Category 1    0.028          111.148
      Category 2    0.118          473.899
      Category 3    0.524         2107.595
      Category 4    0.330         1327.907
    I03
      Category 1    0.037          148.337
      Category 2    0.114          457.915
      Category 3    0.436         1743.293
      Category 4    0.413         1652.762
    I05
      Category 1    0.052          210.555
      Category 2    0.123          495.497
      Category 3    0.424         1705.791
      Category 4    0.401         1613.992

  Group ENG
    I01
      Category 1    0.116          367.994
      Category 2    0.195          619.456
      Category 3    0.500         1586.428
      Category 4    0.189          600.812
    I02
      Category 1    0.044          138.285
      Category 2    0.120          378.401
      Category 3    0.418         1323.846
      Category 4    0.419         1325.550
    I03
      Category 1    0.067          209.885
      Category 2    0.148          461.712
      Category 3    0.419         1305.380
      Category 4    0.366         1142.024
    I05
      Category 1    0.067          210.709
      Category 2    0.131          413.526
      Category 3    0.451         1426.965
      Category 4    0.352         1116.150


SAMPLE STATISTICS


     ESTIMATED SAMPLE STATISTICS FOR CHL


           MEANS/INTERCEPTS/THRESHOLDS
              I01$1         I01$2         I01$3         I02$1         I02$2
              ________      ________      ________      ________      ________
               -1.523        -0.807         0.727        -1.917        -1.056


           MEANS/INTERCEPTS/THRESHOLDS
              I02$3         I03$1         I03$2         I03$3         I05$1
              ________      ________      ________      ________      ________
                0.439        -1.786        -1.030         0.220        -1.623


           MEANS/INTERCEPTS/THRESHOLDS
              I05$2         I05$3
              ________      ________
               -0.933         0.251


           CORRELATION MATRIX (WITH VARIANCES ON THE DIAGONAL)
              I01           I02           I03           I05
              ________      ________      ________      ________
 I01
 I02            0.569
 I03            0.562         0.676
 I05            0.574         0.596         0.670


     ESTIMATED SAMPLE STATISTICS FOR ENG


           MEANS/INTERCEPTS/THRESHOLDS
              I01$1         I01$2         I01$3         I02$1         I02$2
              ________      ________      ________      ________      ________
               -1.196        -0.493         0.881        -1.710        -0.981


           MEANS/INTERCEPTS/THRESHOLDS
              I02$3         I03$1         I03$2         I03$3         I05$1
              ________      ________      ________      ________      ________
                0.205        -1.496        -0.788         0.342        -1.502


           MEANS/INTERCEPTS/THRESHOLDS
              I05$2         I05$3
              ________      ________
               -0.852         0.379


           CORRELATION MATRIX (WITH VARIANCES ON THE DIAGONAL)
              I01           I02           I03           I05
              ________      ________      ________      ________
 I01
 I02            0.539
 I03            0.597         0.627
 I05            0.611         0.601         0.649


     WARNING:  THE VARIANCE CONTRIBUTION FROM A STRATUM WITH A SINGLE CLUSTER
     (PSU) IS BASED ON THE DIFFERENCE BETWEEN THE SINGLE CLUSTER VALUE AND
     THE OVERALL CLUSTER MEAN.


THE MODEL ESTIMATION TERMINATED NORMALLY
     THE MODEL COVARIANCE MATRIX IS NOT POSITIVE DEFINITE.
     FACTOR SCORES WILL NOT BE COMPUTED. CHECK YOUR MODEL.



MODEL FIT INFORMATION

Number of Free Parameters                       21

Chi-Square Test of Model Fit

          Value                            112.967*
          Degrees of Freedom                    15
          P-Value                           0.0000

Chi-Square Contribution From Each Group

          CHL                               58.562
          ENG                               54.405

*   The chi-square value for MLM, MLMV, MLR, ULSMV, WLSM and WLSMV cannot be used
    for chi-square difference testing in the regular way.  MLM, MLR and WLSM
    chi-square difference testing is described on the Mplus website.  MLMV, WLSMV,
    and ULSMV difference testing is done using the DIFFTEST option.

RMSEA (Root Mean Square Error Of Approximation)

          Estimate                           0.042
          90 Percent C.I.                    0.035  0.050
          Probability RMSEA <= .05           0.950

CFI/TLI

          CFI                                0.993
          TLI                                0.995

Chi-Square Test of Model Fit for the Baseline Model

          Value                          14948.929
          Degrees of Freedom                    12
          P-Value                           0.0000

SRMR (Standardized Root Mean Square Residual)

          Value                              0.019

Optimum Function Value for Weighted Least-Squares Estimator

          Value                     0.48453636D-02



MODEL RESULTS

                                                    Two-Tailed
                    Estimate       S.E.  Est./S.E.    P-Value

Group CHL

 U01      BY
    I01                1.000      0.000    999.000    999.000

 U02      BY
    I02                1.000      0.000    999.000    999.000

 U03      BY
    I03                1.000      0.000    999.000    999.000

 U05      BY
    I05                1.000      0.000    999.000    999.000

 ETA      BY
    U01                0.724      0.009     77.537      0.000
    U02                0.775      0.009     88.159      0.000
    U03                0.838      0.009     91.412      0.000
    U05                0.795      0.009     86.252      0.000

 Means
    ETA                0.000      0.000    999.000    999.000

 Intercepts
    U01                0.000      0.000    999.000    999.000
    U02                0.000      0.000    999.000    999.000
    U03                0.000      0.000    999.000    999.000
    U05                0.000      0.000    999.000    999.000

 Thresholds
    I01$1             -1.487      0.033    -45.575      0.000
    I01$2             -0.784      0.027    -29.093      0.000
    I01$3              0.681      0.027     25.084      0.000
    I02$1             -1.794      0.043    -42.139      0.000
    I02$2             -0.981      0.033    -29.999      0.000
    I02$3              0.356      0.028     12.767      0.000
    I03$1             -1.747      0.033    -52.963      0.000
    I03$2             -1.016      0.029    -34.670      0.000
    I03$3              0.179      0.029      6.136      0.000
    I05$1             -1.618      0.035    -46.425      0.000
    I05$2             -0.946      0.033    -28.404      0.000
    I05$3              0.259      0.034      7.720      0.000

 Variances
    ETA                1.000      0.000    999.000    999.000

 Residual Variances
    U01                0.000      0.000    999.000    999.000
    U02                0.000      0.000    999.000    999.000
    U03                0.000      0.000    999.000    999.000
    U05                0.000      0.000    999.000    999.000

 Scales
    I01                1.000      0.000    999.000    999.000
    I02                1.000      0.000    999.000    999.000
    I03                1.000      0.000    999.000    999.000
    I05                1.000      0.000    999.000    999.000

Group ENG

 U01      BY
    I01                1.000      0.000    999.000    999.000

 U02      BY
    I02                1.000      0.000    999.000    999.000

 U03      BY
    I03                1.000      0.000    999.000    999.000

 U05      BY
    I05                1.000      0.000    999.000    999.000

 ETA      BY
    U01                0.724      0.009     77.537      0.000
    U02                0.775      0.009     88.159      0.000
    U03                0.838      0.009     91.412      0.000
    U05                0.795      0.009     86.252      0.000

 Means
    ETA                0.000      0.000    999.000    999.000

 Intercepts
    U01               -0.257      0.040     -6.506      0.000
    U02                0.066      0.042      1.585      0.113
    U03               -0.211      0.041     -5.162      0.000
    U05               -0.110      0.046     -2.406      0.016

 Thresholds
    I01$1             -1.487      0.033    -45.575      0.000
    I01$2             -0.784      0.027    -29.093      0.000
    I01$3              0.681      0.027     25.084      0.000
    I02$1             -1.794      0.043    -42.139      0.000
    I02$2             -0.981      0.033    -29.999      0.000
    I02$3              0.356      0.028     12.767      0.000
    I03$1             -1.747      0.033    -52.963      0.000
    I03$2             -1.016      0.029    -34.670      0.000
    I03$3              0.179      0.029      6.136      0.000
    I05$1             -1.618      0.035    -46.425      0.000
    I05$2             -0.946      0.033    -28.404      0.000
    I05$3              0.259      0.034      7.720      0.000

 Variances
    ETA                0.985      0.025     40.166      0.000

 Residual Variances
    U01                0.000      0.000    999.000    999.000
    U02                0.000      0.000    999.000    999.000
    U03                0.000      0.000    999.000    999.000
    U05                0.000      0.000    999.000    999.000

 Scales
    I01                1.000      0.000    999.000    999.000
    I02                1.000      0.000    999.000    999.000
    I03                1.000      0.000    999.000    999.000
    I05                1.000      0.000    999.000    999.000


QUALITY OF NUMERICAL RESULTS

     Condition Number for the Information Matrix              0.110E-01
       (ratio of smallest to largest eigenvalue)


STANDARDIZED MODEL RESULTS


STDYX Standardization

                                                    Two-Tailed
                    Estimate       S.E.  Est./S.E.    P-Value

Group CHL

 U01      BY
    I01                0.724      0.009     77.537      0.000

 U02      BY
    I02                0.775      0.009     88.159      0.000

 U03      BY
    I03                0.838      0.009     91.412      0.000

 U05      BY
    I05                0.795      0.009     86.252      0.000

 ETA      BY
    U01                1.000      0.000    999.000    999.000
    U02                1.000      0.000    999.000    999.000
    U03                1.000      0.000    999.000    999.000
    U05                1.000      0.000    999.000    999.000

 Means
    ETA                0.000      0.000    999.000    999.000

 Intercepts
    U01                0.000      0.000    999.000    999.000
    U02                0.000      0.000    999.000    999.000
    U03                0.000      0.000    999.000    999.000
    U05                0.000      0.000    999.000    999.000

 Thresholds
    I01$1             -1.487      0.033    -45.575      0.000
    I01$2             -0.784      0.027    -29.093      0.000
    I01$3              0.681      0.027     25.084      0.000
    I02$1             -1.794      0.043    -42.139      0.000
    I02$2             -0.981      0.033    -29.999      0.000
    I02$3              0.356      0.028     12.767      0.000
    I03$1             -1.747      0.033    -52.963      0.000
    I03$2             -1.016      0.029    -34.670      0.000
    I03$3              0.179      0.029      6.136      0.000
    I05$1             -1.618      0.035    -46.425      0.000
    I05$2             -0.946      0.033    -28.404      0.000
    I05$3              0.259      0.034      7.720      0.000

 Variances
    ETA                1.000      0.000    999.000    999.000

 Residual Variances
    U01                0.000    999.000    999.000    999.000
    U02                0.000    999.000    999.000    999.000
    U03                0.000    999.000    999.000    999.000
    U05                0.000    999.000    999.000    999.000

 Scales
    I01                1.000      0.000      0.000      1.000
    I02                1.000      0.000      0.000      1.000
    I03                1.000      0.000      0.000      1.000
    I05                1.000      0.000      0.000      1.000

Group ENG

 U01      BY
    I01                0.718      0.010     73.880      0.000

 U02      BY
    I02                0.769      0.010     76.101      0.000

 U03      BY
    I03                0.832      0.011     76.904      0.000

 U05      BY
    I05                0.789      0.010     77.901      0.000

 ETA      BY
    U01                1.000      0.000    999.000    999.000
    U02                1.000      0.000    999.000    999.000
    U03                1.000      0.000    999.000    999.000
    U05                1.000      0.000    999.000    999.000

 Means
    ETA                0.000      0.000    999.000    999.000

 Intercepts
    U01               -0.358      0.056     -6.443      0.000
    U02                0.086      0.054      1.586      0.113
    U03               -0.254      0.049     -5.149      0.000
    U05               -0.139      0.058     -2.412      0.016

 Thresholds
    I01$1             -1.487      0.033    -45.575      0.000
    I01$2             -0.784      0.027    -29.093      0.000
    I01$3              0.681      0.027     25.084      0.000
    I02$1             -1.794      0.043    -42.139      0.000
    I02$2             -0.981      0.033    -29.999      0.000
    I02$3              0.356      0.028     12.767      0.000
    I03$1             -1.747      0.033    -52.963      0.000
    I03$2             -1.016      0.029    -34.670      0.000
    I03$3              0.179      0.029      6.136      0.000
    I05$1             -1.618      0.035    -46.425      0.000
    I05$2             -0.946      0.033    -28.404      0.000
    I05$3              0.259      0.034      7.720      0.000

 Variances
    ETA                1.000      0.000    999.000    999.000

 Residual Variances
    U01                0.000    999.000    999.000    999.000
    U02                0.000    999.000    999.000    999.000
    U03                0.000    999.000    999.000    999.000
    U05                0.000    999.000    999.000    999.000

 Scales
    I01                1.000      0.000      0.000      1.000
    I02                1.000      0.000      0.000      1.000
    I03                1.000      0.000      0.000      1.000
    I05                1.000      0.000      0.000      1.000


STDY Standardization

                                                    Two-Tailed
                    Estimate       S.E.  Est./S.E.    P-Value

Group CHL

 U01      BY
    I01                0.724      0.009     77.537      0.000

 U02      BY
    I02                0.775      0.009     88.159      0.000

 U03      BY
    I03                0.838      0.009     91.412      0.000

 U05      BY
    I05                0.795      0.009     86.252      0.000

 ETA      BY
    U01                1.000      0.000    999.000    999.000
    U02                1.000      0.000    999.000    999.000
    U03                1.000      0.000    999.000    999.000
    U05                1.000      0.000    999.000    999.000

 Means
    ETA                0.000      0.000    999.000    999.000

 Intercepts
    U01                0.000      0.000    999.000    999.000
    U02                0.000      0.000    999.000    999.000
    U03                0.000      0.000    999.000    999.000
    U05                0.000      0.000    999.000    999.000

 Thresholds
    I01$1             -1.487      0.033    -45.575      0.000
    I01$2             -0.784      0.027    -29.093      0.000
    I01$3              0.681      0.027     25.084      0.000
    I02$1             -1.794      0.043    -42.139      0.000
    I02$2             -0.981      0.033    -29.999      0.000
    I02$3              0.356      0.028     12.767      0.000
    I03$1             -1.747      0.033    -52.963      0.000
    I03$2             -1.016      0.029    -34.670      0.000
    I03$3              0.179      0.029      6.136      0.000
    I05$1             -1.618      0.035    -46.425      0.000
    I05$2             -0.946      0.033    -28.404      0.000
    I05$3              0.259      0.034      7.720      0.000

 Variances
    ETA                1.000      0.000    999.000    999.000

 Residual Variances
    U01              999.000    999.000    999.000    999.000
    U02              999.000    999.000    999.000    999.000
    U03              999.000    999.000    999.000    999.000
    U05              999.000    999.000    999.000    999.000

 Scales
    I01                1.000      0.000      0.000      1.000
    I02                1.000      0.000      0.000      1.000
    I03                1.000      0.000      0.000      1.000
    I05                1.000      0.000      0.000      1.000

Group ENG

 U01      BY
    I01                0.718      0.010     73.880      0.000

 U02      BY
    I02                0.769      0.010     76.101      0.000

 U03      BY
    I03                0.832      0.011     76.904      0.000

 U05      BY
    I05                0.789      0.010     77.901      0.000

 ETA      BY
    U01                1.000      0.000    999.000    999.000
    U02                1.000      0.000    999.000    999.000
    U03                1.000      0.000    999.000    999.000
    U05                1.000      0.000    999.000    999.000

 Means
    ETA                0.000      0.000    999.000    999.000

 Intercepts
    U01               -0.358      0.056     -6.443      0.000
    U02                0.086      0.054      1.586      0.113
    U03               -0.254      0.049     -5.149      0.000
    U05               -0.139      0.058     -2.412      0.016

 Thresholds
    I01$1             -1.487      0.033    -45.575      0.000
    I01$2             -0.784      0.027    -29.093      0.000
    I01$3              0.681      0.027     25.084      0.000
    I02$1             -1.794      0.043    -42.139      0.000
    I02$2             -0.981      0.033    -29.999      0.000
    I02$3              0.356      0.028     12.767      0.000
    I03$1             -1.747      0.033    -52.963      0.000
    I03$2             -1.016      0.029    -34.670      0.000
    I03$3              0.179      0.029      6.136      0.000
    I05$1             -1.618      0.035    -46.425      0.000
    I05$2             -0.946      0.033    -28.404      0.000
    I05$3              0.259      0.034      7.720      0.000

 Variances
    ETA                1.000      0.000    999.000    999.000

 Residual Variances
    U01              999.000    999.000    999.000    999.000
    U02              999.000    999.000    999.000    999.000
    U03              999.000    999.000    999.000    999.000
    U05              999.000    999.000    999.000    999.000

 Scales
    I01                1.000      0.000      0.000      1.000
    I02                1.000      0.000      0.000      1.000
    I03                1.000      0.000      0.000      1.000
    I05                1.000      0.000      0.000      1.000


STD Standardization

                                                    Two-Tailed
                    Estimate       S.E.  Est./S.E.    P-Value

Group CHL

 U01      BY
    I01                0.724      0.009     77.537      0.000

 U02      BY
    I02                0.775      0.009     88.159      0.000

 U03      BY
    I03                0.838      0.009     91.412      0.000

 U05      BY
    I05                0.795      0.009     86.252      0.000

 ETA      BY
    U01                1.000      0.000    999.000    999.000
    U02                1.000      0.000    999.000    999.000
    U03                1.000      0.000    999.000    999.000
    U05                1.000      0.000    999.000    999.000

 Means
    ETA                0.000      0.000    999.000    999.000

 Intercepts
    U01                0.000      0.000    999.000    999.000
    U02                0.000      0.000    999.000    999.000
    U03                0.000      0.000    999.000    999.000
    U05                0.000      0.000    999.000    999.000

 Thresholds
    I01$1             -1.487      0.033    -45.575      0.000
    I01$2             -0.784      0.027    -29.093      0.000
    I01$3              0.681      0.027     25.084      0.000
    I02$1             -1.794      0.043    -42.139      0.000
    I02$2             -0.981      0.033    -29.999      0.000
    I02$3              0.356      0.028     12.767      0.000
    I03$1             -1.747      0.033    -52.963      0.000
    I03$2             -1.016      0.029    -34.670      0.000
    I03$3              0.179      0.029      6.136      0.000
    I05$1             -1.618      0.035    -46.425      0.000
    I05$2             -0.946      0.033    -28.404      0.000
    I05$3              0.259      0.034      7.720      0.000

 Variances
    ETA                1.000      0.000    999.000    999.000

 Residual Variances
    U01              999.000    999.000    999.000    999.000
    U02              999.000    999.000    999.000    999.000
    U03              999.000    999.000    999.000    999.000
    U05              999.000    999.000    999.000    999.000

 Scales
    I01                1.000      0.000    999.000    999.000
    I02                1.000      0.000    999.000    999.000
    I03                1.000      0.000    999.000    999.000
    I05                1.000      0.000    999.000    999.000

Group ENG

 U01      BY
    I01                0.718      0.010     73.880      0.000

 U02      BY
    I02                0.769      0.010     76.101      0.000

 U03      BY
    I03                0.832      0.011     76.904      0.000

 U05      BY
    I05                0.789      0.010     77.901      0.000

 ETA      BY
    U01                1.000      0.000    999.000    999.000
    U02                1.000      0.000    999.000    999.000
    U03                1.000      0.000    999.000    999.000
    U05                1.000      0.000    999.000    999.000

 Means
    ETA                0.000      0.000    999.000    999.000

 Intercepts
    U01               -0.358      0.056     -6.443      0.000
    U02                0.086      0.054      1.586      0.113
    U03               -0.254      0.049     -5.149      0.000
    U05               -0.139      0.058     -2.412      0.016

 Thresholds
    I01$1             -1.487      0.033    -45.575      0.000
    I01$2             -0.784      0.027    -29.093      0.000
    I01$3              0.681      0.027     25.084      0.000
    I02$1             -1.794      0.043    -42.139      0.000
    I02$2             -0.981      0.033    -29.999      0.000
    I02$3              0.356      0.028     12.767      0.000
    I03$1             -1.747      0.033    -52.963      0.000
    I03$2             -1.016      0.029    -34.670      0.000
    I03$3              0.179      0.029      6.136      0.000
    I05$1             -1.618      0.035    -46.425      0.000
    I05$2             -0.946      0.033    -28.404      0.000
    I05$3              0.259      0.034      7.720      0.000

 Variances
    ETA                1.000      0.000    999.000    999.000

 Residual Variances
    U01              999.000    999.000    999.000    999.000
    U02              999.000    999.000    999.000    999.000
    U03              999.000    999.000    999.000    999.000
    U05              999.000    999.000    999.000    999.000

 Scales
    I01                1.000      0.000    999.000    999.000
    I02                1.000      0.000    999.000    999.000
    I03                1.000      0.000    999.000    999.000
    I05                1.000      0.000    999.000    999.000


R-SQUARE

Group CHL

    Observed                                        Two-Tailed   Residual
    Variable        Estimate       S.E.  Est./S.E.    P-Value    Variance

    I01                0.524      0.014     38.769      0.000      0.476
    I02                0.601      0.014     44.080      0.000      0.399
    I03                0.703      0.015     45.706      0.000      0.297
    I05                0.632      0.015     43.126      0.000      0.368

     Latent                                         Two-Tailed
    Variable        Estimate       S.E.  Est./S.E.    P-Value

    U01                1.000    999.000    999.000    999.000
    U02                1.000    999.000    999.000    999.000
    U03                1.000    999.000    999.000    999.000
    U05                1.000    999.000    999.000    999.000

Group ENG

    Observed                                        Two-Tailed   Residual
    Variable        Estimate       S.E.  Est./S.E.    P-Value    Variance

    I01                0.515      0.014     36.940      0.000      0.485
    I02                0.591      0.016     38.050      0.000      0.409
    I03                0.692      0.018     38.452      0.000      0.308
    I05                0.622      0.016     38.950      0.000      0.378

     Latent                                         Two-Tailed
    Variable        Estimate       S.E.  Est./S.E.    P-Value

    U01                1.000    999.000    999.000    999.000
    U02                1.000    999.000    999.000    999.000
    U03                1.000    999.000    999.000    999.000
    U05                1.000    999.000    999.000    999.000


CONFIDENCE INTERVALS OF MODEL RESULTS

                  Lower .5%  Lower 2.5%    Lower 5%    Estimate    Upper 5%  Upper 2.5%   Upper .5%

Group CHL

 U01      BY
    I01              1.000       1.000       1.000       1.000       1.000       1.000       1.000

 U02      BY
    I02              1.000       1.000       1.000       1.000       1.000       1.000       1.000

 U03      BY
    I03              1.000       1.000       1.000       1.000       1.000       1.000       1.000

 U05      BY
    I05              1.000       1.000       1.000       1.000       1.000       1.000       1.000

 ETA      BY
    U01              0.700       0.705       0.708       0.724       0.739       0.742       0.748
    U02              0.752       0.758       0.761       0.775       0.789       0.792       0.798
    U03              0.815       0.820       0.823       0.838       0.853       0.856       0.862
    U05              0.771       0.777       0.780       0.795       0.810       0.813       0.819

 Means
    ETA              0.000       0.000       0.000       0.000       0.000       0.000       0.000

 Intercepts
    U01              0.000       0.000       0.000       0.000       0.000       0.000       0.000
    U02              0.000       0.000       0.000       0.000       0.000       0.000       0.000
    U03              0.000       0.000       0.000       0.000       0.000       0.000       0.000
    U05              0.000       0.000       0.000       0.000       0.000       0.000       0.000

 Thresholds
    I01$1           -1.571      -1.551      -1.541      -1.487      -1.433      -1.423      -1.403
    I01$2           -0.853      -0.837      -0.828      -0.784      -0.740      -0.731      -0.715
    I01$3            0.611       0.628       0.637       0.681       0.726       0.735       0.751
    I02$1           -1.904      -1.878      -1.864      -1.794      -1.724      -1.711      -1.685
    I02$2           -1.065      -1.045      -1.035      -0.981      -0.927      -0.917      -0.897
    I02$3            0.285       0.302       0.311       0.356       0.402       0.411       0.428
    I03$1           -1.832      -1.811      -1.801      -1.747      -1.692      -1.682      -1.662
    I03$2           -1.091      -1.073      -1.064      -1.016      -0.968      -0.958      -0.940
    I03$3            0.104       0.122       0.131       0.179       0.227       0.236       0.254
    I05$1           -1.708      -1.686      -1.676      -1.618      -1.561      -1.550      -1.528
    I05$2           -1.032      -1.012      -1.001      -0.946      -0.891      -0.881      -0.860
    I05$3            0.173       0.193       0.204       0.259       0.314       0.325       0.346

 Variances
    ETA              1.000       1.000       1.000       1.000       1.000       1.000       1.000

 Residual Variances
    U01              0.000       0.000       0.000       0.000       0.000       0.000       0.000
    U02              0.000       0.000       0.000       0.000       0.000       0.000       0.000
    U03              0.000       0.000       0.000       0.000       0.000       0.000       0.000
    U05              0.000       0.000       0.000       0.000       0.000       0.000       0.000

 Scales
    I01              1.000       1.000       1.000       1.000       1.000       1.000       1.000
    I02              1.000       1.000       1.000       1.000       1.000       1.000       1.000
    I03              1.000       1.000       1.000       1.000       1.000       1.000       1.000
    I05              1.000       1.000       1.000       1.000       1.000       1.000       1.000

Group ENG

 U01      BY
    I01              1.000       1.000       1.000       1.000       1.000       1.000       1.000

 U02      BY
    I02              1.000       1.000       1.000       1.000       1.000       1.000       1.000

 U03      BY
    I03              1.000       1.000       1.000       1.000       1.000       1.000       1.000

 U05      BY
    I05              1.000       1.000       1.000       1.000       1.000       1.000       1.000

 ETA      BY
    U01              0.700       0.705       0.708       0.724       0.739       0.742       0.748
    U02              0.752       0.758       0.761       0.775       0.789       0.792       0.798
    U03              0.815       0.820       0.823       0.838       0.853       0.856       0.862
    U05              0.771       0.777       0.780       0.795       0.810       0.813       0.819

 Means
    ETA              0.000       0.000       0.000       0.000       0.000       0.000       0.000

 Intercepts
    U01             -0.359      -0.334      -0.322      -0.257      -0.192      -0.180      -0.155
    U02             -0.041      -0.016      -0.003       0.066       0.135       0.148       0.173
    U03             -0.317      -0.292      -0.279      -0.211      -0.144      -0.131      -0.106
    U05             -0.227      -0.199      -0.184      -0.110      -0.035      -0.020       0.008

 Thresholds
    I01$1           -1.571      -1.551      -1.541      -1.487      -1.433      -1.423      -1.403
    I01$2           -0.853      -0.837      -0.828      -0.784      -0.740      -0.731      -0.715
    I01$3            0.611       0.628       0.637       0.681       0.726       0.735       0.751
    I02$1           -1.904      -1.878      -1.864      -1.794      -1.724      -1.711      -1.685
    I02$2           -1.065      -1.045      -1.035      -0.981      -0.927      -0.917      -0.897
    I02$3            0.285       0.302       0.311       0.356       0.402       0.411       0.428
    I03$1           -1.832      -1.811      -1.801      -1.747      -1.692      -1.682      -1.662
    I03$2           -1.091      -1.073      -1.064      -1.016      -0.968      -0.958      -0.940
    I03$3            0.104       0.122       0.131       0.179       0.227       0.236       0.254
    I05$1           -1.708      -1.686      -1.676      -1.618      -1.561      -1.550      -1.528
    I05$2           -1.032      -1.012      -1.001      -0.946      -0.891      -0.881      -0.860
    I05$3            0.173       0.193       0.204       0.259       0.314       0.325       0.346

 Variances
    ETA              0.921       0.936       0.944       0.985       1.025       1.033       1.048

 Residual Variances
    U01              0.000       0.000       0.000       0.000       0.000       0.000       0.000
    U02              0.000       0.000       0.000       0.000       0.000       0.000       0.000
    U03              0.000       0.000       0.000       0.000       0.000       0.000       0.000
    U05              0.000       0.000       0.000       0.000       0.000       0.000       0.000

 Scales
    I01              1.000       1.000       1.000       1.000       1.000       1.000       1.000
    I02              1.000       1.000       1.000       1.000       1.000       1.000       1.000
    I03              1.000       1.000       1.000       1.000       1.000       1.000       1.000
    I05              1.000       1.000       1.000       1.000       1.000       1.000       1.000


CONFIDENCE INTERVALS OF STANDARDIZED MODEL RESULTS


STDYX Standardization

                  Lower .5%  Lower 2.5%    Lower 5%    Estimate    Upper 5%  Upper 2.5%   Upper .5%

Group CHL

 U01      BY
    I01              0.700       0.705       0.708       0.724       0.739       0.742       0.748

 U02      BY
    I02              0.752       0.758       0.761       0.775       0.789       0.792       0.798

 U03      BY
    I03              0.815       0.820       0.823       0.838       0.853       0.856       0.862

 U05      BY
    I05              0.771       0.777       0.780       0.795       0.810       0.813       0.819

 ETA      BY
    U01              1.000       1.000       1.000       1.000       1.000       1.000       1.000
    U02              1.000       1.000       1.000       1.000       1.000       1.000       1.000
    U03              1.000       1.000       1.000       1.000       1.000       1.000       1.000
    U05              1.000       1.000       1.000       1.000       1.000       1.000       1.000

 Means
    ETA              0.000       0.000       0.000       0.000       0.000       0.000       0.000

 Intercepts
    U01              0.000       0.000       0.000       0.000       0.000       0.000       0.000
    U02              0.000       0.000       0.000       0.000       0.000       0.000       0.000
    U03              0.000       0.000       0.000       0.000       0.000       0.000       0.000
    U05              0.000       0.000       0.000       0.000       0.000       0.000       0.000

 Thresholds
    I01$1           -1.571      -1.551      -1.541      -1.487      -1.433      -1.423      -1.403
    I01$2           -0.853      -0.837      -0.828      -0.784      -0.740      -0.731      -0.715
    I01$3            0.611       0.628       0.637       0.681       0.726       0.735       0.751
    I02$1           -1.904      -1.878      -1.864      -1.794      -1.724      -1.711      -1.685
    I02$2           -1.065      -1.045      -1.035      -0.981      -0.927      -0.917      -0.897
    I02$3            0.285       0.302       0.311       0.356       0.402       0.411       0.428
    I03$1           -1.832      -1.811      -1.801      -1.747      -1.692      -1.682      -1.662
    I03$2           -1.091      -1.073      -1.064      -1.016      -0.968      -0.958      -0.940
    I03$3            0.104       0.122       0.131       0.179       0.227       0.236       0.254
    I05$1           -1.708      -1.686      -1.676      -1.618      -1.561      -1.550      -1.528
    I05$2           -1.032      -1.012      -1.001      -0.946      -0.891      -0.881      -0.860
    I05$3            0.173       0.193       0.204       0.259       0.314       0.325       0.346

 Variances
    ETA              1.000       1.000       1.000       1.000       1.000       1.000       1.000

 Residual Variances
    U01            999.000     999.000     999.000       0.000     999.000     999.000     999.000
    U02            999.000     999.000     999.000       0.000     999.000     999.000     999.000
    U03            999.000     999.000     999.000       0.000     999.000     999.000     999.000
    U05            999.000     999.000     999.000       0.000     999.000     999.000     999.000

 Scales
    I01              1.000       1.000       1.000       1.000       1.000       1.000       1.000
    I02              1.000       1.000       1.000       1.000       1.000       1.000       1.000
    I03              1.000       1.000       1.000       1.000       1.000       1.000       1.000
    I05              1.000       1.000       1.000       1.000       1.000       1.000       1.000

Group ENG

 U01      BY
    I01              0.693       0.699       0.702       0.718       0.734       0.737       0.743

 U02      BY
    I02              0.743       0.749       0.752       0.769       0.786       0.789       0.795

 U03      BY
    I03              0.804       0.810       0.814       0.832       0.849       0.853       0.860

 U05      BY
    I05              0.763       0.769       0.772       0.789       0.805       0.809       0.815

 ETA      BY
    U01              1.000       1.000       1.000       1.000       1.000       1.000       1.000
    U02              1.000       1.000       1.000       1.000       1.000       1.000       1.000
    U03              1.000       1.000       1.000       1.000       1.000       1.000       1.000
    U05              1.000       1.000       1.000       1.000       1.000       1.000       1.000

 Means
    ETA              0.000       0.000       0.000       0.000       0.000       0.000       0.000

 Intercepts
    U01             -0.501      -0.467      -0.449      -0.358      -0.267      -0.249      -0.215
    U02             -0.054      -0.020      -0.003       0.086       0.175       0.192       0.225
    U03             -0.381      -0.351      -0.335      -0.254      -0.173      -0.157      -0.127
    U05             -0.287      -0.252      -0.234      -0.139      -0.044      -0.026       0.009

 Thresholds
    I01$1           -1.571      -1.551      -1.541      -1.487      -1.433      -1.423      -1.403
    I01$2           -0.853      -0.837      -0.828      -0.784      -0.740      -0.731      -0.715
    I01$3            0.611       0.628       0.637       0.681       0.726       0.735       0.751
    I02$1           -1.904      -1.878      -1.864      -1.794      -1.724      -1.711      -1.685
    I02$2           -1.065      -1.045      -1.035      -0.981      -0.927      -0.917      -0.897
    I02$3            0.285       0.302       0.311       0.356       0.402       0.411       0.428
    I03$1           -1.832      -1.811      -1.801      -1.747      -1.692      -1.682      -1.662
    I03$2           -1.091      -1.073      -1.064      -1.016      -0.968      -0.958      -0.940
    I03$3            0.104       0.122       0.131       0.179       0.227       0.236       0.254
    I05$1           -1.708      -1.686      -1.676      -1.618      -1.561      -1.550      -1.528
    I05$2           -1.032      -1.012      -1.001      -0.946      -0.891      -0.881      -0.860
    I05$3            0.173       0.193       0.204       0.259       0.314       0.325       0.346

 Variances
    ETA              1.000       1.000       1.000       1.000       1.000       1.000       1.000

 Residual Variances
    U01            999.000     999.000     999.000       0.000     999.000     999.000     999.000
    U02            999.000     999.000     999.000       0.000     999.000     999.000     999.000
    U03            999.000     999.000     999.000       0.000     999.000     999.000     999.000
    U05            999.000     999.000     999.000       0.000     999.000     999.000     999.000

 Scales
    I01              1.000       1.000       1.000       1.000       1.000       1.000       1.000
    I02              1.000       1.000       1.000       1.000       1.000       1.000       1.000
    I03              1.000       1.000       1.000       1.000       1.000       1.000       1.000
    I05              1.000       1.000       1.000       1.000       1.000       1.000       1.000


STDY Standardization

                  Lower .5%  Lower 2.5%    Lower 5%    Estimate    Upper 5%  Upper 2.5%   Upper .5%

Group CHL

 U01      BY
    I01              0.700       0.705       0.708       0.724       0.739       0.742       0.748

 U02      BY
    I02              0.752       0.758       0.761       0.775       0.789       0.792       0.798

 U03      BY
    I03              0.815       0.820       0.823       0.838       0.853       0.856       0.862

 U05      BY
    I05              0.771       0.777       0.780       0.795       0.810       0.813       0.819

 ETA      BY
    U01              1.000       1.000       1.000       1.000       1.000       1.000       1.000
    U02              1.000       1.000       1.000       1.000       1.000       1.000       1.000
    U03              1.000       1.000       1.000       1.000       1.000       1.000       1.000
    U05              1.000       1.000       1.000       1.000       1.000       1.000       1.000

 Means
    ETA              0.000       0.000       0.000       0.000       0.000       0.000       0.000

 Intercepts
    U01              0.000       0.000       0.000       0.000       0.000       0.000       0.000
    U02              0.000       0.000       0.000       0.000       0.000       0.000       0.000
    U03              0.000       0.000       0.000       0.000       0.000       0.000       0.000
    U05              0.000       0.000       0.000       0.000       0.000       0.000       0.000

 Thresholds
    I01$1           -1.571      -1.551      -1.541      -1.487      -1.433      -1.423      -1.403
    I01$2           -0.853      -0.837      -0.828      -0.784      -0.740      -0.731      -0.715
    I01$3            0.611       0.628       0.637       0.681       0.726       0.735       0.751
    I02$1           -1.904      -1.878      -1.864      -1.794      -1.724      -1.711      -1.685
    I02$2           -1.065      -1.045      -1.035      -0.981      -0.927      -0.917      -0.897
    I02$3            0.285       0.302       0.311       0.356       0.402       0.411       0.428
    I03$1           -1.832      -1.811      -1.801      -1.747      -1.692      -1.682      -1.662
    I03$2           -1.091      -1.073      -1.064      -1.016      -0.968      -0.958      -0.940
    I03$3            0.104       0.122       0.131       0.179       0.227       0.236       0.254
    I05$1           -1.708      -1.686      -1.676      -1.618      -1.561      -1.550      -1.528
    I05$2           -1.032      -1.012      -1.001      -0.946      -0.891      -0.881      -0.860
    I05$3            0.173       0.193       0.204       0.259       0.314       0.325       0.346

 Variances
    ETA              1.000       1.000       1.000       1.000       1.000       1.000       1.000

 Residual Variances
    U01            999.000     999.000     999.000     999.000     999.000     999.000     999.000
    U02            999.000     999.000     999.000     999.000     999.000     999.000     999.000
    U03            999.000     999.000     999.000     999.000     999.000     999.000     999.000
    U05            999.000     999.000     999.000     999.000     999.000     999.000     999.000

 Scales
    I01              1.000       1.000       1.000       1.000       1.000       1.000       1.000
    I02              1.000       1.000       1.000       1.000       1.000       1.000       1.000
    I03              1.000       1.000       1.000       1.000       1.000       1.000       1.000
    I05              1.000       1.000       1.000       1.000       1.000       1.000       1.000

Group ENG

 U01      BY
    I01              0.693       0.699       0.702       0.718       0.734       0.737       0.743

 U02      BY
    I02              0.743       0.749       0.752       0.769       0.786       0.789       0.795

 U03      BY
    I03              0.804       0.810       0.814       0.832       0.849       0.853       0.860

 U05      BY
    I05              0.763       0.769       0.772       0.789       0.805       0.809       0.815

 ETA      BY
    U01              1.000       1.000       1.000       1.000       1.000       1.000       1.000
    U02              1.000       1.000       1.000       1.000       1.000       1.000       1.000
    U03              1.000       1.000       1.000       1.000       1.000       1.000       1.000
    U05              1.000       1.000       1.000       1.000       1.000       1.000       1.000

 Means
    ETA              0.000       0.000       0.000       0.000       0.000       0.000       0.000

 Intercepts
    U01             -0.501      -0.467      -0.449      -0.358      -0.267      -0.249      -0.215
    U02             -0.054      -0.020      -0.003       0.086       0.175       0.192       0.225
    U03             -0.381      -0.351      -0.335      -0.254      -0.173      -0.157      -0.127
    U05             -0.287      -0.252      -0.234      -0.139      -0.044      -0.026       0.009

 Thresholds
    I01$1           -1.571      -1.551      -1.541      -1.487      -1.433      -1.423      -1.403
    I01$2           -0.853      -0.837      -0.828      -0.784      -0.740      -0.731      -0.715
    I01$3            0.611       0.628       0.637       0.681       0.726       0.735       0.751
    I02$1           -1.904      -1.878      -1.864      -1.794      -1.724      -1.711      -1.685
    I02$2           -1.065      -1.045      -1.035      -0.981      -0.927      -0.917      -0.897
    I02$3            0.285       0.302       0.311       0.356       0.402       0.411       0.428
    I03$1           -1.832      -1.811      -1.801      -1.747      -1.692      -1.682      -1.662
    I03$2           -1.091      -1.073      -1.064      -1.016      -0.968      -0.958      -0.940
    I03$3            0.104       0.122       0.131       0.179       0.227       0.236       0.254
    I05$1           -1.708      -1.686      -1.676      -1.618      -1.561      -1.550      -1.528
    I05$2           -1.032      -1.012      -1.001      -0.946      -0.891      -0.881      -0.860
    I05$3            0.173       0.193       0.204       0.259       0.314       0.325       0.346

 Variances
    ETA              1.000       1.000       1.000       1.000       1.000       1.000       1.000

 Residual Variances
    U01            999.000     999.000     999.000     999.000     999.000     999.000     999.000
    U02            999.000     999.000     999.000     999.000     999.000     999.000     999.000
    U03            999.000     999.000     999.000     999.000     999.000     999.000     999.000
    U05            999.000     999.000     999.000     999.000     999.000     999.000     999.000

 Scales
    I01              1.000       1.000       1.000       1.000       1.000       1.000       1.000
    I02              1.000       1.000       1.000       1.000       1.000       1.000       1.000
    I03              1.000       1.000       1.000       1.000       1.000       1.000       1.000
    I05              1.000       1.000       1.000       1.000       1.000       1.000       1.000


STD Standardization

                  Lower .5%  Lower 2.5%    Lower 5%    Estimate    Upper 5%  Upper 2.5%   Upper .5%

Group CHL

 U01      BY
    I01              0.700       0.705       0.708       0.724       0.739       0.742       0.748

 U02      BY
    I02              0.752       0.758       0.761       0.775       0.789       0.792       0.798

 U03      BY
    I03              0.815       0.820       0.823       0.838       0.853       0.856       0.862

 U05      BY
    I05              0.771       0.777       0.780       0.795       0.810       0.813       0.819

 ETA      BY
    U01              1.000       1.000       1.000       1.000       1.000       1.000       1.000
    U02              1.000       1.000       1.000       1.000       1.000       1.000       1.000
    U03              1.000       1.000       1.000       1.000       1.000       1.000       1.000
    U05              1.000       1.000       1.000       1.000       1.000       1.000       1.000

 Means
    ETA              0.000       0.000       0.000       0.000       0.000       0.000       0.000

 Intercepts
    U01              0.000       0.000       0.000       0.000       0.000       0.000       0.000
    U02              0.000       0.000       0.000       0.000       0.000       0.000       0.000
    U03              0.000       0.000       0.000       0.000       0.000       0.000       0.000
    U05              0.000       0.000       0.000       0.000       0.000       0.000       0.000

 Thresholds
    I01$1           -1.571      -1.551      -1.541      -1.487      -1.433      -1.423      -1.403
    I01$2           -0.853      -0.837      -0.828      -0.784      -0.740      -0.731      -0.715
    I01$3            0.611       0.628       0.637       0.681       0.726       0.735       0.751
    I02$1           -1.904      -1.878      -1.864      -1.794      -1.724      -1.711      -1.685
    I02$2           -1.065      -1.045      -1.035      -0.981      -0.927      -0.917      -0.897
    I02$3            0.285       0.302       0.311       0.356       0.402       0.411       0.428
    I03$1           -1.832      -1.811      -1.801      -1.747      -1.692      -1.682      -1.662
    I03$2           -1.091      -1.073      -1.064      -1.016      -0.968      -0.958      -0.940
    I03$3            0.104       0.122       0.131       0.179       0.227       0.236       0.254
    I05$1           -1.708      -1.686      -1.676      -1.618      -1.561      -1.550      -1.528
    I05$2           -1.032      -1.012      -1.001      -0.946      -0.891      -0.881      -0.860
    I05$3            0.173       0.193       0.204       0.259       0.314       0.325       0.346

 Variances
    ETA              1.000       1.000       1.000       1.000       1.000       1.000       1.000

 Residual Variances
    U01            999.000     999.000     999.000     999.000     999.000     999.000     999.000
    U02            999.000     999.000     999.000     999.000     999.000     999.000     999.000
    U03            999.000     999.000     999.000     999.000     999.000     999.000     999.000
    U05            999.000     999.000     999.000     999.000     999.000     999.000     999.000

 Scales
    I01              1.000       1.000       1.000       1.000       1.000       1.000       1.000
    I02              1.000       1.000       1.000       1.000       1.000       1.000       1.000
    I03              1.000       1.000       1.000       1.000       1.000       1.000       1.000
    I05              1.000       1.000       1.000       1.000       1.000       1.000       1.000

Group ENG

 U01      BY
    I01              0.693       0.699       0.702       0.718       0.734       0.737       0.743

 U02      BY
    I02              0.743       0.749       0.752       0.769       0.786       0.789       0.795

 U03      BY
    I03              0.804       0.810       0.814       0.832       0.849       0.853       0.860

 U05      BY
    I05              0.763       0.769       0.772       0.789       0.805       0.809       0.815

 ETA      BY
    U01              1.000       1.000       1.000       1.000       1.000       1.000       1.000
    U02              1.000       1.000       1.000       1.000       1.000       1.000       1.000
    U03              1.000       1.000       1.000       1.000       1.000       1.000       1.000
    U05              1.000       1.000       1.000       1.000       1.000       1.000       1.000

 Means
    ETA              0.000       0.000       0.000       0.000       0.000       0.000       0.000

 Intercepts
    U01             -0.501      -0.467      -0.449      -0.358      -0.267      -0.249      -0.215
    U02             -0.054      -0.020      -0.003       0.086       0.175       0.192       0.225
    U03             -0.381      -0.351      -0.335      -0.254      -0.173      -0.157      -0.127
    U05             -0.287      -0.252      -0.234      -0.139      -0.044      -0.026       0.009

 Thresholds
    I01$1           -1.571      -1.551      -1.541      -1.487      -1.433      -1.423      -1.403
    I01$2           -0.853      -0.837      -0.828      -0.784      -0.740      -0.731      -0.715
    I01$3            0.611       0.628       0.637       0.681       0.726       0.735       0.751
    I02$1           -1.904      -1.878      -1.864      -1.794      -1.724      -1.711      -1.685
    I02$2           -1.065      -1.045      -1.035      -0.981      -0.927      -0.917      -0.897
    I02$3            0.285       0.302       0.311       0.356       0.402       0.411       0.428
    I03$1           -1.832      -1.811      -1.801      -1.747      -1.692      -1.682      -1.662
    I03$2           -1.091      -1.073      -1.064      -1.016      -0.968      -0.958      -0.940
    I03$3            0.104       0.122       0.131       0.179       0.227       0.236       0.254
    I05$1           -1.708      -1.686      -1.676      -1.618      -1.561      -1.550      -1.528
    I05$2           -1.032      -1.012      -1.001      -0.946      -0.891      -0.881      -0.860
    I05$3            0.173       0.193       0.204       0.259       0.314       0.325       0.346

 Variances
    ETA              1.000       1.000       1.000       1.000       1.000       1.000       1.000

 Residual Variances
    U01            999.000     999.000     999.000     999.000     999.000     999.000     999.000
    U02            999.000     999.000     999.000     999.000     999.000     999.000     999.000
    U03            999.000     999.000     999.000     999.000     999.000     999.000     999.000
    U05            999.000     999.000     999.000     999.000     999.000     999.000     999.000

 Scales
    I01              1.000       1.000       1.000       1.000       1.000       1.000       1.000
    I02              1.000       1.000       1.000       1.000       1.000       1.000       1.000
    I03              1.000       1.000       1.000       1.000       1.000       1.000       1.000
    I05              1.000       1.000       1.000       1.000       1.000       1.000       1.000


MODEL COMMAND WITH FINAL ESTIMATES USED AS STARTING VALUES

     u01 BY i01;
     u02 BY i02;
     u03 BY i03;
     u05 BY i05;
     eta BY u01;
     eta BY u02;
     eta BY u03;
     eta BY u05;

  MODEL CHL:

     u01 BY i01@1;
     u02 BY i02@1;
     u03 BY i03@1;
     u05 BY i05@1;

     eta BY u01*0.72355 (l01);
     eta BY u02*0.77499 (l02);
     eta BY u03*0.83821 (l03);
     eta BY u05*0.79487 (l05);

     [ u01@0 ];
     [ u02@0 ];
     [ u03@0 ];
     [ u05@0 ];
     [ eta@0 ];

     [ i01$1*-1.48688 ] (t01);
     [ i01$2*-0.78395 ] (t02);
     [ i01$3*0.68136 ] (t03);
     [ i02$1*-1.79442 ] (t04);
     [ i02$2*-0.98109 ] (t05);
     [ i02$3*0.35643 ] (t06);
     [ i03$1*-1.74665 ] (t07);
     [ i03$2*-1.01591 ] (t08);
     [ i03$3*0.17912 ] (t09);
     [ i05$1*-1.61817 ] (t10);
     [ i05$2*-0.94628 ] (t11);
     [ i05$3*0.25915 ] (t12);

     u01@0;
     u02@0;
     u03@0;
     u05@0;
     eta@1;

     { i01@1 };
     { i02@1 };
     { i03@1 };
     { i05@1 };

  MODEL ENG:

     u01 BY i01@1;
     u02 BY i02@1;
     u03 BY i03@1;
     u05 BY i05@1;

     eta BY u01*0.72355 (l01);
     eta BY u02*0.77499 (l02);
     eta BY u03*0.83821 (l03);
     eta BY u05*0.79487 (l05);

     [ u01*-0.25705 ];
     [ u02*0.06605 ];
     [ u03*-0.21136 ];
     [ u05*-0.10953 ];
     [ eta@0 ];

     [ i01$1*-1.48688 ] (t01);
     [ i01$2*-0.78395 ] (t02);
     [ i01$3*0.68136 ] (t03);
     [ i02$1*-1.79442 ] (t04);
     [ i02$2*-0.98109 ] (t05);
     [ i02$3*0.35643 ] (t06);
     [ i03$1*-1.74665 ] (t07);
     [ i03$2*-1.01591 ] (t08);
     [ i03$3*0.17912 ] (t09);
     [ i05$1*-1.61817 ] (t10);
     [ i05$2*-0.94628 ] (t11);
     [ i05$3*0.25915 ] (t12);

     u01@0;
     u02@0;
     u03@0;
     u05@0;
     eta*0.98450;

     { i01@1 };
     { i02@1 };
     { i03@1 };
     { i05@1 };



RESIDUAL OUTPUT


     ESTIMATED MODEL AND RESIDUALS (OBSERVED - ESTIMATED) FOR CHL


           Model Estimated Means/Intercepts/Thresholds
              I01$1         I01$2         I01$3         I02$1         I02$2
              ________      ________      ________      ________      ________
               -1.487        -0.784         0.681        -1.794        -0.981


           Model Estimated Means/Intercepts/Thresholds
              I02$3         I03$1         I03$2         I03$3         I05$1
              ________      ________      ________      ________      ________
                0.356        -1.747        -1.016         0.179        -1.618


           Model Estimated Means/Intercepts/Thresholds
              I05$2         I05$3
              ________      ________
               -0.946         0.259


           Residuals for Means/Intercepts/Thresholds
              I01$1         I01$2         I01$3         I02$1         I02$2
              ________      ________      ________      ________      ________
               -0.036        -0.023         0.045        -0.122        -0.075


           Residuals for Means/Intercepts/Thresholds
              I02$3         I03$1         I03$2         I03$3         I05$1
              ________      ________      ________      ________      ________
                0.083        -0.039        -0.014         0.041        -0.005


           Residuals for Means/Intercepts/Thresholds
              I05$2         I05$3
              ________      ________
                0.013        -0.008


           Model Estimated Covariances/Correlations/Residual Correlations
              I01           I02           I03           I05
              ________      ________      ________      ________
 I01
 I02            0.561
 I03            0.606         0.650
 I05            0.575         0.616         0.666


           Residuals for Covariances/Correlations/Residual Correlations
              I01           I02           I03           I05
              ________      ________      ________      ________
 I01
 I02            0.008
 I03           -0.044         0.027
 I05           -0.001        -0.020         0.004


     ESTIMATED MODEL AND RESIDUALS (OBSERVED - ESTIMATED) FOR ENG


           Model Estimated Means/Intercepts/Thresholds
              I01$1         I01$2         I01$3         I02$1         I02$2
              ________      ________      ________      ________      ________
               -1.230        -0.527         0.938        -1.860        -1.047


           Model Estimated Means/Intercepts/Thresholds
              I02$3         I03$1         I03$2         I03$3         I05$1
              ________      ________      ________      ________      ________
                0.290        -1.535        -0.805         0.390        -1.509


           Model Estimated Means/Intercepts/Thresholds
              I05$2         I05$3
              ________      ________
               -0.837         0.369


           Residuals for Means/Intercepts/Thresholds
              I01$1         I01$2         I01$3         I02$1         I02$2
              ________      ________      ________      ________      ________
                0.034         0.034        -0.058         0.151         0.066


           Residuals for Means/Intercepts/Thresholds
              I02$3         I03$1         I03$2         I03$3         I05$1
              ________      ________      ________      ________      ________
               -0.085         0.039         0.016        -0.048         0.006


           Residuals for Means/Intercepts/Thresholds
              I05$2         I05$3
              ________      ________
               -0.015         0.010


           Model Estimated Covariances/Correlations/Residual Correlations
              I01           I02           I03           I05
              ________      ________      ________      ________
 I01
 I02            0.552
 I03            0.597         0.640
 I05            0.566         0.606         0.656


           Residuals for Covariances/Correlations/Residual Correlations
              I01           I02           I03           I05
              ________      ________      ________      ________
 I01
 I02           -0.013
 I03            0.000        -0.012
 I05            0.045        -0.005        -0.007


SAVEDATA INFORMATION

     Factor scores were not computed.
     No data were saved.


PLOT INFORMATION

The following plots are available:

  Sample proportions and estimated probabilities
  Item characteristic curves
  Information curves
  Measurement parameter plots

     Beginning Time:  03:45:09
        Ending Time:  03:45:09
       Elapsed Time:  00:00:00



MUTHEN & MUTHEN
3463 Stoner Ave.
Los Angeles, CA  90066

Tel: (310) 391-9971
Fax: (310) 391-8971
Web: www.StatModel.com
Support: Support@StatModel.com

Copyright (c) 1998-2024 Muthen & Muthen
